<?xml version="1.0" encoding="UTF-8"?>
<TestRun id="63051d3a-165b-415c-bc3d-2ea7987c094c" name="mark.yates@OPP-0351 2010-06-30 13:19:32" runUser="OPP-LINKS\mark.yates" xmlns="http://microsoft.com/schemas/VisualStudio/TeamTest/2010">
  <TestSettings name="Local" id="2b388358-6315-4145-a2b9-4d891e7ea305">
    <Description>These are default test settings for a local test run.</Description>
    <Deployment enabled="false" runDeploymentRoot="mark.yates_OPP-0351 2010-06-30 13_19_32" />
    <Execution>
      <TestTypeSpecific />
      <AgentRule name="Execution Agents">
      </AgentRule>
    </Execution>
  </TestSettings>
  <Times creation="2010-06-30T13:19:32.9611969+01:00" queuing="2010-06-30T13:19:33.2737029+01:00" start="2010-06-30T13:19:33.4924571+01:00" finish="2010-06-30T13:19:33.8049631+01:00" />
  <ResultSummary outcome="Completed">
    <Counters total="17" executed="17" passed="17" error="0" failed="0" timeout="0" aborted="0" inconclusive="0" passedButRunAborted="0" notRunnable="0" notExecuted="0" disconnected="0" warning="0" completed="0" inProgress="0" pending="0" />
  </ResultSummary>
  <TestDefinitions>
    <UnitTest name="DomainEntity_Has_Expected_Business_Signature_Properties" storage="c:\projects\groove\groove.domain.tests\bin\debug\groove.domain.tests.dll" id="0a9e09dd-eac6-0095-add5-f1bbcdef9a2a">
      <Execution timeOut="1800000" id="0529b113-a94e-4ca7-b38e-6093d4ce3898" />
      <TestMethod codeBase="C:/Projects/Groove/Groove.Domain.Tests/bin/Debug/Groove.Domain.Tests.DLL" adapterTypeName="Microsoft.VisualStudio.TestTools.TestTypes.Unit.UnitTestAdapter, Microsoft.VisualStudio.QualityTools.Tips.UnitTest.Adapter, Version=10.0.0.0, Culture=neutral, PublicKeyToken=b03f5f7f11d50a3a" className="Groove.Domain.Tests.Entities.DomainEntityTests, Groove.Domain.Tests, Version=1.0.0.0, Culture=neutral, PublicKeyToken=c3b9e58c04c63546" name="DomainEntity_Has_Expected_Business_Signature_Properties" />
    </UnitTest>
    <UnitTest name="DomainEntities_Are_Equal_If_They_Are_Not_Transient_And_Have_The_Same_Identifier" storage="c:\projects\groove\groove.domain.tests\bin\debug\groove.domain.tests.dll" id="bcec9410-4c5e-1846-6f3c-c94a1006e7d5">
      <Execution timeOut="1800000" id="8bf63764-c3ec-4422-9045-b4cae95bb241" />
      <TestMethod codeBase="C:/Projects/Groove/Groove.Domain.Tests/bin/Debug/Groove.Domain.Tests.DLL" adapterTypeName="Microsoft.VisualStudio.TestTools.TestTypes.Unit.UnitTestAdapter, Microsoft.VisualStudio.QualityTools.Tips.UnitTest.Adapter, Version=10.0.0.0, Culture=neutral, PublicKeyToken=b03f5f7f11d50a3a" className="Groove.Domain.Tests.Entities.DomainEntityTests, Groove.Domain.Tests, Version=1.0.0.0, Culture=neutral, PublicKeyToken=c3b9e58c04c63546" name="DomainEntities_Are_Equal_If_They_Are_Not_Transient_And_Have_The_Same_Identifier" />
    </UnitTest>
    <UnitTest name="DomainEntities_Do_Not_Have_The_Same_Hashcode_If_They_Are_Transient_And_Have_Different_Business_Signatures" storage="c:\projects\groove\groove.domain.tests\bin\debug\groove.domain.tests.dll" id="a805cd9f-82c4-624e-baa8-7c5d0e09d109">
      <Execution timeOut="1800000" id="e1fc2ff2-d78d-4956-ae7d-135d86f6d8c2" />
      <TestMethod codeBase="C:/Projects/Groove/Groove.Domain.Tests/bin/Debug/Groove.Domain.Tests.DLL" adapterTypeName="Microsoft.VisualStudio.TestTools.TestTypes.Unit.UnitTestAdapter, Microsoft.VisualStudio.QualityTools.Tips.UnitTest.Adapter, Version=10.0.0.0, Culture=neutral, PublicKeyToken=b03f5f7f11d50a3a" className="Groove.Domain.Tests.Entities.DomainEntityTests, Groove.Domain.Tests, Version=1.0.0.0, Culture=neutral, PublicKeyToken=c3b9e58c04c63546" name="DomainEntities_Do_Not_Have_The_Same_Hashcode_If_They_Are_Transient_And_Have_Different_Business_Signatures" />
    </UnitTest>
    <UnitTest name="DomainEntity_With_Default_Value_Identifier_Is_Transient" storage="c:\projects\groove\groove.domain.tests\bin\debug\groove.domain.tests.dll" id="d809f0ea-5025-ef8f-d0d6-d1e4843c4e76">
      <Execution timeOut="1800000" id="e175a39a-3014-473b-9c84-50a4b801d79a" />
      <TestMethod codeBase="C:/Projects/Groove/Groove.Domain.Tests/bin/Debug/Groove.Domain.Tests.DLL" adapterTypeName="Microsoft.VisualStudio.TestTools.TestTypes.Unit.UnitTestAdapter, Microsoft.VisualStudio.QualityTools.Tips.UnitTest.Adapter, Version=10.0.0.0, Culture=neutral, PublicKeyToken=b03f5f7f11d50a3a" className="Groove.Domain.Tests.Entities.DomainEntityTests, Groove.Domain.Tests, Version=1.0.0.0, Culture=neutral, PublicKeyToken=c3b9e58c04c63546" name="DomainEntity_With_Default_Value_Identifier_Is_Transient" />
    </UnitTest>
    <UnitTest name="DomainEntity_Business_Signature_Does_Not_Change_When_Non_Signature_Property_Values_Change" storage="c:\projects\groove\groove.domain.tests\bin\debug\groove.domain.tests.dll" id="1920a1d9-6477-aad3-7eab-201430ae59ce">
      <Execution timeOut="1800000" id="d4d3effc-80ff-4ae3-bef9-e557eccc8e63" />
      <TestMethod codeBase="C:/Projects/Groove/Groove.Domain.Tests/bin/Debug/Groove.Domain.Tests.DLL" adapterTypeName="Microsoft.VisualStudio.TestTools.TestTypes.Unit.UnitTestAdapter, Microsoft.VisualStudio.QualityTools.Tips.UnitTest.Adapter, Version=10.0.0.0, Culture=neutral, PublicKeyToken=b03f5f7f11d50a3a" className="Groove.Domain.Tests.Entities.DomainEntityTests, Groove.Domain.Tests, Version=1.0.0.0, Culture=neutral, PublicKeyToken=c3b9e58c04c63546" name="DomainEntity_Business_Signature_Does_Not_Change_When_Non_Signature_Property_Values_Change" />
    </UnitTest>
    <UnitTest name="DomainEntities_Do_Not_Have_The_Same_Hashcode_If_They_Are_Not_Transient_And_Have_Different_Identifiers" storage="c:\projects\groove\groove.domain.tests\bin\debug\groove.domain.tests.dll" id="1a82b24e-27a4-4c87-67bc-d8e85d3c511d">
      <Execution timeOut="1800000" id="1c0a2170-65db-44a7-9b08-4d33ce2c1211" />
      <TestMethod codeBase="C:/Projects/Groove/Groove.Domain.Tests/bin/Debug/Groove.Domain.Tests.DLL" adapterTypeName="Microsoft.VisualStudio.TestTools.TestTypes.Unit.UnitTestAdapter, Microsoft.VisualStudio.QualityTools.Tips.UnitTest.Adapter, Version=10.0.0.0, Culture=neutral, PublicKeyToken=b03f5f7f11d50a3a" className="Groove.Domain.Tests.Entities.DomainEntityTests, Groove.Domain.Tests, Version=1.0.0.0, Culture=neutral, PublicKeyToken=c3b9e58c04c63546" name="DomainEntities_Do_Not_Have_The_Same_Hashcode_If_They_Are_Not_Transient_And_Have_Different_Identifiers" />
    </UnitTest>
    <UnitTest name="DomainEntities_Do_Not_Have_The_Same_Hascode_If_They_Are_Not_Of_The_Same_Type_And_Transient" storage="c:\projects\groove\groove.domain.tests\bin\debug\groove.domain.tests.dll" id="d99bb741-bc79-c885-6784-0d8b8ce84b84">
      <Execution timeOut="1800000" id="2209c83e-3e02-4690-b6bb-800b9f518ba6" />
      <TestMethod codeBase="C:/Projects/Groove/Groove.Domain.Tests/bin/Debug/Groove.Domain.Tests.DLL" adapterTypeName="Microsoft.VisualStudio.TestTools.TestTypes.Unit.UnitTestAdapter, Microsoft.VisualStudio.QualityTools.Tips.UnitTest.Adapter, Version=10.0.0.0, Culture=neutral, PublicKeyToken=b03f5f7f11d50a3a" className="Groove.Domain.Tests.Entities.DomainEntityTests, Groove.Domain.Tests, Version=1.0.0.0, Culture=neutral, PublicKeyToken=c3b9e58c04c63546" name="DomainEntities_Do_Not_Have_The_Same_Hascode_If_They_Are_Not_Of_The_Same_Type_And_Transient" />
    </UnitTest>
    <UnitTest name="DomainEntities_Have_The_Same_Hashcode_If_They_Are_Transient_And_Have_The_Same_Business_Signature" storage="c:\projects\groove\groove.domain.tests\bin\debug\groove.domain.tests.dll" id="0694b641-f0ee-240f-009b-db7e4c15e7cf">
      <Execution timeOut="1800000" id="13ebd531-84c9-4c68-9148-3351cbe004ff" />
      <TestMethod codeBase="C:/Projects/Groove/Groove.Domain.Tests/bin/Debug/Groove.Domain.Tests.DLL" adapterTypeName="Microsoft.VisualStudio.TestTools.TestTypes.Unit.UnitTestAdapter, Microsoft.VisualStudio.QualityTools.Tips.UnitTest.Adapter, Version=10.0.0.0, Culture=neutral, PublicKeyToken=b03f5f7f11d50a3a" className="Groove.Domain.Tests.Entities.DomainEntityTests, Groove.Domain.Tests, Version=1.0.0.0, Culture=neutral, PublicKeyToken=c3b9e58c04c63546" name="DomainEntities_Have_The_Same_Hashcode_If_They_Are_Transient_And_Have_The_Same_Business_Signature" />
    </UnitTest>
    <UnitTest name="DomainEntity_Is_Initialised_With_Expected_Values" storage="c:\projects\groove\groove.domain.tests\bin\debug\groove.domain.tests.dll" id="bb1dc70f-d7e6-a67c-20d4-985035c8616c">
      <Execution timeOut="1800000" id="4af92ab3-d3c3-4b39-bcaa-e0f0e4c5fc72" />
      <TestMethod codeBase="C:/Projects/Groove/Groove.Domain.Tests/bin/Debug/Groove.Domain.Tests.DLL" adapterTypeName="Microsoft.VisualStudio.TestTools.TestTypes.Unit.UnitTestAdapter, Microsoft.VisualStudio.QualityTools.Tips.UnitTest.Adapter, Version=10.0.0.0, Culture=neutral, PublicKeyToken=b03f5f7f11d50a3a" className="Groove.Domain.Tests.Entities.DomainEntityTests, Groove.Domain.Tests, Version=1.0.0.0, Culture=neutral, PublicKeyToken=c3b9e58c04c63546" name="DomainEntity_Is_Initialised_With_Expected_Values" />
    </UnitTest>
    <UnitTest name="DomainEntities_Do_Not_Have_The_Same_Hascode_If_They_Are_Not_Of_The_Same_Type_Even_With_The_Same_Identifier" storage="c:\projects\groove\groove.domain.tests\bin\debug\groove.domain.tests.dll" id="18e72f22-afeb-7b66-938c-ae805a2e69c5">
      <Execution timeOut="1800000" id="e4dbf8d3-ba7b-49ed-9809-eacbf322ffd7" />
      <TestMethod codeBase="C:/Projects/Groove/Groove.Domain.Tests/bin/Debug/Groove.Domain.Tests.DLL" adapterTypeName="Microsoft.VisualStudio.TestTools.TestTypes.Unit.UnitTestAdapter, Microsoft.VisualStudio.QualityTools.Tips.UnitTest.Adapter, Version=10.0.0.0, Culture=neutral, PublicKeyToken=b03f5f7f11d50a3a" className="Groove.Domain.Tests.Entities.DomainEntityTests, Groove.Domain.Tests, Version=1.0.0.0, Culture=neutral, PublicKeyToken=c3b9e58c04c63546" name="DomainEntities_Do_Not_Have_The_Same_Hascode_If_They_Are_Not_Of_The_Same_Type_Even_With_The_Same_Identifier" />
    </UnitTest>
    <UnitTest name="DomainEntity_With_Non_Default_Identifier_Is_Not_Transient" storage="c:\projects\groove\groove.domain.tests\bin\debug\groove.domain.tests.dll" id="c0d094d6-c4be-3efa-5c36-6df1d3e85b64">
      <Execution timeOut="1800000" id="65a4b418-b4b1-41b7-a0dd-22a2496d611f" />
      <TestMethod codeBase="C:/Projects/Groove/Groove.Domain.Tests/bin/Debug/Groove.Domain.Tests.DLL" adapterTypeName="Microsoft.VisualStudio.TestTools.TestTypes.Unit.UnitTestAdapter, Microsoft.VisualStudio.QualityTools.Tips.UnitTest.Adapter, Version=10.0.0.0, Culture=neutral, PublicKeyToken=b03f5f7f11d50a3a" className="Groove.Domain.Tests.Entities.DomainEntityTests, Groove.Domain.Tests, Version=1.0.0.0, Culture=neutral, PublicKeyToken=c3b9e58c04c63546" name="DomainEntity_With_Non_Default_Identifier_Is_Not_Transient" />
    </UnitTest>
    <UnitTest name="DomainEntity_Business_Signature_Changes_When_Signature_Property_Values_Change" storage="c:\projects\groove\groove.domain.tests\bin\debug\groove.domain.tests.dll" id="af2683a9-3214-b8ba-a000-9e5ed7aeaa58">
      <Execution timeOut="1800000" id="73b6135a-3a69-486a-9d50-24e14e48bfc3" />
      <TestMethod codeBase="C:/Projects/Groove/Groove.Domain.Tests/bin/Debug/Groove.Domain.Tests.DLL" adapterTypeName="Microsoft.VisualStudio.TestTools.TestTypes.Unit.UnitTestAdapter, Microsoft.VisualStudio.QualityTools.Tips.UnitTest.Adapter, Version=10.0.0.0, Culture=neutral, PublicKeyToken=b03f5f7f11d50a3a" className="Groove.Domain.Tests.Entities.DomainEntityTests, Groove.Domain.Tests, Version=1.0.0.0, Culture=neutral, PublicKeyToken=c3b9e58c04c63546" name="DomainEntity_Business_Signature_Changes_When_Signature_Property_Values_Change" />
    </UnitTest>
    <UnitTest name="DomainEntities_Have_The_Same_Hashcode_If_They_Are_Not_Transient_And_Have_The_Same_Identifier" storage="c:\projects\groove\groove.domain.tests\bin\debug\groove.domain.tests.dll" id="067ca797-5077-a8bc-338c-8aeb6d44a0a4">
      <Execution timeOut="1800000" id="e97d7129-90c7-4989-aa30-df23c8d40c12" />
      <TestMethod codeBase="C:/Projects/Groove/Groove.Domain.Tests/bin/Debug/Groove.Domain.Tests.DLL" adapterTypeName="Microsoft.VisualStudio.TestTools.TestTypes.Unit.UnitTestAdapter, Microsoft.VisualStudio.QualityTools.Tips.UnitTest.Adapter, Version=10.0.0.0, Culture=neutral, PublicKeyToken=b03f5f7f11d50a3a" className="Groove.Domain.Tests.Entities.DomainEntityTests, Groove.Domain.Tests, Version=1.0.0.0, Culture=neutral, PublicKeyToken=c3b9e58c04c63546" name="DomainEntities_Have_The_Same_Hashcode_If_They_Are_Not_Transient_And_Have_The_Same_Identifier" />
    </UnitTest>
    <UnitTest name="DomainEntity_Has_Expected_Business_Signature" storage="c:\projects\groove\groove.domain.tests\bin\debug\groove.domain.tests.dll" id="25b2840f-bb52-8179-e1cb-40b7d374cf61">
      <Execution timeOut="1800000" id="b66d7d3c-d315-4883-9c6a-4002bc74ee85" />
      <TestMethod codeBase="C:/Projects/Groove/Groove.Domain.Tests/bin/Debug/Groove.Domain.Tests.DLL" adapterTypeName="Microsoft.VisualStudio.TestTools.TestTypes.Unit.UnitTestAdapter, Microsoft.VisualStudio.QualityTools.Tips.UnitTest.Adapter, Version=10.0.0.0, Culture=neutral, PublicKeyToken=b03f5f7f11d50a3a" className="Groove.Domain.Tests.Entities.DomainEntityTests, Groove.Domain.Tests, Version=1.0.0.0, Culture=neutral, PublicKeyToken=c3b9e58c04c63546" name="DomainEntity_Has_Expected_Business_Signature" />
    </UnitTest>
    <UnitTest name="DomainEntities_Are_Equal_If_They_Are_Transient_And_Have_The_Same_Business_Signature" storage="c:\projects\groove\groove.domain.tests\bin\debug\groove.domain.tests.dll" id="77d05d12-7b29-f90d-62ca-e1cc1a7e8213">
      <Execution timeOut="1800000" id="9104006a-530f-4e49-8f23-890fa8544845" />
      <TestMethod codeBase="C:/Projects/Groove/Groove.Domain.Tests/bin/Debug/Groove.Domain.Tests.DLL" adapterTypeName="Microsoft.VisualStudio.TestTools.TestTypes.Unit.UnitTestAdapter, Microsoft.VisualStudio.QualityTools.Tips.UnitTest.Adapter, Version=10.0.0.0, Culture=neutral, PublicKeyToken=b03f5f7f11d50a3a" className="Groove.Domain.Tests.Entities.DomainEntityTests, Groove.Domain.Tests, Version=1.0.0.0, Culture=neutral, PublicKeyToken=c3b9e58c04c63546" name="DomainEntities_Are_Equal_If_They_Are_Transient_And_Have_The_Same_Business_Signature" />
    </UnitTest>
    <UnitTest name="DomainEntities_Are_Not_Equal_If_They_Are_Not_Transient_And_Have_Different_Identifiers" storage="c:\projects\groove\groove.domain.tests\bin\debug\groove.domain.tests.dll" id="42b0c996-e6f9-d24f-102e-95ed93c426f4">
      <Execution timeOut="1800000" id="c428a8ee-22e4-4d4d-a183-6f37c8049c28" />
      <TestMethod codeBase="C:/Projects/Groove/Groove.Domain.Tests/bin/Debug/Groove.Domain.Tests.DLL" adapterTypeName="Microsoft.VisualStudio.TestTools.TestTypes.Unit.UnitTestAdapter, Microsoft.VisualStudio.QualityTools.Tips.UnitTest.Adapter, Version=10.0.0.0, Culture=neutral, PublicKeyToken=b03f5f7f11d50a3a" className="Groove.Domain.Tests.Entities.DomainEntityTests, Groove.Domain.Tests, Version=1.0.0.0, Culture=neutral, PublicKeyToken=c3b9e58c04c63546" name="DomainEntities_Are_Not_Equal_If_They_Are_Not_Transient_And_Have_Different_Identifiers" />
    </UnitTest>
    <UnitTest name="DomainEntities_Are_Not_Equal_If_They_Are_Transient_And_Have_Different_Business_Signatures" storage="c:\projects\groove\groove.domain.tests\bin\debug\groove.domain.tests.dll" id="c2b1b347-cbd5-0f43-63fc-8f21d9818e51">
      <Execution timeOut="1800000" id="810c2664-bbff-4a30-be67-5516c40dbae9" />
      <TestMethod codeBase="C:/Projects/Groove/Groove.Domain.Tests/bin/Debug/Groove.Domain.Tests.DLL" adapterTypeName="Microsoft.VisualStudio.TestTools.TestTypes.Unit.UnitTestAdapter, Microsoft.VisualStudio.QualityTools.Tips.UnitTest.Adapter, Version=10.0.0.0, Culture=neutral, PublicKeyToken=b03f5f7f11d50a3a" className="Groove.Domain.Tests.Entities.DomainEntityTests, Groove.Domain.Tests, Version=1.0.0.0, Culture=neutral, PublicKeyToken=c3b9e58c04c63546" name="DomainEntities_Are_Not_Equal_If_They_Are_Transient_And_Have_Different_Business_Signatures" />
    </UnitTest>
  </TestDefinitions>
  <TestLists>
    <TestList name="Results Not in a List" id="8c84fa94-04c1-424b-9868-57a2d4851a1d" />
    <TestList name="All Loaded Results" id="19431567-8539-422a-85d7-44ee4e166bda" />
  </TestLists>
  <TestEntries>
    <TestEntry testId="bcec9410-4c5e-1846-6f3c-c94a1006e7d5" executionId="8bf63764-c3ec-4422-9045-b4cae95bb241" testListId="8c84fa94-04c1-424b-9868-57a2d4851a1d" />
    <TestEntry testId="77d05d12-7b29-f90d-62ca-e1cc1a7e8213" executionId="9104006a-530f-4e49-8f23-890fa8544845" testListId="8c84fa94-04c1-424b-9868-57a2d4851a1d" />
    <TestEntry testId="42b0c996-e6f9-d24f-102e-95ed93c426f4" executionId="c428a8ee-22e4-4d4d-a183-6f37c8049c28" testListId="8c84fa94-04c1-424b-9868-57a2d4851a1d" />
    <TestEntry testId="c2b1b347-cbd5-0f43-63fc-8f21d9818e51" executionId="810c2664-bbff-4a30-be67-5516c40dbae9" testListId="8c84fa94-04c1-424b-9868-57a2d4851a1d" />
    <TestEntry testId="d99bb741-bc79-c885-6784-0d8b8ce84b84" executionId="2209c83e-3e02-4690-b6bb-800b9f518ba6" testListId="8c84fa94-04c1-424b-9868-57a2d4851a1d" />
    <TestEntry testId="18e72f22-afeb-7b66-938c-ae805a2e69c5" executionId="e4dbf8d3-ba7b-49ed-9809-eacbf322ffd7" testListId="8c84fa94-04c1-424b-9868-57a2d4851a1d" />
    <TestEntry testId="1a82b24e-27a4-4c87-67bc-d8e85d3c511d" executionId="1c0a2170-65db-44a7-9b08-4d33ce2c1211" testListId="8c84fa94-04c1-424b-9868-57a2d4851a1d" />
    <TestEntry testId="a805cd9f-82c4-624e-baa8-7c5d0e09d109" executionId="e1fc2ff2-d78d-4956-ae7d-135d86f6d8c2" testListId="8c84fa94-04c1-424b-9868-57a2d4851a1d" />
    <TestEntry testId="067ca797-5077-a8bc-338c-8aeb6d44a0a4" executionId="e97d7129-90c7-4989-aa30-df23c8d40c12" testListId="8c84fa94-04c1-424b-9868-57a2d4851a1d" />
    <TestEntry testId="0694b641-f0ee-240f-009b-db7e4c15e7cf" executionId="13ebd531-84c9-4c68-9148-3351cbe004ff" testListId="8c84fa94-04c1-424b-9868-57a2d4851a1d" />
    <TestEntry testId="af2683a9-3214-b8ba-a000-9e5ed7aeaa58" executionId="73b6135a-3a69-486a-9d50-24e14e48bfc3" testListId="8c84fa94-04c1-424b-9868-57a2d4851a1d" />
    <TestEntry testId="1920a1d9-6477-aad3-7eab-201430ae59ce" executionId="d4d3effc-80ff-4ae3-bef9-e557eccc8e63" testListId="8c84fa94-04c1-424b-9868-57a2d4851a1d" />
    <TestEntry testId="25b2840f-bb52-8179-e1cb-40b7d374cf61" executionId="b66d7d3c-d315-4883-9c6a-4002bc74ee85" testListId="8c84fa94-04c1-424b-9868-57a2d4851a1d" />
    <TestEntry testId="0a9e09dd-eac6-0095-add5-f1bbcdef9a2a" executionId="0529b113-a94e-4ca7-b38e-6093d4ce3898" testListId="8c84fa94-04c1-424b-9868-57a2d4851a1d" />
    <TestEntry testId="bb1dc70f-d7e6-a67c-20d4-985035c8616c" executionId="4af92ab3-d3c3-4b39-bcaa-e0f0e4c5fc72" testListId="8c84fa94-04c1-424b-9868-57a2d4851a1d" />
    <TestEntry testId="d809f0ea-5025-ef8f-d0d6-d1e4843c4e76" executionId="e175a39a-3014-473b-9c84-50a4b801d79a" testListId="8c84fa94-04c1-424b-9868-57a2d4851a1d" />
    <TestEntry testId="c0d094d6-c4be-3efa-5c36-6df1d3e85b64" executionId="65a4b418-b4b1-41b7-a0dd-22a2496d611f" testListId="8c84fa94-04c1-424b-9868-57a2d4851a1d" />
  </TestEntries>
  <Results>
    <UnitTestResult executionId="8bf63764-c3ec-4422-9045-b4cae95bb241" testId="bcec9410-4c5e-1846-6f3c-c94a1006e7d5" testName="DomainEntities_Are_Equal_If_They_Are_Not_Transient_And_Have_The_Same_Identifier" computerName="OPP-0351" duration="00:00:00.0193298" startTime="2010-06-30T13:19:33.5549583+01:00" endTime="2010-06-30T13:19:33.6330848+01:00" testType="13cdc9d9-ddb5-4fa4-a97d-d965ccfc6d4b" outcome="Passed" testListId="8c84fa94-04c1-424b-9868-57a2d4851a1d" relativeResultsDirectory="8bf63764-c3ec-4422-9045-b4cae95bb241">
    </UnitTestResult>
    <UnitTestResult executionId="9104006a-530f-4e49-8f23-890fa8544845" testId="77d05d12-7b29-f90d-62ca-e1cc1a7e8213" testName="DomainEntities_Are_Equal_If_They_Are_Transient_And_Have_The_Same_Business_Signature" computerName="OPP-0351" duration="00:00:00.0350125" startTime="2010-06-30T13:19:33.6330848+01:00" endTime="2010-06-30T13:19:33.6799607+01:00" testType="13cdc9d9-ddb5-4fa4-a97d-d965ccfc6d4b" outcome="Passed" testListId="8c84fa94-04c1-424b-9868-57a2d4851a1d" relativeResultsDirectory="9104006a-530f-4e49-8f23-890fa8544845">
    </UnitTestResult>
    <UnitTestResult executionId="c428a8ee-22e4-4d4d-a183-6f37c8049c28" testId="42b0c996-e6f9-d24f-102e-95ed93c426f4" testName="DomainEntities_Are_Not_Equal_If_They_Are_Not_Transient_And_Have_Different_Identifiers" computerName="OPP-0351" duration="00:00:00.0004852" startTime="2010-06-30T13:19:33.6799607+01:00" endTime="2010-06-30T13:19:33.6799607+01:00" testType="13cdc9d9-ddb5-4fa4-a97d-d965ccfc6d4b" outcome="Passed" testListId="8c84fa94-04c1-424b-9868-57a2d4851a1d" relativeResultsDirectory="c428a8ee-22e4-4d4d-a183-6f37c8049c28">
    </UnitTestResult>
    <UnitTestResult executionId="810c2664-bbff-4a30-be67-5516c40dbae9" testId="c2b1b347-cbd5-0f43-63fc-8f21d9818e51" testName="DomainEntities_Are_Not_Equal_If_They_Are_Transient_And_Have_Different_Business_Signatures" computerName="OPP-0351" duration="00:00:00.0017337" startTime="2010-06-30T13:19:33.6799607+01:00" endTime="2010-06-30T13:19:33.6799607+01:00" testType="13cdc9d9-ddb5-4fa4-a97d-d965ccfc6d4b" outcome="Passed" testListId="8c84fa94-04c1-424b-9868-57a2d4851a1d" relativeResultsDirectory="810c2664-bbff-4a30-be67-5516c40dbae9">
    </UnitTestResult>
    <UnitTestResult executionId="2209c83e-3e02-4690-b6bb-800b9f518ba6" testId="d99bb741-bc79-c885-6784-0d8b8ce84b84" testName="DomainEntities_Do_Not_Have_The_Same_Hascode_If_They_Are_Not_Of_The_Same_Type_And_Transient" computerName="OPP-0351" duration="00:00:00.0063656" startTime="2010-06-30T13:19:33.6799607+01:00" endTime="2010-06-30T13:19:33.6955860+01:00" testType="13cdc9d9-ddb5-4fa4-a97d-d965ccfc6d4b" outcome="Passed" testListId="8c84fa94-04c1-424b-9868-57a2d4851a1d" relativeResultsDirectory="2209c83e-3e02-4690-b6bb-800b9f518ba6">
    </UnitTestResult>
    <UnitTestResult executionId="e4dbf8d3-ba7b-49ed-9809-eacbf322ffd7" testId="18e72f22-afeb-7b66-938c-ae805a2e69c5" testName="DomainEntities_Do_Not_Have_The_Same_Hascode_If_They_Are_Not_Of_The_Same_Type_Even_With_The_Same_Identifier" computerName="OPP-0351" duration="00:00:00.0012328" startTime="2010-06-30T13:19:33.6955860+01:00" endTime="2010-06-30T13:19:33.6955860+01:00" testType="13cdc9d9-ddb5-4fa4-a97d-d965ccfc6d4b" outcome="Passed" testListId="8c84fa94-04c1-424b-9868-57a2d4851a1d" relativeResultsDirectory="e4dbf8d3-ba7b-49ed-9809-eacbf322ffd7">
    </UnitTestResult>
    <UnitTestResult executionId="1c0a2170-65db-44a7-9b08-4d33ce2c1211" testId="1a82b24e-27a4-4c87-67bc-d8e85d3c511d" testName="DomainEntities_Do_Not_Have_The_Same_Hashcode_If_They_Are_Not_Transient_And_Have_Different_Identifiers" computerName="OPP-0351" duration="00:00:00.0014015" startTime="2010-06-30T13:19:33.6955860+01:00" endTime="2010-06-30T13:19:33.6955860+01:00" testType="13cdc9d9-ddb5-4fa4-a97d-d965ccfc6d4b" outcome="Passed" testListId="8c84fa94-04c1-424b-9868-57a2d4851a1d" relativeResultsDirectory="1c0a2170-65db-44a7-9b08-4d33ce2c1211">
    </UnitTestResult>
    <UnitTestResult executionId="e1fc2ff2-d78d-4956-ae7d-135d86f6d8c2" testId="a805cd9f-82c4-624e-baa8-7c5d0e09d109" testName="DomainEntities_Do_Not_Have_The_Same_Hashcode_If_They_Are_Transient_And_Have_Different_Business_Signatures" computerName="OPP-0351" duration="00:00:00.0008841" startTime="2010-06-30T13:19:33.6955860+01:00" endTime="2010-06-30T13:19:33.7112113+01:00" testType="13cdc9d9-ddb5-4fa4-a97d-d965ccfc6d4b" outcome="Passed" testListId="8c84fa94-04c1-424b-9868-57a2d4851a1d" relativeResultsDirectory="e1fc2ff2-d78d-4956-ae7d-135d86f6d8c2">
    </UnitTestResult>
    <UnitTestResult executionId="e97d7129-90c7-4989-aa30-df23c8d40c12" testId="067ca797-5077-a8bc-338c-8aeb6d44a0a4" testName="DomainEntities_Have_The_Same_Hashcode_If_They_Are_Not_Transient_And_Have_The_Same_Identifier" computerName="OPP-0351" duration="00:00:00.0009551" startTime="2010-06-30T13:19:33.7112113+01:00" endTime="2010-06-30T13:19:33.7112113+01:00" testType="13cdc9d9-ddb5-4fa4-a97d-d965ccfc6d4b" outcome="Passed" testListId="8c84fa94-04c1-424b-9868-57a2d4851a1d" relativeResultsDirectory="e97d7129-90c7-4989-aa30-df23c8d40c12">
    </UnitTestResult>
    <UnitTestResult executionId="13ebd531-84c9-4c68-9148-3351cbe004ff" testId="0694b641-f0ee-240f-009b-db7e4c15e7cf" testName="DomainEntities_Have_The_Same_Hashcode_If_They_Are_Transient_And_Have_The_Same_Business_Signature" computerName="OPP-0351" duration="00:00:00.0010747" startTime="2010-06-30T13:19:33.7112113+01:00" endTime="2010-06-30T13:19:33.7112113+01:00" testType="13cdc9d9-ddb5-4fa4-a97d-d965ccfc6d4b" outcome="Passed" testListId="8c84fa94-04c1-424b-9868-57a2d4851a1d" relativeResultsDirectory="13ebd531-84c9-4c68-9148-3351cbe004ff">
    </UnitTestResult>
    <UnitTestResult executionId="73b6135a-3a69-486a-9d50-24e14e48bfc3" testId="af2683a9-3214-b8ba-a000-9e5ed7aeaa58" testName="DomainEntity_Business_Signature_Changes_When_Signature_Property_Values_Change" computerName="OPP-0351" duration="00:00:00.0021025" startTime="2010-06-30T13:19:33.7112113+01:00" endTime="2010-06-30T13:19:33.7112113+01:00" testType="13cdc9d9-ddb5-4fa4-a97d-d965ccfc6d4b" outcome="Passed" testListId="8c84fa94-04c1-424b-9868-57a2d4851a1d" relativeResultsDirectory="73b6135a-3a69-486a-9d50-24e14e48bfc3">
    </UnitTestResult>
    <UnitTestResult executionId="d4d3effc-80ff-4ae3-bef9-e557eccc8e63" testId="1920a1d9-6477-aad3-7eab-201430ae59ce" testName="DomainEntity_Business_Signature_Does_Not_Change_When_Non_Signature_Property_Values_Change" computerName="OPP-0351" duration="00:00:00.0008495" startTime="2010-06-30T13:19:33.7112113+01:00" endTime="2010-06-30T13:19:33.7112113+01:00" testType="13cdc9d9-ddb5-4fa4-a97d-d965ccfc6d4b" outcome="Passed" testListId="8c84fa94-04c1-424b-9868-57a2d4851a1d" relativeResultsDirectory="d4d3effc-80ff-4ae3-bef9-e557eccc8e63">
    </UnitTestResult>
    <UnitTestResult executionId="b66d7d3c-d315-4883-9c6a-4002bc74ee85" testId="25b2840f-bb52-8179-e1cb-40b7d374cf61" testName="DomainEntity_Has_Expected_Business_Signature" computerName="OPP-0351" duration="00:00:00.0009763" startTime="2010-06-30T13:19:33.7112113+01:00" endTime="2010-06-30T13:19:33.7268366+01:00" testType="13cdc9d9-ddb5-4fa4-a97d-d965ccfc6d4b" outcome="Passed" testListId="8c84fa94-04c1-424b-9868-57a2d4851a1d" relativeResultsDirectory="b66d7d3c-d315-4883-9c6a-4002bc74ee85">
    </UnitTestResult>
    <UnitTestResult executionId="0529b113-a94e-4ca7-b38e-6093d4ce3898" testId="0a9e09dd-eac6-0095-add5-f1bbcdef9a2a" testName="DomainEntity_Has_Expected_Business_Signature_Properties" computerName="OPP-0351" duration="00:00:00.0028179" startTime="2010-06-30T13:19:33.7268366+01:00" endTime="2010-06-30T13:19:33.7268366+01:00" testType="13cdc9d9-ddb5-4fa4-a97d-d965ccfc6d4b" outcome="Passed" testListId="8c84fa94-04c1-424b-9868-57a2d4851a1d" relativeResultsDirectory="0529b113-a94e-4ca7-b38e-6093d4ce3898">
    </UnitTestResult>
    <UnitTestResult executionId="4af92ab3-d3c3-4b39-bcaa-e0f0e4c5fc72" testId="bb1dc70f-d7e6-a67c-20d4-985035c8616c" testName="DomainEntity_Is_Initialised_With_Expected_Values" computerName="OPP-0351" duration="00:00:00.0009255" startTime="2010-06-30T13:19:33.7268366+01:00" endTime="2010-06-30T13:19:33.7268366+01:00" testType="13cdc9d9-ddb5-4fa4-a97d-d965ccfc6d4b" outcome="Passed" testListId="8c84fa94-04c1-424b-9868-57a2d4851a1d" relativeResultsDirectory="4af92ab3-d3c3-4b39-bcaa-e0f0e4c5fc72">
    </UnitTestResult>
    <UnitTestResult executionId="e175a39a-3014-473b-9c84-50a4b801d79a" testId="d809f0ea-5025-ef8f-d0d6-d1e4843c4e76" testName="DomainEntity_With_Default_Value_Identifier_Is_Transient" computerName="OPP-0351" duration="00:00:00.0008319" startTime="2010-06-30T13:19:33.7268366+01:00" endTime="2010-06-30T13:19:33.7268366+01:00" testType="13cdc9d9-ddb5-4fa4-a97d-d965ccfc6d4b" outcome="Passed" testListId="8c84fa94-04c1-424b-9868-57a2d4851a1d" relativeResultsDirectory="e175a39a-3014-473b-9c84-50a4b801d79a">
    </UnitTestResult>
    <UnitTestResult executionId="65a4b418-b4b1-41b7-a0dd-22a2496d611f" testId="c0d094d6-c4be-3efa-5c36-6df1d3e85b64" testName="DomainEntity_With_Non_Default_Identifier_Is_Not_Transient" computerName="OPP-0351" duration="00:00:00.0008867" startTime="2010-06-30T13:19:33.7268366+01:00" endTime="2010-06-30T13:19:33.7268366+01:00" testType="13cdc9d9-ddb5-4fa4-a97d-d965ccfc6d4b" outcome="Passed" testListId="8c84fa94-04c1-424b-9868-57a2d4851a1d" relativeResultsDirectory="65a4b418-b4b1-41b7-a0dd-22a2496d611f">
    </UnitTestResult>
  </Results>
</TestRun>