<?xml version="1.0" encoding="UTF-8"?>
<TestRun id="7658831e-440e-4def-8442-ada2c8a2aba6" name="mark.yates@OPP-0351 2010-06-30 15:37:10" runUser="OPP-LINKS\mark.yates" xmlns="http://microsoft.com/schemas/VisualStudio/TeamTest/2010">
  <TestSettings name="Local" id="2b388358-6315-4145-a2b9-4d891e7ea305">
    <Description>These are default test settings for a local test run.</Description>
    <Deployment enabled="false" runDeploymentRoot="mark.yates_OPP-0351 2010-06-30 15_37_10" />
    <Execution>
      <TestTypeSpecific />
      <AgentRule name="Execution Agents">
      </AgentRule>
    </Execution>
  </TestSettings>
  <Times creation="2010-06-30T15:37:10.9009963+01:00" queuing="2010-06-30T15:37:11.1822517+01:00" start="2010-06-30T15:37:11.4166312+01:00" finish="2010-06-30T15:37:11.7916384+01:00" />
  <ResultSummary outcome="Completed">
    <Counters total="26" executed="26" passed="26" error="0" failed="0" timeout="0" aborted="0" inconclusive="0" passedButRunAborted="0" notRunnable="0" notExecuted="0" disconnected="0" warning="0" completed="0" inProgress="0" pending="0" />
  </ResultSummary>
  <TestDefinitions>
    <UnitTest name="DomainEntityIdentityComparer_IsNullOrDefault_Returns_False_When_Integer_Value_Is_Not_Default" storage="c:\projects\groove\groove.domain.tests\bin\debug\groove.domain.tests.dll" id="42f1cf68-1334-5f49-a114-75e4a309ef68">
      <Execution timeOut="1800000" id="39829297-6aa7-46fb-87fc-e4200c48c411" />
      <TestMethod codeBase="C:/Projects/Groove/Groove.Domain.Tests/bin/Debug/Groove.Domain.Tests.DLL" adapterTypeName="Microsoft.VisualStudio.TestTools.TestTypes.Unit.UnitTestAdapter, Microsoft.VisualStudio.QualityTools.Tips.UnitTest.Adapter, Version=10.0.0.0, Culture=neutral, PublicKeyToken=b03f5f7f11d50a3a" className="Groove.Domain.Tests.Entities.DomainEntityIdentityComparerTests, Groove.Domain.Tests, Version=1.0.0.0, Culture=neutral, PublicKeyToken=c3b9e58c04c63546" name="DomainEntityIdentityComparer_IsNullOrDefault_Returns_False_When_Integer_Value_Is_Not_Default" />
    </UnitTest>
    <UnitTest name="DomainEntityIdentityComparer_IsNullOrDefault_Returns_True_When_String_Value_Is_Empty_String" storage="c:\projects\groove\groove.domain.tests\bin\debug\groove.domain.tests.dll" id="3b2e9292-cd97-5895-4bb8-096cd331606a">
      <Execution timeOut="1800000" id="d65e77b2-2c0b-4827-9cc7-0fe44ec32209" />
      <TestMethod codeBase="C:/Projects/Groove/Groove.Domain.Tests/bin/Debug/Groove.Domain.Tests.DLL" adapterTypeName="Microsoft.VisualStudio.TestTools.TestTypes.Unit.UnitTestAdapter, Microsoft.VisualStudio.QualityTools.Tips.UnitTest.Adapter, Version=10.0.0.0, Culture=neutral, PublicKeyToken=b03f5f7f11d50a3a" className="Groove.Domain.Tests.Entities.DomainEntityIdentityComparerTests, Groove.Domain.Tests, Version=1.0.0.0, Culture=neutral, PublicKeyToken=c3b9e58c04c63546" name="DomainEntityIdentityComparer_IsNullOrDefault_Returns_True_When_String_Value_Is_Empty_String" />
    </UnitTest>
    <UnitTest name="DomainEntities_Are_Equal_If_They_Are_Not_Transient_And_Have_The_Same_Identifier" storage="c:\projects\groove\groove.domain.tests\bin\debug\groove.domain.tests.dll" id="bcec9410-4c5e-1846-6f3c-c94a1006e7d5">
      <Execution timeOut="1800000" id="dab5a502-e1d3-4c23-abb8-fdbe6bf38b65" />
      <TestMethod codeBase="C:/Projects/Groove/Groove.Domain.Tests/bin/Debug/Groove.Domain.Tests.DLL" adapterTypeName="Microsoft.VisualStudio.TestTools.TestTypes.Unit.UnitTestAdapter, Microsoft.VisualStudio.QualityTools.Tips.UnitTest.Adapter, Version=10.0.0.0, Culture=neutral, PublicKeyToken=b03f5f7f11d50a3a" className="Groove.Domain.Tests.Entities.DomainEntityTests, Groove.Domain.Tests, Version=1.0.0.0, Culture=neutral, PublicKeyToken=c3b9e58c04c63546" name="DomainEntities_Are_Equal_If_They_Are_Not_Transient_And_Have_The_Same_Identifier" />
    </UnitTest>
    <UnitTest name="DomainEntity_Business_Signature_Changes_When_Signature_Property_Values_Change" storage="c:\projects\groove\groove.domain.tests\bin\debug\groove.domain.tests.dll" id="af2683a9-3214-b8ba-a000-9e5ed7aeaa58">
      <Execution timeOut="1800000" id="32872bb1-c7f8-47a6-b7ab-90fec06573df" />
      <TestMethod codeBase="C:/Projects/Groove/Groove.Domain.Tests/bin/Debug/Groove.Domain.Tests.DLL" adapterTypeName="Microsoft.VisualStudio.TestTools.TestTypes.Unit.UnitTestAdapter, Microsoft.VisualStudio.QualityTools.Tips.UnitTest.Adapter, Version=10.0.0.0, Culture=neutral, PublicKeyToken=b03f5f7f11d50a3a" className="Groove.Domain.Tests.Entities.DomainEntityTests, Groove.Domain.Tests, Version=1.0.0.0, Culture=neutral, PublicKeyToken=c3b9e58c04c63546" name="DomainEntity_Business_Signature_Changes_When_Signature_Property_Values_Change" />
    </UnitTest>
    <UnitTest name="DomainEntities_Do_Not_Have_The_Same_Hashcode_If_They_Are_Transient_And_Have_Different_Business_Signatures" storage="c:\projects\groove\groove.domain.tests\bin\debug\groove.domain.tests.dll" id="a805cd9f-82c4-624e-baa8-7c5d0e09d109">
      <Execution timeOut="1800000" id="316287cc-3760-4d05-8097-4892ff30c9d7" />
      <TestMethod codeBase="C:/Projects/Groove/Groove.Domain.Tests/bin/Debug/Groove.Domain.Tests.DLL" adapterTypeName="Microsoft.VisualStudio.TestTools.TestTypes.Unit.UnitTestAdapter, Microsoft.VisualStudio.QualityTools.Tips.UnitTest.Adapter, Version=10.0.0.0, Culture=neutral, PublicKeyToken=b03f5f7f11d50a3a" className="Groove.Domain.Tests.Entities.DomainEntityTests, Groove.Domain.Tests, Version=1.0.0.0, Culture=neutral, PublicKeyToken=c3b9e58c04c63546" name="DomainEntities_Do_Not_Have_The_Same_Hashcode_If_They_Are_Transient_And_Have_Different_Business_Signatures" />
    </UnitTest>
    <UnitTest name="DomainEntity_With_Default_Value_Identifier_Is_Transient" storage="c:\projects\groove\groove.domain.tests\bin\debug\groove.domain.tests.dll" id="d809f0ea-5025-ef8f-d0d6-d1e4843c4e76">
      <Execution timeOut="1800000" id="b5d0f20b-2dba-4d2a-b3a8-32c089823216" />
      <TestMethod codeBase="C:/Projects/Groove/Groove.Domain.Tests/bin/Debug/Groove.Domain.Tests.DLL" adapterTypeName="Microsoft.VisualStudio.TestTools.TestTypes.Unit.UnitTestAdapter, Microsoft.VisualStudio.QualityTools.Tips.UnitTest.Adapter, Version=10.0.0.0, Culture=neutral, PublicKeyToken=b03f5f7f11d50a3a" className="Groove.Domain.Tests.Entities.DomainEntityTests, Groove.Domain.Tests, Version=1.0.0.0, Culture=neutral, PublicKeyToken=c3b9e58c04c63546" name="DomainEntity_With_Default_Value_Identifier_Is_Transient" />
    </UnitTest>
    <UnitTest name="DomainEntityIdentityComparer_IsNullOrDefault_Returns_False_When_Reference_Value_Object_Is_Not_Null" storage="c:\projects\groove\groove.domain.tests\bin\debug\groove.domain.tests.dll" id="afaba0e4-a348-50e3-ea40-baf2a77caf50">
      <Execution timeOut="1800000" id="2610f1c7-f7aa-4f14-ab87-a7bfab11759b" />
      <TestMethod codeBase="C:/Projects/Groove/Groove.Domain.Tests/bin/Debug/Groove.Domain.Tests.DLL" adapterTypeName="Microsoft.VisualStudio.TestTools.TestTypes.Unit.UnitTestAdapter, Microsoft.VisualStudio.QualityTools.Tips.UnitTest.Adapter, Version=10.0.0.0, Culture=neutral, PublicKeyToken=b03f5f7f11d50a3a" className="Groove.Domain.Tests.Entities.DomainEntityIdentityComparerTests, Groove.Domain.Tests, Version=1.0.0.0, Culture=neutral, PublicKeyToken=c3b9e58c04c63546" name="DomainEntityIdentityComparer_IsNullOrDefault_Returns_False_When_Reference_Value_Object_Is_Not_Null" />
    </UnitTest>
    <UnitTest name="DomainEntities_Do_Not_Have_The_Same_Hashcode_If_They_Are_Not_Transient_And_Have_Different_Identifiers" storage="c:\projects\groove\groove.domain.tests\bin\debug\groove.domain.tests.dll" id="1a82b24e-27a4-4c87-67bc-d8e85d3c511d">
      <Execution timeOut="1800000" id="b7207e8c-3e8e-4d21-8be7-425c4368348e" />
      <TestMethod codeBase="C:/Projects/Groove/Groove.Domain.Tests/bin/Debug/Groove.Domain.Tests.DLL" adapterTypeName="Microsoft.VisualStudio.TestTools.TestTypes.Unit.UnitTestAdapter, Microsoft.VisualStudio.QualityTools.Tips.UnitTest.Adapter, Version=10.0.0.0, Culture=neutral, PublicKeyToken=b03f5f7f11d50a3a" className="Groove.Domain.Tests.Entities.DomainEntityTests, Groove.Domain.Tests, Version=1.0.0.0, Culture=neutral, PublicKeyToken=c3b9e58c04c63546" name="DomainEntities_Do_Not_Have_The_Same_Hashcode_If_They_Are_Not_Transient_And_Have_Different_Identifiers" />
    </UnitTest>
    <UnitTest name="DomainEntities_Have_The_Same_Hashcode_If_They_Are_Transient_And_Have_The_Same_Business_Signature" storage="c:\projects\groove\groove.domain.tests\bin\debug\groove.domain.tests.dll" id="0694b641-f0ee-240f-009b-db7e4c15e7cf">
      <Execution timeOut="1800000" id="4e34f229-78a8-45bb-b18c-567f10c50559" />
      <TestMethod codeBase="C:/Projects/Groove/Groove.Domain.Tests/bin/Debug/Groove.Domain.Tests.DLL" adapterTypeName="Microsoft.VisualStudio.TestTools.TestTypes.Unit.UnitTestAdapter, Microsoft.VisualStudio.QualityTools.Tips.UnitTest.Adapter, Version=10.0.0.0, Culture=neutral, PublicKeyToken=b03f5f7f11d50a3a" className="Groove.Domain.Tests.Entities.DomainEntityTests, Groove.Domain.Tests, Version=1.0.0.0, Culture=neutral, PublicKeyToken=c3b9e58c04c63546" name="DomainEntities_Have_The_Same_Hashcode_If_They_Are_Transient_And_Have_The_Same_Business_Signature" />
    </UnitTest>
    <UnitTest name="DomainEntities_Are_Not_Equal_If_They_Are_Not_Of_The_Same_Type_And_Transient" storage="c:\projects\groove\groove.domain.tests\bin\debug\groove.domain.tests.dll" id="5fc1b7c1-0c23-4851-a1af-618081364146">
      <Execution timeOut="1800000" id="ea2d1875-48c7-4fd8-b790-eeede7f56c79" />
      <TestMethod codeBase="C:/Projects/Groove/Groove.Domain.Tests/bin/Debug/Groove.Domain.Tests.DLL" adapterTypeName="Microsoft.VisualStudio.TestTools.TestTypes.Unit.UnitTestAdapter, Microsoft.VisualStudio.QualityTools.Tips.UnitTest.Adapter, Version=10.0.0.0, Culture=neutral, PublicKeyToken=b03f5f7f11d50a3a" className="Groove.Domain.Tests.Entities.DomainEntityTests, Groove.Domain.Tests, Version=1.0.0.0, Culture=neutral, PublicKeyToken=c3b9e58c04c63546" name="DomainEntities_Are_Not_Equal_If_They_Are_Not_Of_The_Same_Type_And_Transient" />
    </UnitTest>
    <UnitTest name="DomainEntityIdentityComparer_IsNullOrDefault_Returns_True_When_String_Value_Is_Null" storage="c:\projects\groove\groove.domain.tests\bin\debug\groove.domain.tests.dll" id="b4d8b18d-659f-3912-1da0-622344d2c253">
      <Execution timeOut="1800000" id="5fa4770a-4ec7-496e-ba1b-6ed9ad9827f5" />
      <TestMethod codeBase="C:/Projects/Groove/Groove.Domain.Tests/bin/Debug/Groove.Domain.Tests.DLL" adapterTypeName="Microsoft.VisualStudio.TestTools.TestTypes.Unit.UnitTestAdapter, Microsoft.VisualStudio.QualityTools.Tips.UnitTest.Adapter, Version=10.0.0.0, Culture=neutral, PublicKeyToken=b03f5f7f11d50a3a" className="Groove.Domain.Tests.Entities.DomainEntityIdentityComparerTests, Groove.Domain.Tests, Version=1.0.0.0, Culture=neutral, PublicKeyToken=c3b9e58c04c63546" name="DomainEntityIdentityComparer_IsNullOrDefault_Returns_True_When_String_Value_Is_Null" />
    </UnitTest>
    <UnitTest name="DomainEntities_Do_Not_Have_The_Same_Hascode_If_They_Are_Not_Of_The_Same_Type_And_Transient" storage="c:\projects\groove\groove.domain.tests\bin\debug\groove.domain.tests.dll" id="d99bb741-bc79-c885-6784-0d8b8ce84b84">
      <Execution timeOut="1800000" id="a5abf0a5-913c-4aa8-9761-d80715396842" />
      <TestMethod codeBase="C:/Projects/Groove/Groove.Domain.Tests/bin/Debug/Groove.Domain.Tests.DLL" adapterTypeName="Microsoft.VisualStudio.TestTools.TestTypes.Unit.UnitTestAdapter, Microsoft.VisualStudio.QualityTools.Tips.UnitTest.Adapter, Version=10.0.0.0, Culture=neutral, PublicKeyToken=b03f5f7f11d50a3a" className="Groove.Domain.Tests.Entities.DomainEntityTests, Groove.Domain.Tests, Version=1.0.0.0, Culture=neutral, PublicKeyToken=c3b9e58c04c63546" name="DomainEntities_Do_Not_Have_The_Same_Hascode_If_They_Are_Not_Of_The_Same_Type_And_Transient" />
    </UnitTest>
    <UnitTest name="DomainEntityIdentityComparer_IsNullOrDefault_Returns_True_When_Reference_Value_Object_Is_Null" storage="c:\projects\groove\groove.domain.tests\bin\debug\groove.domain.tests.dll" id="b1664a3c-05f9-99ff-6611-d0f3632a83a8">
      <Execution timeOut="1800000" id="126d4e82-d9ca-4b3d-83f8-5cbdd451291a" />
      <TestMethod codeBase="C:/Projects/Groove/Groove.Domain.Tests/bin/Debug/Groove.Domain.Tests.DLL" adapterTypeName="Microsoft.VisualStudio.TestTools.TestTypes.Unit.UnitTestAdapter, Microsoft.VisualStudio.QualityTools.Tips.UnitTest.Adapter, Version=10.0.0.0, Culture=neutral, PublicKeyToken=b03f5f7f11d50a3a" className="Groove.Domain.Tests.Entities.DomainEntityIdentityComparerTests, Groove.Domain.Tests, Version=1.0.0.0, Culture=neutral, PublicKeyToken=c3b9e58c04c63546" name="DomainEntityIdentityComparer_IsNullOrDefault_Returns_True_When_Reference_Value_Object_Is_Null" />
    </UnitTest>
    <UnitTest name="DomainEntityIdentityComparer_IsNullOrDefault_Returns_False_When_String_Value_Is_Not_Null_Or_Empty_String" storage="c:\projects\groove\groove.domain.tests\bin\debug\groove.domain.tests.dll" id="5c28cca6-f1cd-f0a9-a528-a6f8a0fee46e">
      <Execution timeOut="1800000" id="142ece95-2774-40a7-a6c4-05689716676d" />
      <TestMethod codeBase="C:/Projects/Groove/Groove.Domain.Tests/bin/Debug/Groove.Domain.Tests.DLL" adapterTypeName="Microsoft.VisualStudio.TestTools.TestTypes.Unit.UnitTestAdapter, Microsoft.VisualStudio.QualityTools.Tips.UnitTest.Adapter, Version=10.0.0.0, Culture=neutral, PublicKeyToken=b03f5f7f11d50a3a" className="Groove.Domain.Tests.Entities.DomainEntityIdentityComparerTests, Groove.Domain.Tests, Version=1.0.0.0, Culture=neutral, PublicKeyToken=c3b9e58c04c63546" name="DomainEntityIdentityComparer_IsNullOrDefault_Returns_False_When_String_Value_Is_Not_Null_Or_Empty_String" />
    </UnitTest>
    <UnitTest name="DomainEntity_Is_Initialised_With_Expected_Values" storage="c:\projects\groove\groove.domain.tests\bin\debug\groove.domain.tests.dll" id="bb1dc70f-d7e6-a67c-20d4-985035c8616c">
      <Execution timeOut="1800000" id="58f3f13c-ad30-48ee-816c-b7a951dbd165" />
      <TestMethod codeBase="C:/Projects/Groove/Groove.Domain.Tests/bin/Debug/Groove.Domain.Tests.DLL" adapterTypeName="Microsoft.VisualStudio.TestTools.TestTypes.Unit.UnitTestAdapter, Microsoft.VisualStudio.QualityTools.Tips.UnitTest.Adapter, Version=10.0.0.0, Culture=neutral, PublicKeyToken=b03f5f7f11d50a3a" className="Groove.Domain.Tests.Entities.DomainEntityTests, Groove.Domain.Tests, Version=1.0.0.0, Culture=neutral, PublicKeyToken=c3b9e58c04c63546" name="DomainEntity_Is_Initialised_With_Expected_Values" />
    </UnitTest>
    <UnitTest name="DomainEntities_Do_Not_Have_The_Same_Hascode_If_They_Are_Not_Of_The_Same_Type_Even_With_The_Same_Identifier" storage="c:\projects\groove\groove.domain.tests\bin\debug\groove.domain.tests.dll" id="18e72f22-afeb-7b66-938c-ae805a2e69c5">
      <Execution timeOut="1800000" id="2d198efb-ad02-41fc-a9d4-63518e424831" />
      <TestMethod codeBase="C:/Projects/Groove/Groove.Domain.Tests/bin/Debug/Groove.Domain.Tests.DLL" adapterTypeName="Microsoft.VisualStudio.TestTools.TestTypes.Unit.UnitTestAdapter, Microsoft.VisualStudio.QualityTools.Tips.UnitTest.Adapter, Version=10.0.0.0, Culture=neutral, PublicKeyToken=b03f5f7f11d50a3a" className="Groove.Domain.Tests.Entities.DomainEntityTests, Groove.Domain.Tests, Version=1.0.0.0, Culture=neutral, PublicKeyToken=c3b9e58c04c63546" name="DomainEntities_Do_Not_Have_The_Same_Hascode_If_They_Are_Not_Of_The_Same_Type_Even_With_The_Same_Identifier" />
    </UnitTest>
    <UnitTest name="DomainEntity_Business_Signature_Does_Not_Change_When_Non_Signature_Property_Values_Change" storage="c:\projects\groove\groove.domain.tests\bin\debug\groove.domain.tests.dll" id="1920a1d9-6477-aad3-7eab-201430ae59ce">
      <Execution timeOut="1800000" id="de476fc4-e28c-4632-a969-9e61af08564e" />
      <TestMethod codeBase="C:/Projects/Groove/Groove.Domain.Tests/bin/Debug/Groove.Domain.Tests.DLL" adapterTypeName="Microsoft.VisualStudio.TestTools.TestTypes.Unit.UnitTestAdapter, Microsoft.VisualStudio.QualityTools.Tips.UnitTest.Adapter, Version=10.0.0.0, Culture=neutral, PublicKeyToken=b03f5f7f11d50a3a" className="Groove.Domain.Tests.Entities.DomainEntityTests, Groove.Domain.Tests, Version=1.0.0.0, Culture=neutral, PublicKeyToken=c3b9e58c04c63546" name="DomainEntity_Business_Signature_Does_Not_Change_When_Non_Signature_Property_Values_Change" />
    </UnitTest>
    <UnitTest name="DomainEntity_Has_Expected_Business_Signature_Properties" storage="c:\projects\groove\groove.domain.tests\bin\debug\groove.domain.tests.dll" id="0a9e09dd-eac6-0095-add5-f1bbcdef9a2a">
      <Execution timeOut="1800000" id="5266ed63-5e24-405c-9979-3310e3f8f766" />
      <TestMethod codeBase="C:/Projects/Groove/Groove.Domain.Tests/bin/Debug/Groove.Domain.Tests.DLL" adapterTypeName="Microsoft.VisualStudio.TestTools.TestTypes.Unit.UnitTestAdapter, Microsoft.VisualStudio.QualityTools.Tips.UnitTest.Adapter, Version=10.0.0.0, Culture=neutral, PublicKeyToken=b03f5f7f11d50a3a" className="Groove.Domain.Tests.Entities.DomainEntityTests, Groove.Domain.Tests, Version=1.0.0.0, Culture=neutral, PublicKeyToken=c3b9e58c04c63546" name="DomainEntity_Has_Expected_Business_Signature_Properties" />
    </UnitTest>
    <UnitTest name="DomainEntity_With_Non_Default_Identifier_Is_Not_Transient" storage="c:\projects\groove\groove.domain.tests\bin\debug\groove.domain.tests.dll" id="c0d094d6-c4be-3efa-5c36-6df1d3e85b64">
      <Execution timeOut="1800000" id="a2ee642f-1e9f-48db-ae6b-8b131a3e0f9a" />
      <TestMethod codeBase="C:/Projects/Groove/Groove.Domain.Tests/bin/Debug/Groove.Domain.Tests.DLL" adapterTypeName="Microsoft.VisualStudio.TestTools.TestTypes.Unit.UnitTestAdapter, Microsoft.VisualStudio.QualityTools.Tips.UnitTest.Adapter, Version=10.0.0.0, Culture=neutral, PublicKeyToken=b03f5f7f11d50a3a" className="Groove.Domain.Tests.Entities.DomainEntityTests, Groove.Domain.Tests, Version=1.0.0.0, Culture=neutral, PublicKeyToken=c3b9e58c04c63546" name="DomainEntity_With_Non_Default_Identifier_Is_Not_Transient" />
    </UnitTest>
    <UnitTest name="DomainEntities_Are_Not_Equal_If_They_Are_Not_Of_The_Same_Type_Even_With_The_Same_Identifier" storage="c:\projects\groove\groove.domain.tests\bin\debug\groove.domain.tests.dll" id="bdbb3207-6d8f-d884-db26-29cd788cb39c">
      <Execution timeOut="1800000" id="83866d87-1009-486e-bf97-3ea678d49728" />
      <TestMethod codeBase="C:/Projects/Groove/Groove.Domain.Tests/bin/Debug/Groove.Domain.Tests.DLL" adapterTypeName="Microsoft.VisualStudio.TestTools.TestTypes.Unit.UnitTestAdapter, Microsoft.VisualStudio.QualityTools.Tips.UnitTest.Adapter, Version=10.0.0.0, Culture=neutral, PublicKeyToken=b03f5f7f11d50a3a" className="Groove.Domain.Tests.Entities.DomainEntityTests, Groove.Domain.Tests, Version=1.0.0.0, Culture=neutral, PublicKeyToken=c3b9e58c04c63546" name="DomainEntities_Are_Not_Equal_If_They_Are_Not_Of_The_Same_Type_Even_With_The_Same_Identifier" />
    </UnitTest>
    <UnitTest name="DomainEntities_Have_The_Same_Hashcode_If_They_Are_Not_Transient_And_Have_The_Same_Identifier" storage="c:\projects\groove\groove.domain.tests\bin\debug\groove.domain.tests.dll" id="067ca797-5077-a8bc-338c-8aeb6d44a0a4">
      <Execution timeOut="1800000" id="20fe7ceb-0c01-43fe-8a25-3da018c25de3" />
      <TestMethod codeBase="C:/Projects/Groove/Groove.Domain.Tests/bin/Debug/Groove.Domain.Tests.DLL" adapterTypeName="Microsoft.VisualStudio.TestTools.TestTypes.Unit.UnitTestAdapter, Microsoft.VisualStudio.QualityTools.Tips.UnitTest.Adapter, Version=10.0.0.0, Culture=neutral, PublicKeyToken=b03f5f7f11d50a3a" className="Groove.Domain.Tests.Entities.DomainEntityTests, Groove.Domain.Tests, Version=1.0.0.0, Culture=neutral, PublicKeyToken=c3b9e58c04c63546" name="DomainEntities_Have_The_Same_Hashcode_If_They_Are_Not_Transient_And_Have_The_Same_Identifier" />
    </UnitTest>
    <UnitTest name="DomainEntities_Are_Not_Equal_If_They_Are_Transient_And_Have_Different_Business_Signatures" storage="c:\projects\groove\groove.domain.tests\bin\debug\groove.domain.tests.dll" id="c2b1b347-cbd5-0f43-63fc-8f21d9818e51">
      <Execution timeOut="1800000" id="823f0d7c-de00-460f-af95-6db55310de26" />
      <TestMethod codeBase="C:/Projects/Groove/Groove.Domain.Tests/bin/Debug/Groove.Domain.Tests.DLL" adapterTypeName="Microsoft.VisualStudio.TestTools.TestTypes.Unit.UnitTestAdapter, Microsoft.VisualStudio.QualityTools.Tips.UnitTest.Adapter, Version=10.0.0.0, Culture=neutral, PublicKeyToken=b03f5f7f11d50a3a" className="Groove.Domain.Tests.Entities.DomainEntityTests, Groove.Domain.Tests, Version=1.0.0.0, Culture=neutral, PublicKeyToken=c3b9e58c04c63546" name="DomainEntities_Are_Not_Equal_If_They_Are_Transient_And_Have_Different_Business_Signatures" />
    </UnitTest>
    <UnitTest name="DomainEntity_Has_Expected_Business_Signature" storage="c:\projects\groove\groove.domain.tests\bin\debug\groove.domain.tests.dll" id="25b2840f-bb52-8179-e1cb-40b7d374cf61">
      <Execution timeOut="1800000" id="6096b260-b5c5-4a04-a63d-206e3adfa25a" />
      <TestMethod codeBase="C:/Projects/Groove/Groove.Domain.Tests/bin/Debug/Groove.Domain.Tests.DLL" adapterTypeName="Microsoft.VisualStudio.TestTools.TestTypes.Unit.UnitTestAdapter, Microsoft.VisualStudio.QualityTools.Tips.UnitTest.Adapter, Version=10.0.0.0, Culture=neutral, PublicKeyToken=b03f5f7f11d50a3a" className="Groove.Domain.Tests.Entities.DomainEntityTests, Groove.Domain.Tests, Version=1.0.0.0, Culture=neutral, PublicKeyToken=c3b9e58c04c63546" name="DomainEntity_Has_Expected_Business_Signature" />
    </UnitTest>
    <UnitTest name="DomainEntities_Are_Equal_If_They_Are_Transient_And_Have_The_Same_Business_Signature" storage="c:\projects\groove\groove.domain.tests\bin\debug\groove.domain.tests.dll" id="77d05d12-7b29-f90d-62ca-e1cc1a7e8213">
      <Execution timeOut="1800000" id="416bfc0c-1ef7-4c04-b74c-bce74cc8f37a" />
      <TestMethod codeBase="C:/Projects/Groove/Groove.Domain.Tests/bin/Debug/Groove.Domain.Tests.DLL" adapterTypeName="Microsoft.VisualStudio.TestTools.TestTypes.Unit.UnitTestAdapter, Microsoft.VisualStudio.QualityTools.Tips.UnitTest.Adapter, Version=10.0.0.0, Culture=neutral, PublicKeyToken=b03f5f7f11d50a3a" className="Groove.Domain.Tests.Entities.DomainEntityTests, Groove.Domain.Tests, Version=1.0.0.0, Culture=neutral, PublicKeyToken=c3b9e58c04c63546" name="DomainEntities_Are_Equal_If_They_Are_Transient_And_Have_The_Same_Business_Signature" />
    </UnitTest>
    <UnitTest name="DomainEntities_Are_Not_Equal_If_They_Are_Not_Transient_And_Have_Different_Identifiers" storage="c:\projects\groove\groove.domain.tests\bin\debug\groove.domain.tests.dll" id="42b0c996-e6f9-d24f-102e-95ed93c426f4">
      <Execution timeOut="1800000" id="17d4b57f-dc21-410f-baf7-a6668c66475a" />
      <TestMethod codeBase="C:/Projects/Groove/Groove.Domain.Tests/bin/Debug/Groove.Domain.Tests.DLL" adapterTypeName="Microsoft.VisualStudio.TestTools.TestTypes.Unit.UnitTestAdapter, Microsoft.VisualStudio.QualityTools.Tips.UnitTest.Adapter, Version=10.0.0.0, Culture=neutral, PublicKeyToken=b03f5f7f11d50a3a" className="Groove.Domain.Tests.Entities.DomainEntityTests, Groove.Domain.Tests, Version=1.0.0.0, Culture=neutral, PublicKeyToken=c3b9e58c04c63546" name="DomainEntities_Are_Not_Equal_If_They_Are_Not_Transient_And_Have_Different_Identifiers" />
    </UnitTest>
    <UnitTest name="DomainEntityIdentityComparer_IsNullOrDefault_Returns_True_When_Integer_Value_Is_Default" storage="c:\projects\groove\groove.domain.tests\bin\debug\groove.domain.tests.dll" id="4f210b58-f277-63b4-91ab-9f7e17101b29">
      <Execution timeOut="1800000" id="c9123b67-75d8-434c-9dbb-5b8ad396af56" />
      <TestMethod codeBase="C:/Projects/Groove/Groove.Domain.Tests/bin/Debug/Groove.Domain.Tests.DLL" adapterTypeName="Microsoft.VisualStudio.TestTools.TestTypes.Unit.UnitTestAdapter, Microsoft.VisualStudio.QualityTools.Tips.UnitTest.Adapter, Version=10.0.0.0, Culture=neutral, PublicKeyToken=b03f5f7f11d50a3a" className="Groove.Domain.Tests.Entities.DomainEntityIdentityComparerTests, Groove.Domain.Tests, Version=1.0.0.0, Culture=neutral, PublicKeyToken=c3b9e58c04c63546" name="DomainEntityIdentityComparer_IsNullOrDefault_Returns_True_When_Integer_Value_Is_Default" />
    </UnitTest>
  </TestDefinitions>
  <TestLists>
    <TestList name="Results Not in a List" id="8c84fa94-04c1-424b-9868-57a2d4851a1d" />
    <TestList name="All Loaded Results" id="19431567-8539-422a-85d7-44ee4e166bda" />
  </TestLists>
  <TestEntries>
    <TestEntry testId="42f1cf68-1334-5f49-a114-75e4a309ef68" executionId="39829297-6aa7-46fb-87fc-e4200c48c411" testListId="8c84fa94-04c1-424b-9868-57a2d4851a1d" />
    <TestEntry testId="afaba0e4-a348-50e3-ea40-baf2a77caf50" executionId="2610f1c7-f7aa-4f14-ab87-a7bfab11759b" testListId="8c84fa94-04c1-424b-9868-57a2d4851a1d" />
    <TestEntry testId="5c28cca6-f1cd-f0a9-a528-a6f8a0fee46e" executionId="142ece95-2774-40a7-a6c4-05689716676d" testListId="8c84fa94-04c1-424b-9868-57a2d4851a1d" />
    <TestEntry testId="4f210b58-f277-63b4-91ab-9f7e17101b29" executionId="c9123b67-75d8-434c-9dbb-5b8ad396af56" testListId="8c84fa94-04c1-424b-9868-57a2d4851a1d" />
    <TestEntry testId="b1664a3c-05f9-99ff-6611-d0f3632a83a8" executionId="126d4e82-d9ca-4b3d-83f8-5cbdd451291a" testListId="8c84fa94-04c1-424b-9868-57a2d4851a1d" />
    <TestEntry testId="3b2e9292-cd97-5895-4bb8-096cd331606a" executionId="d65e77b2-2c0b-4827-9cc7-0fe44ec32209" testListId="8c84fa94-04c1-424b-9868-57a2d4851a1d" />
    <TestEntry testId="b4d8b18d-659f-3912-1da0-622344d2c253" executionId="5fa4770a-4ec7-496e-ba1b-6ed9ad9827f5" testListId="8c84fa94-04c1-424b-9868-57a2d4851a1d" />
    <TestEntry testId="bcec9410-4c5e-1846-6f3c-c94a1006e7d5" executionId="dab5a502-e1d3-4c23-abb8-fdbe6bf38b65" testListId="8c84fa94-04c1-424b-9868-57a2d4851a1d" />
    <TestEntry testId="77d05d12-7b29-f90d-62ca-e1cc1a7e8213" executionId="416bfc0c-1ef7-4c04-b74c-bce74cc8f37a" testListId="8c84fa94-04c1-424b-9868-57a2d4851a1d" />
    <TestEntry testId="5fc1b7c1-0c23-4851-a1af-618081364146" executionId="ea2d1875-48c7-4fd8-b790-eeede7f56c79" testListId="8c84fa94-04c1-424b-9868-57a2d4851a1d" />
    <TestEntry testId="bdbb3207-6d8f-d884-db26-29cd788cb39c" executionId="83866d87-1009-486e-bf97-3ea678d49728" testListId="8c84fa94-04c1-424b-9868-57a2d4851a1d" />
    <TestEntry testId="42b0c996-e6f9-d24f-102e-95ed93c426f4" executionId="17d4b57f-dc21-410f-baf7-a6668c66475a" testListId="8c84fa94-04c1-424b-9868-57a2d4851a1d" />
    <TestEntry testId="c2b1b347-cbd5-0f43-63fc-8f21d9818e51" executionId="823f0d7c-de00-460f-af95-6db55310de26" testListId="8c84fa94-04c1-424b-9868-57a2d4851a1d" />
    <TestEntry testId="d99bb741-bc79-c885-6784-0d8b8ce84b84" executionId="a5abf0a5-913c-4aa8-9761-d80715396842" testListId="8c84fa94-04c1-424b-9868-57a2d4851a1d" />
    <TestEntry testId="18e72f22-afeb-7b66-938c-ae805a2e69c5" executionId="2d198efb-ad02-41fc-a9d4-63518e424831" testListId="8c84fa94-04c1-424b-9868-57a2d4851a1d" />
    <TestEntry testId="1a82b24e-27a4-4c87-67bc-d8e85d3c511d" executionId="b7207e8c-3e8e-4d21-8be7-425c4368348e" testListId="8c84fa94-04c1-424b-9868-57a2d4851a1d" />
    <TestEntry testId="a805cd9f-82c4-624e-baa8-7c5d0e09d109" executionId="316287cc-3760-4d05-8097-4892ff30c9d7" testListId="8c84fa94-04c1-424b-9868-57a2d4851a1d" />
    <TestEntry testId="067ca797-5077-a8bc-338c-8aeb6d44a0a4" executionId="20fe7ceb-0c01-43fe-8a25-3da018c25de3" testListId="8c84fa94-04c1-424b-9868-57a2d4851a1d" />
    <TestEntry testId="0694b641-f0ee-240f-009b-db7e4c15e7cf" executionId="4e34f229-78a8-45bb-b18c-567f10c50559" testListId="8c84fa94-04c1-424b-9868-57a2d4851a1d" />
    <TestEntry testId="af2683a9-3214-b8ba-a000-9e5ed7aeaa58" executionId="32872bb1-c7f8-47a6-b7ab-90fec06573df" testListId="8c84fa94-04c1-424b-9868-57a2d4851a1d" />
    <TestEntry testId="1920a1d9-6477-aad3-7eab-201430ae59ce" executionId="de476fc4-e28c-4632-a969-9e61af08564e" testListId="8c84fa94-04c1-424b-9868-57a2d4851a1d" />
    <TestEntry testId="25b2840f-bb52-8179-e1cb-40b7d374cf61" executionId="6096b260-b5c5-4a04-a63d-206e3adfa25a" testListId="8c84fa94-04c1-424b-9868-57a2d4851a1d" />
    <TestEntry testId="0a9e09dd-eac6-0095-add5-f1bbcdef9a2a" executionId="5266ed63-5e24-405c-9979-3310e3f8f766" testListId="8c84fa94-04c1-424b-9868-57a2d4851a1d" />
    <TestEntry testId="bb1dc70f-d7e6-a67c-20d4-985035c8616c" executionId="58f3f13c-ad30-48ee-816c-b7a951dbd165" testListId="8c84fa94-04c1-424b-9868-57a2d4851a1d" />
    <TestEntry testId="d809f0ea-5025-ef8f-d0d6-d1e4843c4e76" executionId="b5d0f20b-2dba-4d2a-b3a8-32c089823216" testListId="8c84fa94-04c1-424b-9868-57a2d4851a1d" />
    <TestEntry testId="c0d094d6-c4be-3efa-5c36-6df1d3e85b64" executionId="a2ee642f-1e9f-48db-ae6b-8b131a3e0f9a" testListId="8c84fa94-04c1-424b-9868-57a2d4851a1d" />
  </TestEntries>
  <Results>
    <UnitTestResult executionId="39829297-6aa7-46fb-87fc-e4200c48c411" testId="42f1cf68-1334-5f49-a114-75e4a309ef68" testName="DomainEntityIdentityComparer_IsNullOrDefault_Returns_False_When_Integer_Value_Is_Not_Default" computerName="OPP-0351" duration="00:00:00.0200385" startTime="2010-06-30T15:37:11.4635071+01:00" endTime="2010-06-30T15:37:11.5728842+01:00" testType="13cdc9d9-ddb5-4fa4-a97d-d965ccfc6d4b" outcome="Passed" testListId="8c84fa94-04c1-424b-9868-57a2d4851a1d" relativeResultsDirectory="39829297-6aa7-46fb-87fc-e4200c48c411">
    </UnitTestResult>
    <UnitTestResult executionId="2610f1c7-f7aa-4f14-ab87-a7bfab11759b" testId="afaba0e4-a348-50e3-ea40-baf2a77caf50" testName="DomainEntityIdentityComparer_IsNullOrDefault_Returns_False_When_Reference_Value_Object_Is_Not_Null" computerName="OPP-0351" duration="00:00:00.0029498" startTime="2010-06-30T15:37:11.5728842+01:00" endTime="2010-06-30T15:37:11.5728842+01:00" testType="13cdc9d9-ddb5-4fa4-a97d-d965ccfc6d4b" outcome="Passed" testListId="8c84fa94-04c1-424b-9868-57a2d4851a1d" relativeResultsDirectory="2610f1c7-f7aa-4f14-ab87-a7bfab11759b">
    </UnitTestResult>
    <UnitTestResult executionId="142ece95-2774-40a7-a6c4-05689716676d" testId="5c28cca6-f1cd-f0a9-a528-a6f8a0fee46e" testName="DomainEntityIdentityComparer_IsNullOrDefault_Returns_False_When_String_Value_Is_Not_Null_Or_Empty_String" computerName="OPP-0351" duration="00:00:00.0017798" startTime="2010-06-30T15:37:11.5885095+01:00" endTime="2010-06-30T15:37:11.5885095+01:00" testType="13cdc9d9-ddb5-4fa4-a97d-d965ccfc6d4b" outcome="Passed" testListId="8c84fa94-04c1-424b-9868-57a2d4851a1d" relativeResultsDirectory="142ece95-2774-40a7-a6c4-05689716676d">
    </UnitTestResult>
    <UnitTestResult executionId="c9123b67-75d8-434c-9dbb-5b8ad396af56" testId="4f210b58-f277-63b4-91ab-9f7e17101b29" testName="DomainEntityIdentityComparer_IsNullOrDefault_Returns_True_When_Integer_Value_Is_Default" computerName="OPP-0351" duration="00:00:00.0004020" startTime="2010-06-30T15:37:11.5885095+01:00" endTime="2010-06-30T15:37:11.5885095+01:00" testType="13cdc9d9-ddb5-4fa4-a97d-d965ccfc6d4b" outcome="Passed" testListId="8c84fa94-04c1-424b-9868-57a2d4851a1d" relativeResultsDirectory="c9123b67-75d8-434c-9dbb-5b8ad396af56">
    </UnitTestResult>
    <UnitTestResult executionId="126d4e82-d9ca-4b3d-83f8-5cbdd451291a" testId="b1664a3c-05f9-99ff-6611-d0f3632a83a8" testName="DomainEntityIdentityComparer_IsNullOrDefault_Returns_True_When_Reference_Value_Object_Is_Null" computerName="OPP-0351" duration="00:00:00.0010302" startTime="2010-06-30T15:37:11.5885095+01:00" endTime="2010-06-30T15:37:11.5885095+01:00" testType="13cdc9d9-ddb5-4fa4-a97d-d965ccfc6d4b" outcome="Passed" testListId="8c84fa94-04c1-424b-9868-57a2d4851a1d" relativeResultsDirectory="126d4e82-d9ca-4b3d-83f8-5cbdd451291a">
    </UnitTestResult>
    <UnitTestResult executionId="d65e77b2-2c0b-4827-9cc7-0fe44ec32209" testId="3b2e9292-cd97-5895-4bb8-096cd331606a" testName="DomainEntityIdentityComparer_IsNullOrDefault_Returns_True_When_String_Value_Is_Empty_String" computerName="OPP-0351" duration="00:00:00.0007956" startTime="2010-06-30T15:37:11.5885095+01:00" endTime="2010-06-30T15:37:11.5885095+01:00" testType="13cdc9d9-ddb5-4fa4-a97d-d965ccfc6d4b" outcome="Passed" testListId="8c84fa94-04c1-424b-9868-57a2d4851a1d" relativeResultsDirectory="d65e77b2-2c0b-4827-9cc7-0fe44ec32209">
    </UnitTestResult>
    <UnitTestResult executionId="5fa4770a-4ec7-496e-ba1b-6ed9ad9827f5" testId="b4d8b18d-659f-3912-1da0-622344d2c253" testName="DomainEntityIdentityComparer_IsNullOrDefault_Returns_True_When_String_Value_Is_Null" computerName="OPP-0351" duration="00:00:00.0008406" startTime="2010-06-30T15:37:11.5885095+01:00" endTime="2010-06-30T15:37:11.5885095+01:00" testType="13cdc9d9-ddb5-4fa4-a97d-d965ccfc6d4b" outcome="Passed" testListId="8c84fa94-04c1-424b-9868-57a2d4851a1d" relativeResultsDirectory="5fa4770a-4ec7-496e-ba1b-6ed9ad9827f5">
    </UnitTestResult>
    <UnitTestResult executionId="dab5a502-e1d3-4c23-abb8-fdbe6bf38b65" testId="bcec9410-4c5e-1846-6f3c-c94a1006e7d5" testName="DomainEntities_Are_Equal_If_They_Are_Not_Transient_And_Have_The_Same_Identifier" computerName="OPP-0351" duration="00:00:00.0034532" startTime="2010-06-30T15:37:11.5885095+01:00" endTime="2010-06-30T15:37:11.6041348+01:00" testType="13cdc9d9-ddb5-4fa4-a97d-d965ccfc6d4b" outcome="Passed" testListId="8c84fa94-04c1-424b-9868-57a2d4851a1d" relativeResultsDirectory="dab5a502-e1d3-4c23-abb8-fdbe6bf38b65">
    </UnitTestResult>
    <UnitTestResult executionId="416bfc0c-1ef7-4c04-b74c-bce74cc8f37a" testId="77d05d12-7b29-f90d-62ca-e1cc1a7e8213" testName="DomainEntities_Are_Equal_If_They_Are_Transient_And_Have_The_Same_Business_Signature" computerName="OPP-0351" duration="00:00:00.0324499" startTime="2010-06-30T15:37:11.6041348+01:00" endTime="2010-06-30T15:37:11.6353854+01:00" testType="13cdc9d9-ddb5-4fa4-a97d-d965ccfc6d4b" outcome="Passed" testListId="8c84fa94-04c1-424b-9868-57a2d4851a1d" relativeResultsDirectory="416bfc0c-1ef7-4c04-b74c-bce74cc8f37a">
    </UnitTestResult>
    <UnitTestResult executionId="ea2d1875-48c7-4fd8-b790-eeede7f56c79" testId="5fc1b7c1-0c23-4851-a1af-618081364146" testName="DomainEntities_Are_Not_Equal_If_They_Are_Not_Of_The_Same_Type_And_Transient" computerName="OPP-0351" duration="00:00:00.0013211" startTime="2010-06-30T15:37:11.6353854+01:00" endTime="2010-06-30T15:37:11.6353854+01:00" testType="13cdc9d9-ddb5-4fa4-a97d-d965ccfc6d4b" outcome="Passed" testListId="8c84fa94-04c1-424b-9868-57a2d4851a1d" relativeResultsDirectory="ea2d1875-48c7-4fd8-b790-eeede7f56c79">
    </UnitTestResult>
    <UnitTestResult executionId="83866d87-1009-486e-bf97-3ea678d49728" testId="bdbb3207-6d8f-d884-db26-29cd788cb39c" testName="DomainEntities_Are_Not_Equal_If_They_Are_Not_Of_The_Same_Type_Even_With_The_Same_Identifier" computerName="OPP-0351" duration="00:00:00.0006989" startTime="2010-06-30T15:37:11.6353854+01:00" endTime="2010-06-30T15:37:11.6353854+01:00" testType="13cdc9d9-ddb5-4fa4-a97d-d965ccfc6d4b" outcome="Passed" testListId="8c84fa94-04c1-424b-9868-57a2d4851a1d" relativeResultsDirectory="83866d87-1009-486e-bf97-3ea678d49728">
    </UnitTestResult>
    <UnitTestResult executionId="17d4b57f-dc21-410f-baf7-a6668c66475a" testId="42b0c996-e6f9-d24f-102e-95ed93c426f4" testName="DomainEntities_Are_Not_Equal_If_They_Are_Not_Transient_And_Have_Different_Identifiers" computerName="OPP-0351" duration="00:00:00.0010825" startTime="2010-06-30T15:37:11.6353854+01:00" endTime="2010-06-30T15:37:11.6353854+01:00" testType="13cdc9d9-ddb5-4fa4-a97d-d965ccfc6d4b" outcome="Passed" testListId="8c84fa94-04c1-424b-9868-57a2d4851a1d" relativeResultsDirectory="17d4b57f-dc21-410f-baf7-a6668c66475a">
    </UnitTestResult>
    <UnitTestResult executionId="823f0d7c-de00-460f-af95-6db55310de26" testId="c2b1b347-cbd5-0f43-63fc-8f21d9818e51" testName="DomainEntities_Are_Not_Equal_If_They_Are_Transient_And_Have_Different_Business_Signatures" computerName="OPP-0351" duration="00:00:00.0016789" startTime="2010-06-30T15:37:11.6353854+01:00" endTime="2010-06-30T15:37:11.6510107+01:00" testType="13cdc9d9-ddb5-4fa4-a97d-d965ccfc6d4b" outcome="Passed" testListId="8c84fa94-04c1-424b-9868-57a2d4851a1d" relativeResultsDirectory="823f0d7c-de00-460f-af95-6db55310de26">
    </UnitTestResult>
    <UnitTestResult executionId="a5abf0a5-913c-4aa8-9761-d80715396842" testId="d99bb741-bc79-c885-6784-0d8b8ce84b84" testName="DomainEntities_Do_Not_Have_The_Same_Hascode_If_They_Are_Not_Of_The_Same_Type_And_Transient" computerName="OPP-0351" duration="00:00:00.0046243" startTime="2010-06-30T15:37:11.6510107+01:00" endTime="2010-06-30T15:37:11.6510107+01:00" testType="13cdc9d9-ddb5-4fa4-a97d-d965ccfc6d4b" outcome="Passed" testListId="8c84fa94-04c1-424b-9868-57a2d4851a1d" relativeResultsDirectory="a5abf0a5-913c-4aa8-9761-d80715396842">
    </UnitTestResult>
    <UnitTestResult executionId="2d198efb-ad02-41fc-a9d4-63518e424831" testId="18e72f22-afeb-7b66-938c-ae805a2e69c5" testName="DomainEntities_Do_Not_Have_The_Same_Hascode_If_They_Are_Not_Of_The_Same_Type_Even_With_The_Same_Identifier" computerName="OPP-0351" duration="00:00:00.0005791" startTime="2010-06-30T15:37:11.6510107+01:00" endTime="2010-06-30T15:37:11.6510107+01:00" testType="13cdc9d9-ddb5-4fa4-a97d-d965ccfc6d4b" outcome="Passed" testListId="8c84fa94-04c1-424b-9868-57a2d4851a1d" relativeResultsDirectory="2d198efb-ad02-41fc-a9d4-63518e424831">
    </UnitTestResult>
    <UnitTestResult executionId="b7207e8c-3e8e-4d21-8be7-425c4368348e" testId="1a82b24e-27a4-4c87-67bc-d8e85d3c511d" testName="DomainEntities_Do_Not_Have_The_Same_Hashcode_If_They_Are_Not_Transient_And_Have_Different_Identifiers" computerName="OPP-0351" duration="00:00:00.0005816" startTime="2010-06-30T15:37:11.6510107+01:00" endTime="2010-06-30T15:37:11.6510107+01:00" testType="13cdc9d9-ddb5-4fa4-a97d-d965ccfc6d4b" outcome="Passed" testListId="8c84fa94-04c1-424b-9868-57a2d4851a1d" relativeResultsDirectory="b7207e8c-3e8e-4d21-8be7-425c4368348e">
    </UnitTestResult>
    <UnitTestResult executionId="316287cc-3760-4d05-8097-4892ff30c9d7" testId="a805cd9f-82c4-624e-baa8-7c5d0e09d109" testName="DomainEntities_Do_Not_Have_The_Same_Hashcode_If_They_Are_Transient_And_Have_Different_Business_Signatures" computerName="OPP-0351" duration="00:00:00.0006690" startTime="2010-06-30T15:37:11.6510107+01:00" endTime="2010-06-30T15:37:11.6666360+01:00" testType="13cdc9d9-ddb5-4fa4-a97d-d965ccfc6d4b" outcome="Passed" testListId="8c84fa94-04c1-424b-9868-57a2d4851a1d" relativeResultsDirectory="316287cc-3760-4d05-8097-4892ff30c9d7">
    </UnitTestResult>
    <UnitTestResult executionId="20fe7ceb-0c01-43fe-8a25-3da018c25de3" testId="067ca797-5077-a8bc-338c-8aeb6d44a0a4" testName="DomainEntities_Have_The_Same_Hashcode_If_They_Are_Not_Transient_And_Have_The_Same_Identifier" computerName="OPP-0351" duration="00:00:00.0009006" startTime="2010-06-30T15:37:11.6666360+01:00" endTime="2010-06-30T15:37:11.6666360+01:00" testType="13cdc9d9-ddb5-4fa4-a97d-d965ccfc6d4b" outcome="Passed" testListId="8c84fa94-04c1-424b-9868-57a2d4851a1d" relativeResultsDirectory="20fe7ceb-0c01-43fe-8a25-3da018c25de3">
    </UnitTestResult>
    <UnitTestResult executionId="4e34f229-78a8-45bb-b18c-567f10c50559" testId="0694b641-f0ee-240f-009b-db7e4c15e7cf" testName="DomainEntities_Have_The_Same_Hashcode_If_They_Are_Transient_And_Have_The_Same_Business_Signature" computerName="OPP-0351" duration="00:00:00.0010627" startTime="2010-06-30T15:37:11.6666360+01:00" endTime="2010-06-30T15:37:11.6666360+01:00" testType="13cdc9d9-ddb5-4fa4-a97d-d965ccfc6d4b" outcome="Passed" testListId="8c84fa94-04c1-424b-9868-57a2d4851a1d" relativeResultsDirectory="4e34f229-78a8-45bb-b18c-567f10c50559">
    </UnitTestResult>
    <UnitTestResult executionId="32872bb1-c7f8-47a6-b7ab-90fec06573df" testId="af2683a9-3214-b8ba-a000-9e5ed7aeaa58" testName="DomainEntity_Business_Signature_Changes_When_Signature_Property_Values_Change" computerName="OPP-0351" duration="00:00:00.0007674" startTime="2010-06-30T15:37:11.6666360+01:00" endTime="2010-06-30T15:37:11.6666360+01:00" testType="13cdc9d9-ddb5-4fa4-a97d-d965ccfc6d4b" outcome="Passed" testListId="8c84fa94-04c1-424b-9868-57a2d4851a1d" relativeResultsDirectory="32872bb1-c7f8-47a6-b7ab-90fec06573df">
    </UnitTestResult>
    <UnitTestResult executionId="de476fc4-e28c-4632-a969-9e61af08564e" testId="1920a1d9-6477-aad3-7eab-201430ae59ce" testName="DomainEntity_Business_Signature_Does_Not_Change_When_Non_Signature_Property_Values_Change" computerName="OPP-0351" duration="00:00:00.0009017" startTime="2010-06-30T15:37:11.6666360+01:00" endTime="2010-06-30T15:37:11.6666360+01:00" testType="13cdc9d9-ddb5-4fa4-a97d-d965ccfc6d4b" outcome="Passed" testListId="8c84fa94-04c1-424b-9868-57a2d4851a1d" relativeResultsDirectory="de476fc4-e28c-4632-a969-9e61af08564e">
    </UnitTestResult>
    <UnitTestResult executionId="6096b260-b5c5-4a04-a63d-206e3adfa25a" testId="25b2840f-bb52-8179-e1cb-40b7d374cf61" testName="DomainEntity_Has_Expected_Business_Signature" computerName="OPP-0351" duration="00:00:00.0010465" startTime="2010-06-30T15:37:11.6666360+01:00" endTime="2010-06-30T15:37:11.6666360+01:00" testType="13cdc9d9-ddb5-4fa4-a97d-d965ccfc6d4b" outcome="Passed" testListId="8c84fa94-04c1-424b-9868-57a2d4851a1d" relativeResultsDirectory="6096b260-b5c5-4a04-a63d-206e3adfa25a">
    </UnitTestResult>
    <UnitTestResult executionId="5266ed63-5e24-405c-9979-3310e3f8f766" testId="0a9e09dd-eac6-0095-add5-f1bbcdef9a2a" testName="DomainEntity_Has_Expected_Business_Signature_Properties" computerName="OPP-0351" duration="00:00:00.0024695" startTime="2010-06-30T15:37:11.6822613+01:00" endTime="2010-06-30T15:37:11.6822613+01:00" testType="13cdc9d9-ddb5-4fa4-a97d-d965ccfc6d4b" outcome="Passed" testListId="8c84fa94-04c1-424b-9868-57a2d4851a1d" relativeResultsDirectory="5266ed63-5e24-405c-9979-3310e3f8f766">
    </UnitTestResult>
    <UnitTestResult executionId="58f3f13c-ad30-48ee-816c-b7a951dbd165" testId="bb1dc70f-d7e6-a67c-20d4-985035c8616c" testName="DomainEntity_Is_Initialised_With_Expected_Values" computerName="OPP-0351" duration="00:00:00.0190018" startTime="2010-06-30T15:37:11.6822613+01:00" endTime="2010-06-30T15:37:11.6978866+01:00" testType="13cdc9d9-ddb5-4fa4-a97d-d965ccfc6d4b" outcome="Passed" testListId="8c84fa94-04c1-424b-9868-57a2d4851a1d" relativeResultsDirectory="58f3f13c-ad30-48ee-816c-b7a951dbd165">
    </UnitTestResult>
    <UnitTestResult executionId="b5d0f20b-2dba-4d2a-b3a8-32c089823216" testId="d809f0ea-5025-ef8f-d0d6-d1e4843c4e76" testName="DomainEntity_With_Default_Value_Identifier_Is_Transient" computerName="OPP-0351" duration="00:00:00.0021265" startTime="2010-06-30T15:37:11.6978866+01:00" endTime="2010-06-30T15:37:11.7135119+01:00" testType="13cdc9d9-ddb5-4fa4-a97d-d965ccfc6d4b" outcome="Passed" testListId="8c84fa94-04c1-424b-9868-57a2d4851a1d" relativeResultsDirectory="b5d0f20b-2dba-4d2a-b3a8-32c089823216">
    </UnitTestResult>
    <UnitTestResult executionId="a2ee642f-1e9f-48db-ae6b-8b131a3e0f9a" testId="c0d094d6-c4be-3efa-5c36-6df1d3e85b64" testName="DomainEntity_With_Non_Default_Identifier_Is_Not_Transient" computerName="OPP-0351" duration="00:00:00.0009822" startTime="2010-06-30T15:37:11.7135119+01:00" endTime="2010-06-30T15:37:11.7135119+01:00" testType="13cdc9d9-ddb5-4fa4-a97d-d965ccfc6d4b" outcome="Passed" testListId="8c84fa94-04c1-424b-9868-57a2d4851a1d" relativeResultsDirectory="a2ee642f-1e9f-48db-ae6b-8b131a3e0f9a">
    </UnitTestResult>
  </Results>
</TestRun>