<?xml version="1.0" encoding="UTF-8"?>
<TestRun id="d606e166-38fb-4f5d-9e8e-7a8488f64b11" name="mark.yates@OPP-0351 2010-06-30 12:59:17" runUser="OPP-LINKS\mark.yates" xmlns="http://microsoft.com/schemas/VisualStudio/TeamTest/2010">
  <TestSettings name="Local" id="2b388358-6315-4145-a2b9-4d891e7ea305">
    <Description>These are default test settings for a local test run.</Description>
    <Deployment enabled="false" runDeploymentRoot="mark.yates_OPP-0351 2010-06-30 12_59_17" />
    <Execution>
      <TestTypeSpecific />
      <AgentRule name="Execution Agents">
      </AgentRule>
    </Execution>
  </TestSettings>
  <Times creation="2010-06-30T12:59:17.2034798+01:00" queuing="2010-06-30T12:59:17.4691099+01:00" start="2010-06-30T12:59:17.7034894+01:00" finish="2010-06-30T12:59:18.0159954+01:00" />
  <ResultSummary outcome="Failed">
    <Counters total="14" executed="14" passed="13" error="0" failed="1" timeout="0" aborted="0" inconclusive="0" passedButRunAborted="0" notRunnable="0" notExecuted="0" disconnected="0" warning="0" completed="0" inProgress="0" pending="0" />
  </ResultSummary>
  <TestDefinitions>
    <UnitTest name="DomainEntity_Has_Expected_Business_Signature_Properties" storage="c:\projects\groove\groove.domain.tests\bin\debug\groove.domain.tests.dll" id="0a9e09dd-eac6-0095-add5-f1bbcdef9a2a">
      <Execution timeOut="1800000" id="c8251387-be1c-465f-8a3a-8d2a47e87b1f" />
      <TestMethod codeBase="C:/Projects/Groove/Groove.Domain.Tests/bin/Debug/Groove.Domain.Tests.DLL" adapterTypeName="Microsoft.VisualStudio.TestTools.TestTypes.Unit.UnitTestAdapter, Microsoft.VisualStudio.QualityTools.Tips.UnitTest.Adapter, Version=10.0.0.0, Culture=neutral, PublicKeyToken=b03f5f7f11d50a3a" className="Groove.Domain.Tests.Entities.DomainEntityTests, Groove.Domain.Tests, Version=1.0.0.0, Culture=neutral, PublicKeyToken=c3b9e58c04c63546" name="DomainEntity_Has_Expected_Business_Signature_Properties" />
    </UnitTest>
    <UnitTest name="DomainEntities_Are_Equal_If_They_Are_Not_Transient_And_Have_The_Same_Identifier" storage="c:\projects\groove\groove.domain.tests\bin\debug\groove.domain.tests.dll" id="bcec9410-4c5e-1846-6f3c-c94a1006e7d5">
      <Execution timeOut="1800000" id="e35fec72-5de9-40cf-8120-fcb0e085a338" />
      <TestMethod codeBase="C:/Projects/Groove/Groove.Domain.Tests/bin/Debug/Groove.Domain.Tests.DLL" adapterTypeName="Microsoft.VisualStudio.TestTools.TestTypes.Unit.UnitTestAdapter, Microsoft.VisualStudio.QualityTools.Tips.UnitTest.Adapter, Version=10.0.0.0, Culture=neutral, PublicKeyToken=b03f5f7f11d50a3a" className="Groove.Domain.Tests.Entities.DomainEntityTests, Groove.Domain.Tests, Version=1.0.0.0, Culture=neutral, PublicKeyToken=c3b9e58c04c63546" name="DomainEntities_Are_Equal_If_They_Are_Not_Transient_And_Have_The_Same_Identifier" />
    </UnitTest>
    <UnitTest name="DomainEntities_Do_Not_Have_The_Same_Hashcode_If_They_Are_Transient_And_Have_Different_Business_Signatures" storage="c:\projects\groove\groove.domain.tests\bin\debug\groove.domain.tests.dll" id="a805cd9f-82c4-624e-baa8-7c5d0e09d109">
      <Execution timeOut="1800000" id="0761a334-e997-49c0-9b14-d8966bbdab60" />
      <TestMethod codeBase="C:/Projects/Groove/Groove.Domain.Tests/bin/Debug/Groove.Domain.Tests.DLL" adapterTypeName="Microsoft.VisualStudio.TestTools.TestTypes.Unit.UnitTestAdapter, Microsoft.VisualStudio.QualityTools.Tips.UnitTest.Adapter, Version=10.0.0.0, Culture=neutral, PublicKeyToken=b03f5f7f11d50a3a" className="Groove.Domain.Tests.Entities.DomainEntityTests, Groove.Domain.Tests, Version=1.0.0.0, Culture=neutral, PublicKeyToken=c3b9e58c04c63546" name="DomainEntities_Do_Not_Have_The_Same_Hashcode_If_They_Are_Transient_And_Have_Different_Business_Signatures" />
    </UnitTest>
    <UnitTest name="DomainEntity_With_Default_Value_Identifier_Is_Transient" storage="c:\projects\groove\groove.domain.tests\bin\debug\groove.domain.tests.dll" id="d809f0ea-5025-ef8f-d0d6-d1e4843c4e76">
      <Execution timeOut="1800000" id="d2e02bfd-34d1-4a17-8f48-de9e6aac23fd" />
      <TestMethod codeBase="C:/Projects/Groove/Groove.Domain.Tests/bin/Debug/Groove.Domain.Tests.DLL" adapterTypeName="Microsoft.VisualStudio.TestTools.TestTypes.Unit.UnitTestAdapter, Microsoft.VisualStudio.QualityTools.Tips.UnitTest.Adapter, Version=10.0.0.0, Culture=neutral, PublicKeyToken=b03f5f7f11d50a3a" className="Groove.Domain.Tests.Entities.DomainEntityTests, Groove.Domain.Tests, Version=1.0.0.0, Culture=neutral, PublicKeyToken=c3b9e58c04c63546" name="DomainEntity_With_Default_Value_Identifier_Is_Transient" />
    </UnitTest>
    <UnitTest name="DomainEntity_Business_Signature_Does_Not_Change_When_Non_Signature_Property_Values_Change" storage="c:\projects\groove\groove.domain.tests\bin\debug\groove.domain.tests.dll" id="1920a1d9-6477-aad3-7eab-201430ae59ce">
      <Execution timeOut="1800000" id="38071c8b-56de-4da8-9203-8ba5ba71c286" />
      <TestMethod codeBase="C:/Projects/Groove/Groove.Domain.Tests/bin/Debug/Groove.Domain.Tests.DLL" adapterTypeName="Microsoft.VisualStudio.TestTools.TestTypes.Unit.UnitTestAdapter, Microsoft.VisualStudio.QualityTools.Tips.UnitTest.Adapter, Version=10.0.0.0, Culture=neutral, PublicKeyToken=b03f5f7f11d50a3a" className="Groove.Domain.Tests.Entities.DomainEntityTests, Groove.Domain.Tests, Version=1.0.0.0, Culture=neutral, PublicKeyToken=c3b9e58c04c63546" name="DomainEntity_Business_Signature_Does_Not_Change_When_Non_Signature_Property_Values_Change" />
    </UnitTest>
    <UnitTest name="DomainEntities_Do_Not_Have_The_Same_Hashcode_If_They_Are_Not_Transient_And_Have_Different_Identifiers" storage="c:\projects\groove\groove.domain.tests\bin\debug\groove.domain.tests.dll" id="1a82b24e-27a4-4c87-67bc-d8e85d3c511d">
      <Execution timeOut="1800000" id="ec75e27e-1f0c-4e62-87d7-d64669982364" />
      <TestMethod codeBase="C:/Projects/Groove/Groove.Domain.Tests/bin/Debug/Groove.Domain.Tests.DLL" adapterTypeName="Microsoft.VisualStudio.TestTools.TestTypes.Unit.UnitTestAdapter, Microsoft.VisualStudio.QualityTools.Tips.UnitTest.Adapter, Version=10.0.0.0, Culture=neutral, PublicKeyToken=b03f5f7f11d50a3a" className="Groove.Domain.Tests.Entities.DomainEntityTests, Groove.Domain.Tests, Version=1.0.0.0, Culture=neutral, PublicKeyToken=c3b9e58c04c63546" name="DomainEntities_Do_Not_Have_The_Same_Hashcode_If_They_Are_Not_Transient_And_Have_Different_Identifiers" />
    </UnitTest>
    <UnitTest name="DomainEntities_Do_Not_Have_The_Same_Hascode_If_They_Are_Not_Of_The_Same_Type_And_Transient" storage="c:\projects\groove\groove.domain.tests\bin\debug\groove.domain.tests.dll" id="d99bb741-bc79-c885-6784-0d8b8ce84b84">
      <Execution timeOut="1800000" id="4dc07c45-e708-44ce-aa5c-3cdc9a9d9ef0" />
      <TestMethod codeBase="C:/Projects/Groove/Groove.Domain.Tests/bin/Debug/Groove.Domain.Tests.DLL" adapterTypeName="Microsoft.VisualStudio.TestTools.TestTypes.Unit.UnitTestAdapter, Microsoft.VisualStudio.QualityTools.Tips.UnitTest.Adapter, Version=10.0.0.0, Culture=neutral, PublicKeyToken=b03f5f7f11d50a3a" className="Groove.Domain.Tests.Entities.DomainEntityTests, Groove.Domain.Tests, Version=1.0.0.0, Culture=neutral, PublicKeyToken=c3b9e58c04c63546" name="DomainEntities_Do_Not_Have_The_Same_Hascode_If_They_Are_Not_Of_The_Same_Type_And_Transient" />
    </UnitTest>
    <UnitTest name="DomainEntities_Have_The_Same_Hashcode_If_They_Are_Transient_And_Have_The_Same_Business_Signature" storage="c:\projects\groove\groove.domain.tests\bin\debug\groove.domain.tests.dll" id="0694b641-f0ee-240f-009b-db7e4c15e7cf">
      <Execution timeOut="1800000" id="c95a4494-e143-491b-914c-bfbd81ed073b" />
      <TestMethod codeBase="C:/Projects/Groove/Groove.Domain.Tests/bin/Debug/Groove.Domain.Tests.DLL" adapterTypeName="Microsoft.VisualStudio.TestTools.TestTypes.Unit.UnitTestAdapter, Microsoft.VisualStudio.QualityTools.Tips.UnitTest.Adapter, Version=10.0.0.0, Culture=neutral, PublicKeyToken=b03f5f7f11d50a3a" className="Groove.Domain.Tests.Entities.DomainEntityTests, Groove.Domain.Tests, Version=1.0.0.0, Culture=neutral, PublicKeyToken=c3b9e58c04c63546" name="DomainEntities_Have_The_Same_Hashcode_If_They_Are_Transient_And_Have_The_Same_Business_Signature" />
    </UnitTest>
    <UnitTest name="DomainEntity_Is_Initialised_With_Expected_Values" storage="c:\projects\groove\groove.domain.tests\bin\debug\groove.domain.tests.dll" id="bb1dc70f-d7e6-a67c-20d4-985035c8616c">
      <Execution timeOut="1800000" id="45f46cdf-a62c-4b0f-9a41-5f9b5918ed51" />
      <TestMethod codeBase="C:/Projects/Groove/Groove.Domain.Tests/bin/Debug/Groove.Domain.Tests.DLL" adapterTypeName="Microsoft.VisualStudio.TestTools.TestTypes.Unit.UnitTestAdapter, Microsoft.VisualStudio.QualityTools.Tips.UnitTest.Adapter, Version=10.0.0.0, Culture=neutral, PublicKeyToken=b03f5f7f11d50a3a" className="Groove.Domain.Tests.Entities.DomainEntityTests, Groove.Domain.Tests, Version=1.0.0.0, Culture=neutral, PublicKeyToken=c3b9e58c04c63546" name="DomainEntity_Is_Initialised_With_Expected_Values" />
    </UnitTest>
    <UnitTest name="DomainEntities_Do_Not_Have_The_Same_Hascode_If_They_Are_Not_Of_The_Same_Type_Even_With_The_Same_Identifier" storage="c:\projects\groove\groove.domain.tests\bin\debug\groove.domain.tests.dll" id="18e72f22-afeb-7b66-938c-ae805a2e69c5">
      <Execution timeOut="1800000" id="b156fe15-1b89-4f86-8616-8a995e1988b8" />
      <TestMethod codeBase="C:/Projects/Groove/Groove.Domain.Tests/bin/Debug/Groove.Domain.Tests.DLL" adapterTypeName="Microsoft.VisualStudio.TestTools.TestTypes.Unit.UnitTestAdapter, Microsoft.VisualStudio.QualityTools.Tips.UnitTest.Adapter, Version=10.0.0.0, Culture=neutral, PublicKeyToken=b03f5f7f11d50a3a" className="Groove.Domain.Tests.Entities.DomainEntityTests, Groove.Domain.Tests, Version=1.0.0.0, Culture=neutral, PublicKeyToken=c3b9e58c04c63546" name="DomainEntities_Do_Not_Have_The_Same_Hascode_If_They_Are_Not_Of_The_Same_Type_Even_With_The_Same_Identifier" />
    </UnitTest>
    <UnitTest name="DomainEntity_With_Non_Default_Identifier_Is_Not_Transient" storage="c:\projects\groove\groove.domain.tests\bin\debug\groove.domain.tests.dll" id="c0d094d6-c4be-3efa-5c36-6df1d3e85b64">
      <Execution timeOut="1800000" id="8f7cda05-db67-45ac-b0a4-48caf0717c05" />
      <TestMethod codeBase="C:/Projects/Groove/Groove.Domain.Tests/bin/Debug/Groove.Domain.Tests.DLL" adapterTypeName="Microsoft.VisualStudio.TestTools.TestTypes.Unit.UnitTestAdapter, Microsoft.VisualStudio.QualityTools.Tips.UnitTest.Adapter, Version=10.0.0.0, Culture=neutral, PublicKeyToken=b03f5f7f11d50a3a" className="Groove.Domain.Tests.Entities.DomainEntityTests, Groove.Domain.Tests, Version=1.0.0.0, Culture=neutral, PublicKeyToken=c3b9e58c04c63546" name="DomainEntity_With_Non_Default_Identifier_Is_Not_Transient" />
    </UnitTest>
    <UnitTest name="DomainEntity_Business_Signature_Changes_When_Signature_Property_Values_Change" storage="c:\projects\groove\groove.domain.tests\bin\debug\groove.domain.tests.dll" id="af2683a9-3214-b8ba-a000-9e5ed7aeaa58">
      <Execution timeOut="1800000" id="a05ffef8-3bc0-42b3-8bb2-58a30b6f25a5" />
      <TestMethod codeBase="C:/Projects/Groove/Groove.Domain.Tests/bin/Debug/Groove.Domain.Tests.DLL" adapterTypeName="Microsoft.VisualStudio.TestTools.TestTypes.Unit.UnitTestAdapter, Microsoft.VisualStudio.QualityTools.Tips.UnitTest.Adapter, Version=10.0.0.0, Culture=neutral, PublicKeyToken=b03f5f7f11d50a3a" className="Groove.Domain.Tests.Entities.DomainEntityTests, Groove.Domain.Tests, Version=1.0.0.0, Culture=neutral, PublicKeyToken=c3b9e58c04c63546" name="DomainEntity_Business_Signature_Changes_When_Signature_Property_Values_Change" />
    </UnitTest>
    <UnitTest name="DomainEntities_Have_The_Same_Hashcode_If_They_Are_Not_Transient_And_Have_The_Same_Identifier" storage="c:\projects\groove\groove.domain.tests\bin\debug\groove.domain.tests.dll" id="067ca797-5077-a8bc-338c-8aeb6d44a0a4">
      <Execution timeOut="1800000" id="ab32e2a6-a4d0-48c0-aaf7-9e76bd983e2e" />
      <TestMethod codeBase="C:/Projects/Groove/Groove.Domain.Tests/bin/Debug/Groove.Domain.Tests.DLL" adapterTypeName="Microsoft.VisualStudio.TestTools.TestTypes.Unit.UnitTestAdapter, Microsoft.VisualStudio.QualityTools.Tips.UnitTest.Adapter, Version=10.0.0.0, Culture=neutral, PublicKeyToken=b03f5f7f11d50a3a" className="Groove.Domain.Tests.Entities.DomainEntityTests, Groove.Domain.Tests, Version=1.0.0.0, Culture=neutral, PublicKeyToken=c3b9e58c04c63546" name="DomainEntities_Have_The_Same_Hashcode_If_They_Are_Not_Transient_And_Have_The_Same_Identifier" />
    </UnitTest>
    <UnitTest name="DomainEntity_Has_Expected_Business_Signature" storage="c:\projects\groove\groove.domain.tests\bin\debug\groove.domain.tests.dll" id="25b2840f-bb52-8179-e1cb-40b7d374cf61">
      <Execution timeOut="1800000" id="19e28db9-e039-4626-8119-c462cc034cdf" />
      <TestMethod codeBase="C:/Projects/Groove/Groove.Domain.Tests/bin/Debug/Groove.Domain.Tests.DLL" adapterTypeName="Microsoft.VisualStudio.TestTools.TestTypes.Unit.UnitTestAdapter, Microsoft.VisualStudio.QualityTools.Tips.UnitTest.Adapter, Version=10.0.0.0, Culture=neutral, PublicKeyToken=b03f5f7f11d50a3a" className="Groove.Domain.Tests.Entities.DomainEntityTests, Groove.Domain.Tests, Version=1.0.0.0, Culture=neutral, PublicKeyToken=c3b9e58c04c63546" name="DomainEntity_Has_Expected_Business_Signature" />
    </UnitTest>
  </TestDefinitions>
  <TestLists>
    <TestList name="Results Not in a List" id="8c84fa94-04c1-424b-9868-57a2d4851a1d" />
    <TestList name="All Loaded Results" id="19431567-8539-422a-85d7-44ee4e166bda" />
  </TestLists>
  <TestEntries>
    <TestEntry testId="bcec9410-4c5e-1846-6f3c-c94a1006e7d5" executionId="e35fec72-5de9-40cf-8120-fcb0e085a338" testListId="8c84fa94-04c1-424b-9868-57a2d4851a1d" />
    <TestEntry testId="d99bb741-bc79-c885-6784-0d8b8ce84b84" executionId="4dc07c45-e708-44ce-aa5c-3cdc9a9d9ef0" testListId="8c84fa94-04c1-424b-9868-57a2d4851a1d" />
    <TestEntry testId="18e72f22-afeb-7b66-938c-ae805a2e69c5" executionId="b156fe15-1b89-4f86-8616-8a995e1988b8" testListId="8c84fa94-04c1-424b-9868-57a2d4851a1d" />
    <TestEntry testId="1a82b24e-27a4-4c87-67bc-d8e85d3c511d" executionId="ec75e27e-1f0c-4e62-87d7-d64669982364" testListId="8c84fa94-04c1-424b-9868-57a2d4851a1d" />
    <TestEntry testId="a805cd9f-82c4-624e-baa8-7c5d0e09d109" executionId="0761a334-e997-49c0-9b14-d8966bbdab60" testListId="8c84fa94-04c1-424b-9868-57a2d4851a1d" />
    <TestEntry testId="067ca797-5077-a8bc-338c-8aeb6d44a0a4" executionId="ab32e2a6-a4d0-48c0-aaf7-9e76bd983e2e" testListId="8c84fa94-04c1-424b-9868-57a2d4851a1d" />
    <TestEntry testId="0694b641-f0ee-240f-009b-db7e4c15e7cf" executionId="c95a4494-e143-491b-914c-bfbd81ed073b" testListId="8c84fa94-04c1-424b-9868-57a2d4851a1d" />
    <TestEntry testId="af2683a9-3214-b8ba-a000-9e5ed7aeaa58" executionId="a05ffef8-3bc0-42b3-8bb2-58a30b6f25a5" testListId="8c84fa94-04c1-424b-9868-57a2d4851a1d" />
    <TestEntry testId="1920a1d9-6477-aad3-7eab-201430ae59ce" executionId="38071c8b-56de-4da8-9203-8ba5ba71c286" testListId="8c84fa94-04c1-424b-9868-57a2d4851a1d" />
    <TestEntry testId="25b2840f-bb52-8179-e1cb-40b7d374cf61" executionId="19e28db9-e039-4626-8119-c462cc034cdf" testListId="8c84fa94-04c1-424b-9868-57a2d4851a1d" />
    <TestEntry testId="0a9e09dd-eac6-0095-add5-f1bbcdef9a2a" executionId="c8251387-be1c-465f-8a3a-8d2a47e87b1f" testListId="8c84fa94-04c1-424b-9868-57a2d4851a1d" />
    <TestEntry testId="bb1dc70f-d7e6-a67c-20d4-985035c8616c" executionId="45f46cdf-a62c-4b0f-9a41-5f9b5918ed51" testListId="8c84fa94-04c1-424b-9868-57a2d4851a1d" />
    <TestEntry testId="d809f0ea-5025-ef8f-d0d6-d1e4843c4e76" executionId="d2e02bfd-34d1-4a17-8f48-de9e6aac23fd" testListId="8c84fa94-04c1-424b-9868-57a2d4851a1d" />
    <TestEntry testId="c0d094d6-c4be-3efa-5c36-6df1d3e85b64" executionId="8f7cda05-db67-45ac-b0a4-48caf0717c05" testListId="8c84fa94-04c1-424b-9868-57a2d4851a1d" />
  </TestEntries>
  <Results>
    <UnitTestResult executionId="e35fec72-5de9-40cf-8120-fcb0e085a338" testId="bcec9410-4c5e-1846-6f3c-c94a1006e7d5" testName="DomainEntities_Are_Equal_If_They_Are_Not_Transient_And_Have_The_Same_Identifier" computerName="OPP-0351" duration="00:00:00.0183132" startTime="2010-06-30T12:59:17.7659906+01:00" endTime="2010-06-30T12:59:17.8441171+01:00" testType="13cdc9d9-ddb5-4fa4-a97d-d965ccfc6d4b" outcome="Passed" testListId="8c84fa94-04c1-424b-9868-57a2d4851a1d" relativeResultsDirectory="e35fec72-5de9-40cf-8120-fcb0e085a338">
    </UnitTestResult>
    <UnitTestResult executionId="4dc07c45-e708-44ce-aa5c-3cdc9a9d9ef0" testId="d99bb741-bc79-c885-6784-0d8b8ce84b84" testName="DomainEntities_Do_Not_Have_The_Same_Hascode_If_They_Are_Not_Of_The_Same_Type_And_Transient" computerName="OPP-0351" duration="00:00:00.0221726" startTime="2010-06-30T12:59:17.8441171+01:00" endTime="2010-06-30T12:59:17.8753677+01:00" testType="13cdc9d9-ddb5-4fa4-a97d-d965ccfc6d4b" outcome="Passed" testListId="8c84fa94-04c1-424b-9868-57a2d4851a1d" relativeResultsDirectory="4dc07c45-e708-44ce-aa5c-3cdc9a9d9ef0">
    </UnitTestResult>
    <UnitTestResult executionId="b156fe15-1b89-4f86-8616-8a995e1988b8" testId="18e72f22-afeb-7b66-938c-ae805a2e69c5" testName="DomainEntities_Do_Not_Have_The_Same_Hascode_If_They_Are_Not_Of_The_Same_Type_Even_With_The_Same_Identifier" computerName="OPP-0351" duration="00:00:00.0015770" startTime="2010-06-30T12:59:17.8753677+01:00" endTime="2010-06-30T12:59:17.8753677+01:00" testType="13cdc9d9-ddb5-4fa4-a97d-d965ccfc6d4b" outcome="Passed" testListId="8c84fa94-04c1-424b-9868-57a2d4851a1d" relativeResultsDirectory="b156fe15-1b89-4f86-8616-8a995e1988b8">
    </UnitTestResult>
    <UnitTestResult executionId="ec75e27e-1f0c-4e62-87d7-d64669982364" testId="1a82b24e-27a4-4c87-67bc-d8e85d3c511d" testName="DomainEntities_Do_Not_Have_The_Same_Hashcode_If_They_Are_Not_Transient_And_Have_Different_Identifiers" computerName="OPP-0351" duration="00:00:00.0006408" startTime="2010-06-30T12:59:17.8753677+01:00" endTime="2010-06-30T12:59:17.8753677+01:00" testType="13cdc9d9-ddb5-4fa4-a97d-d965ccfc6d4b" outcome="Passed" testListId="8c84fa94-04c1-424b-9868-57a2d4851a1d" relativeResultsDirectory="ec75e27e-1f0c-4e62-87d7-d64669982364">
    </UnitTestResult>
    <UnitTestResult executionId="0761a334-e997-49c0-9b14-d8966bbdab60" testId="a805cd9f-82c4-624e-baa8-7c5d0e09d109" testName="DomainEntities_Do_Not_Have_The_Same_Hashcode_If_They_Are_Transient_And_Have_Different_Business_Signatures" computerName="OPP-0351" duration="00:00:00.0015867" startTime="2010-06-30T12:59:17.8753677+01:00" endTime="2010-06-30T12:59:17.8909930+01:00" testType="13cdc9d9-ddb5-4fa4-a97d-d965ccfc6d4b" outcome="Passed" testListId="8c84fa94-04c1-424b-9868-57a2d4851a1d" relativeResultsDirectory="0761a334-e997-49c0-9b14-d8966bbdab60">
    </UnitTestResult>
    <UnitTestResult executionId="ab32e2a6-a4d0-48c0-aaf7-9e76bd983e2e" testId="067ca797-5077-a8bc-338c-8aeb6d44a0a4" testName="DomainEntities_Have_The_Same_Hashcode_If_They_Are_Not_Transient_And_Have_The_Same_Identifier" computerName="OPP-0351" duration="00:00:00.0010456" startTime="2010-06-30T12:59:17.8909930+01:00" endTime="2010-06-30T12:59:17.8909930+01:00" testType="13cdc9d9-ddb5-4fa4-a97d-d965ccfc6d4b" outcome="Passed" testListId="8c84fa94-04c1-424b-9868-57a2d4851a1d" relativeResultsDirectory="ab32e2a6-a4d0-48c0-aaf7-9e76bd983e2e">
    </UnitTestResult>
    <UnitTestResult executionId="c95a4494-e143-491b-914c-bfbd81ed073b" testId="0694b641-f0ee-240f-009b-db7e4c15e7cf" testName="DomainEntities_Have_The_Same_Hashcode_If_They_Are_Transient_And_Have_The_Same_Business_Signature" computerName="OPP-0351" duration="00:00:00.0004841" startTime="2010-06-30T12:59:17.8909930+01:00" endTime="2010-06-30T12:59:17.8909930+01:00" testType="13cdc9d9-ddb5-4fa4-a97d-d965ccfc6d4b" outcome="Passed" testListId="8c84fa94-04c1-424b-9868-57a2d4851a1d" relativeResultsDirectory="c95a4494-e143-491b-914c-bfbd81ed073b">
    </UnitTestResult>
    <UnitTestResult executionId="a05ffef8-3bc0-42b3-8bb2-58a30b6f25a5" testId="af2683a9-3214-b8ba-a000-9e5ed7aeaa58" testName="DomainEntity_Business_Signature_Changes_When_Signature_Property_Values_Change" computerName="OPP-0351" duration="00:00:00.0045533" startTime="2010-06-30T12:59:17.8909930+01:00" endTime="2010-06-30T12:59:17.9066183+01:00" testType="13cdc9d9-ddb5-4fa4-a97d-d965ccfc6d4b" outcome="Passed" testListId="8c84fa94-04c1-424b-9868-57a2d4851a1d" relativeResultsDirectory="a05ffef8-3bc0-42b3-8bb2-58a30b6f25a5">
    </UnitTestResult>
    <UnitTestResult executionId="38071c8b-56de-4da8-9203-8ba5ba71c286" testId="1920a1d9-6477-aad3-7eab-201430ae59ce" testName="DomainEntity_Business_Signature_Does_Not_Change_When_Non_Signature_Property_Values_Change" computerName="OPP-0351" duration="00:00:00.0009755" startTime="2010-06-30T12:59:17.9066183+01:00" endTime="2010-06-30T12:59:17.9066183+01:00" testType="13cdc9d9-ddb5-4fa4-a97d-d965ccfc6d4b" outcome="Passed" testListId="8c84fa94-04c1-424b-9868-57a2d4851a1d" relativeResultsDirectory="38071c8b-56de-4da8-9203-8ba5ba71c286">
    </UnitTestResult>
    <UnitTestResult executionId="19e28db9-e039-4626-8119-c462cc034cdf" testId="25b2840f-bb52-8179-e1cb-40b7d374cf61" testName="DomainEntity_Has_Expected_Business_Signature" computerName="OPP-0351" duration="00:00:00.0282074" startTime="2010-06-30T12:59:17.9066183+01:00" endTime="2010-06-30T12:59:17.9378689+01:00" testType="13cdc9d9-ddb5-4fa4-a97d-d965ccfc6d4b" outcome="Failed" testListId="8c84fa94-04c1-424b-9868-57a2d4851a1d" relativeResultsDirectory="19e28db9-e039-4626-8119-c462cc034cdf">
      <Output>
        <ErrorInfo>
          <Message>Assert.AreEqual failed. Expected:&lt;DomainEntityStub`1: [Id:0] (Property1: , IsTransient:True)&gt;. Actual:&lt;DomainEntityStub`1: [Id:0] (Property1:, IsTransient:True)&gt;. </Message>
          <StackTrace>   at Groove.Domain.Tests.Entities.DomainEntityTests.DomainEntity_Has_Expected_Business_Signature() in C:\Projects\Groove\Groove.Domain.Tests\Entities\DomainEntityTests.cs:line 211
</StackTrace>
        </ErrorInfo>
      </Output>
    </UnitTestResult>
    <UnitTestResult executionId="c8251387-be1c-465f-8a3a-8d2a47e87b1f" testId="0a9e09dd-eac6-0095-add5-f1bbcdef9a2a" testName="DomainEntity_Has_Expected_Business_Signature_Properties" computerName="OPP-0351" duration="00:00:00.0027439" startTime="2010-06-30T12:59:17.9378689+01:00" endTime="2010-06-30T12:59:17.9378689+01:00" testType="13cdc9d9-ddb5-4fa4-a97d-d965ccfc6d4b" outcome="Passed" testListId="8c84fa94-04c1-424b-9868-57a2d4851a1d" relativeResultsDirectory="c8251387-be1c-465f-8a3a-8d2a47e87b1f">
    </UnitTestResult>
    <UnitTestResult executionId="45f46cdf-a62c-4b0f-9a41-5f9b5918ed51" testId="bb1dc70f-d7e6-a67c-20d4-985035c8616c" testName="DomainEntity_Is_Initialised_With_Expected_Values" computerName="OPP-0351" duration="00:00:00.0009129" startTime="2010-06-30T12:59:17.9378689+01:00" endTime="2010-06-30T12:59:17.9378689+01:00" testType="13cdc9d9-ddb5-4fa4-a97d-d965ccfc6d4b" outcome="Passed" testListId="8c84fa94-04c1-424b-9868-57a2d4851a1d" relativeResultsDirectory="45f46cdf-a62c-4b0f-9a41-5f9b5918ed51">
    </UnitTestResult>
    <UnitTestResult executionId="d2e02bfd-34d1-4a17-8f48-de9e6aac23fd" testId="d809f0ea-5025-ef8f-d0d6-d1e4843c4e76" testName="DomainEntity_With_Default_Value_Identifier_Is_Transient" computerName="OPP-0351" duration="00:00:00.0002371" startTime="2010-06-30T12:59:17.9378689+01:00" endTime="2010-06-30T12:59:17.9378689+01:00" testType="13cdc9d9-ddb5-4fa4-a97d-d965ccfc6d4b" outcome="Passed" testListId="8c84fa94-04c1-424b-9868-57a2d4851a1d" relativeResultsDirectory="d2e02bfd-34d1-4a17-8f48-de9e6aac23fd">
    </UnitTestResult>
    <UnitTestResult executionId="8f7cda05-db67-45ac-b0a4-48caf0717c05" testId="c0d094d6-c4be-3efa-5c36-6df1d3e85b64" testName="DomainEntity_With_Non_Default_Identifier_Is_Not_Transient" computerName="OPP-0351" duration="00:00:00.0008202" startTime="2010-06-30T12:59:17.9378689+01:00" endTime="2010-06-30T12:59:17.9378689+01:00" testType="13cdc9d9-ddb5-4fa4-a97d-d965ccfc6d4b" outcome="Passed" testListId="8c84fa94-04c1-424b-9868-57a2d4851a1d" relativeResultsDirectory="8f7cda05-db67-45ac-b0a4-48caf0717c05">
    </UnitTestResult>
  </Results>
</TestRun>