<?xml version="1.0" encoding="UTF-8"?>
<TestRun id="acf9b404-ae02-4cd7-a106-68622e67b24d" name="mark.yates@OPP-0351 2010-06-30 13:41:21" runUser="OPP-LINKS\mark.yates" xmlns="http://microsoft.com/schemas/VisualStudio/TeamTest/2010">
  <TestSettings name="Local" id="2b388358-6315-4145-a2b9-4d891e7ea305">
    <Description>These are default test settings for a local test run.</Description>
    <Deployment enabled="false" runDeploymentRoot="mark.yates_OPP-0351 2010-06-30 13_41_21" />
    <Execution>
      <TestTypeSpecific />
      <AgentRule name="Execution Agents">
      </AgentRule>
    </Execution>
  </TestSettings>
  <Times creation="2010-06-30T13:41:21.9863297+01:00" queuing="2010-06-30T13:41:22.2675851+01:00" start="2010-06-30T13:41:22.5019646+01:00" finish="2010-06-30T13:41:22.7363441+01:00" />
  <ResultSummary outcome="Failed">
    <Counters total="1" executed="1" error="0" failed="1" timeout="0" aborted="0" inconclusive="0" passedButRunAborted="0" notRunnable="0" notExecuted="0" disconnected="0" warning="0" passed="0" completed="0" inProgress="0" pending="0" />
  </ResultSummary>
  <TestDefinitions>
    <UnitTest name="DomainEntities_Are_Not_Equal_If_They_Are_Not_Of_The_Same_Type_Even_With_The_Same_Identifier" storage="c:\projects\groove\groove.domain.tests\bin\debug\groove.domain.tests.dll" id="bdbb3207-6d8f-d884-db26-29cd788cb39c">
      <Execution timeOut="1800000" id="6e4ea055-2e8b-405b-a7a2-58c46295ddec" />
      <TestMethod codeBase="C:/Projects/Groove/Groove.Domain.Tests/bin/Debug/Groove.Domain.Tests.DLL" adapterTypeName="Microsoft.VisualStudio.TestTools.TestTypes.Unit.UnitTestAdapter, Microsoft.VisualStudio.QualityTools.Tips.UnitTest.Adapter, Version=10.0.0.0, Culture=neutral, PublicKeyToken=b03f5f7f11d50a3a" className="Groove.Domain.Tests.Entities.DomainEntityTests, Groove.Domain.Tests, Version=1.0.0.0, Culture=neutral, PublicKeyToken=c3b9e58c04c63546" name="DomainEntities_Are_Not_Equal_If_They_Are_Not_Of_The_Same_Type_Even_With_The_Same_Identifier" />
    </UnitTest>
  </TestDefinitions>
  <TestLists>
    <TestList name="Results Not in a List" id="8c84fa94-04c1-424b-9868-57a2d4851a1d" />
    <TestList name="All Loaded Results" id="19431567-8539-422a-85d7-44ee4e166bda" />
  </TestLists>
  <TestEntries>
    <TestEntry testId="bdbb3207-6d8f-d884-db26-29cd788cb39c" executionId="6e4ea055-2e8b-405b-a7a2-58c46295ddec" testListId="8c84fa94-04c1-424b-9868-57a2d4851a1d" />
  </TestEntries>
  <Results>
    <UnitTestResult executionId="6e4ea055-2e8b-405b-a7a2-58c46295ddec" testId="bdbb3207-6d8f-d884-db26-29cd788cb39c" testName="DomainEntities_Are_Not_Equal_If_They_Are_Not_Of_The_Same_Type_Even_With_The_Same_Identifier" computerName="OPP-0351" duration="00:00:00.0482449" startTime="2010-06-30T13:41:22.5332152+01:00" endTime="2010-06-30T13:41:22.6582176+01:00" testType="13cdc9d9-ddb5-4fa4-a97d-d965ccfc6d4b" outcome="Failed" testListId="8c84fa94-04c1-424b-9868-57a2d4851a1d" relativeResultsDirectory="6e4ea055-2e8b-405b-a7a2-58c46295ddec">
      <Output>
        <ErrorInfo>
          <Message>Assert.IsFalse failed. </Message>
          <StackTrace>   at Groove.Domain.Tests.Entities.DomainEntityTests.DomainEntities_Are_Not_Equal_If_They_Are_Not_Of_The_Same_Type_Even_With_The_Same_Identifier() in C:\Projects\Groove\Groove.Domain.Tests\Entities\DomainEntityTests.cs:line 510
</StackTrace>
        </ErrorInfo>
      </Output>
    </UnitTestResult>
  </Results>
</TestRun>