<?xml version="1.0" encoding="UTF-8"?>
<TestRun id="81c272e9-8964-4d26-b5f9-4573e329c9e1" name="mark.yates@OPP-0351 2010-06-30 12:18:55" runUser="OPP-LINKS\mark.yates" xmlns="http://microsoft.com/schemas/VisualStudio/TeamTest/2010">
  <TestSettings name="Local" id="2b388358-6315-4145-a2b9-4d891e7ea305">
    <Description>These are default test settings for a local test run.</Description>
    <Deployment enabled="false" runDeploymentRoot="mark.yates_OPP-0351 2010-06-30 12_18_55" />
    <Execution>
      <TestTypeSpecific />
      <AgentRule name="Execution Agents">
      </AgentRule>
    </Execution>
  </TestSettings>
  <Times creation="2010-06-30T12:18:55.2715210+01:00" queuing="2010-06-30T12:18:55.6621535+01:00" start="2010-06-30T12:18:55.9746595+01:00" finish="2010-06-30T12:21:37.4933856+01:00" />
  <ResultSummary outcome="Failed">
    <Counters total="1" executed="1" error="0" failed="1" timeout="0" aborted="0" inconclusive="0" passedButRunAborted="0" notRunnable="0" notExecuted="0" disconnected="0" warning="0" passed="0" completed="0" inProgress="0" pending="0" />
  </ResultSummary>
  <TestDefinitions>
    <UnitTest name="DomainEntity_Business_Signature_Changes_When_Signature_Property_Values_Change" storage="c:\projects\groove\groove.domain.tests\bin\debug\groove.domain.tests.dll" id="af2683a9-3214-b8ba-a000-9e5ed7aeaa58">
      <Execution timeOut="1800000" id="26ce82bc-376d-4bd6-a3ec-b31864b6f1fe" />
      <TestMethod codeBase="C:/Projects/Groove/Groove.Domain.Tests/bin/Debug/Groove.Domain.Tests.DLL" adapterTypeName="Microsoft.VisualStudio.TestTools.TestTypes.Unit.UnitTestAdapter, Microsoft.VisualStudio.QualityTools.Tips.UnitTest.Adapter, Version=10.0.0.0, Culture=neutral, PublicKeyToken=b03f5f7f11d50a3a" className="Groove.Domain.Tests.Entities.DomainEntityTests, Groove.Domain.Tests, Version=1.0.0.0, Culture=neutral, PublicKeyToken=c3b9e58c04c63546" name="DomainEntity_Business_Signature_Changes_When_Signature_Property_Values_Change" />
    </UnitTest>
  </TestDefinitions>
  <TestLists>
    <TestList name="Results Not in a List" id="8c84fa94-04c1-424b-9868-57a2d4851a1d" />
    <TestList name="All Loaded Results" id="19431567-8539-422a-85d7-44ee4e166bda" />
  </TestLists>
  <TestEntries>
    <TestEntry testId="af2683a9-3214-b8ba-a000-9e5ed7aeaa58" executionId="26ce82bc-376d-4bd6-a3ec-b31864b6f1fe" testListId="8c84fa94-04c1-424b-9868-57a2d4851a1d" />
  </TestEntries>
  <Results>
    <UnitTestResult executionId="26ce82bc-376d-4bd6-a3ec-b31864b6f1fe" testId="af2683a9-3214-b8ba-a000-9e5ed7aeaa58" testName="DomainEntity_Business_Signature_Changes_When_Signature_Property_Values_Change" computerName="OPP-0351" duration="00:02:41.2470992" startTime="2010-06-30T12:18:56.0527860+01:00" endTime="2010-06-30T12:21:37.3996338+01:00" testType="13cdc9d9-ddb5-4fa4-a97d-d965ccfc6d4b" outcome="Failed" testListId="8c84fa94-04c1-424b-9868-57a2d4851a1d" relativeResultsDirectory="26ce82bc-376d-4bd6-a3ec-b31864b6f1fe">
      <Output>
        <ErrorInfo>
          <Message>Assert.AreEqual failed. Expected:&lt;DomainEntityStub`1: [Id:0] (Property1:Initial , IsTransient:True)&gt;. Actual:&lt;DomainEntityStub`1: [Id:0] (Property1:Initial, IsTransient:True)&gt;. </Message>
          <StackTrace>   at Groove.Domain.Tests.Entities.DomainEntityTests.DomainEntity_Business_Signature_Changes_When_Signature_Property_Values_Change() in C:\Projects\Groove\Groove.Domain.Tests\Entities\DomainEntityTests.cs:line 178
</StackTrace>
        </ErrorInfo>
      </Output>
    </UnitTestResult>
  </Results>
</TestRun>