<?xml version="1.0" encoding="UTF-8"?>
<TestRun id="7b24f4b2-5564-44e8-acb8-ed64938fd022" name="mark.yates@OPP-0351 2010-06-30 12:15:56" runUser="OPP-LINKS\mark.yates" xmlns="http://microsoft.com/schemas/VisualStudio/TeamTest/2010">
  <TestSettings name="Local" id="2b388358-6315-4145-a2b9-4d891e7ea305">
    <Description>These are default test settings for a local test run.</Description>
    <Deployment enabled="false" runDeploymentRoot="mark.yates_OPP-0351 2010-06-30 12_15_56" />
    <Execution>
      <TestTypeSpecific />
      <AgentRule name="Execution Agents">
      </AgentRule>
    </Execution>
  </TestSettings>
  <Times creation="2010-06-30T12:15:56.7212179+01:00" queuing="2010-06-30T12:15:57.0337239+01:00" start="2010-06-30T12:15:57.2524781+01:00" finish="2010-06-30T12:15:57.5649841+01:00" />
  <ResultSummary outcome="Failed">
    <Counters total="1" executed="1" error="0" failed="1" timeout="0" aborted="0" inconclusive="0" passedButRunAborted="0" notRunnable="0" notExecuted="0" disconnected="0" warning="0" passed="0" completed="0" inProgress="0" pending="0" />
  </ResultSummary>
  <TestDefinitions>
    <UnitTest name="DomainEntity_Business_Signature_Changes_When_Signature_Property_Values_Change" storage="c:\projects\groove\groove.domain.tests\bin\debug\groove.domain.tests.dll" id="af2683a9-3214-b8ba-a000-9e5ed7aeaa58">
      <Execution timeOut="1800000" id="a71f6703-0587-474a-ae55-eab8a8578a49" />
      <TestMethod codeBase="C:/Projects/Groove/Groove.Domain.Tests/bin/Debug/Groove.Domain.Tests.DLL" adapterTypeName="Microsoft.VisualStudio.TestTools.TestTypes.Unit.UnitTestAdapter, Microsoft.VisualStudio.QualityTools.Tips.UnitTest.Adapter, Version=10.0.0.0, Culture=neutral, PublicKeyToken=b03f5f7f11d50a3a" className="Groove.Domain.Tests.Entities.DomainEntityTests, Groove.Domain.Tests, Version=1.0.0.0, Culture=neutral, PublicKeyToken=c3b9e58c04c63546" name="DomainEntity_Business_Signature_Changes_When_Signature_Property_Values_Change" />
    </UnitTest>
  </TestDefinitions>
  <TestLists>
    <TestList name="Results Not in a List" id="8c84fa94-04c1-424b-9868-57a2d4851a1d" />
    <TestList name="All Loaded Results" id="19431567-8539-422a-85d7-44ee4e166bda" />
  </TestLists>
  <TestEntries>
    <TestEntry testId="af2683a9-3214-b8ba-a000-9e5ed7aeaa58" executionId="a71f6703-0587-474a-ae55-eab8a8578a49" testListId="8c84fa94-04c1-424b-9868-57a2d4851a1d" />
  </TestEntries>
  <Results>
    <UnitTestResult executionId="a71f6703-0587-474a-ae55-eab8a8578a49" testId="af2683a9-3214-b8ba-a000-9e5ed7aeaa58" testName="DomainEntity_Business_Signature_Changes_When_Signature_Property_Values_Change" computerName="OPP-0351" duration="00:00:00.0586099" startTime="2010-06-30T12:15:57.3149793+01:00" endTime="2010-06-30T12:15:57.4399817+01:00" testType="13cdc9d9-ddb5-4fa4-a97d-d965ccfc6d4b" outcome="Failed" testListId="8c84fa94-04c1-424b-9868-57a2d4851a1d" relativeResultsDirectory="a71f6703-0587-474a-ae55-eab8a8578a49">
      <Output>
        <ErrorInfo>
          <Message>Assert.AreNotEqual failed. Expected any value except:&lt;DomainEntityStub`1: [Id:0] (Property1:Initial, IsTransient:True)&gt;. Actual:&lt;DomainEntityStub`1: [Id:0] (Property1:Initial, IsTransient:True)&gt;. </Message>
          <StackTrace>   at Groove.Domain.Tests.Entities.DomainEntityTests.DomainEntity_Business_Signature_Changes_When_Signature_Property_Values_Change() in C:\Projects\Groove\Groove.Domain.Tests\Entities\DomainEntityTests.cs:line 177
</StackTrace>
        </ErrorInfo>
      </Output>
    </UnitTestResult>
  </Results>
</TestRun>