<?xml version="1.0" encoding="UTF-8"?>
<TestRun id="c72f6fcc-6117-4b2f-b806-49d00dc152c9" name="mark.yates@OPP-0351 2010-06-30 14:37:43" runUser="OPP-LINKS\mark.yates" xmlns="http://microsoft.com/schemas/VisualStudio/TeamTest/2010">
  <TestSettings name="Local" id="2b388358-6315-4145-a2b9-4d891e7ea305">
    <Description>These are default test settings for a local test run.</Description>
    <Deployment enabled="false" runDeploymentRoot="mark.yates_OPP-0351 2010-06-30 14_37_43" />
    <Execution>
      <TestTypeSpecific />
      <AgentRule name="Execution Agents">
      </AgentRule>
    </Execution>
  </TestSettings>
  <Times creation="2010-06-30T14:37:43.1918726+01:00" queuing="2010-06-30T14:37:43.4887533+01:00" start="2010-06-30T14:37:43.7231328+01:00" finish="2010-06-30T14:37:43.9575123+01:00" />
  <ResultSummary outcome="Completed">
    <Counters total="4" executed="4" passed="4" error="0" failed="0" timeout="0" aborted="0" inconclusive="0" passedButRunAborted="0" notRunnable="0" notExecuted="0" disconnected="0" warning="0" completed="0" inProgress="0" pending="0" />
  </ResultSummary>
  <TestDefinitions>
    <UnitTest name="DomainEntityIdentityComparer_IsNullOrDefault_Returns_True_When_String_Value_Is_Null" storage="c:\projects\groove\groove.domain.tests\bin\debug\groove.domain.tests.dll" id="b4d8b18d-659f-3912-1da0-622344d2c253">
      <Execution timeOut="1800000" id="94e83677-42e6-47d7-bdb4-2aa3f0a86255" />
      <TestMethod codeBase="C:/Projects/Groove/Groove.Domain.Tests/bin/Debug/Groove.Domain.Tests.DLL" adapterTypeName="Microsoft.VisualStudio.TestTools.TestTypes.Unit.UnitTestAdapter, Microsoft.VisualStudio.QualityTools.Tips.UnitTest.Adapter, Version=10.0.0.0, Culture=neutral, PublicKeyToken=b03f5f7f11d50a3a" className="Groove.Domain.Tests.Entities.DomainEntityIdentityComparerTests, Groove.Domain.Tests, Version=1.0.0.0, Culture=neutral, PublicKeyToken=c3b9e58c04c63546" name="DomainEntityIdentityComparer_IsNullOrDefault_Returns_True_When_String_Value_Is_Null" />
    </UnitTest>
    <UnitTest name="DomainEntityIdentityComparer_IsNullOrDefault_Returns_True_When_String_Value_Is_Empty_String" storage="c:\projects\groove\groove.domain.tests\bin\debug\groove.domain.tests.dll" id="3b2e9292-cd97-5895-4bb8-096cd331606a">
      <Execution timeOut="1800000" id="76056b94-bac0-4289-bdb0-2f58b9ba973d" />
      <TestMethod codeBase="C:/Projects/Groove/Groove.Domain.Tests/bin/Debug/Groove.Domain.Tests.DLL" adapterTypeName="Microsoft.VisualStudio.TestTools.TestTypes.Unit.UnitTestAdapter, Microsoft.VisualStudio.QualityTools.Tips.UnitTest.Adapter, Version=10.0.0.0, Culture=neutral, PublicKeyToken=b03f5f7f11d50a3a" className="Groove.Domain.Tests.Entities.DomainEntityIdentityComparerTests, Groove.Domain.Tests, Version=1.0.0.0, Culture=neutral, PublicKeyToken=c3b9e58c04c63546" name="DomainEntityIdentityComparer_IsNullOrDefault_Returns_True_When_String_Value_Is_Empty_String" />
    </UnitTest>
    <UnitTest name="DomainEntityIdentityComparer_IsNullOrDefault_Returns_False_When_Integer_Value_Is_Not_Default" storage="c:\projects\groove\groove.domain.tests\bin\debug\groove.domain.tests.dll" id="42f1cf68-1334-5f49-a114-75e4a309ef68">
      <Execution timeOut="1800000" id="412d0b6a-e350-4029-8f45-7520fe7bcd25" />
      <TestMethod codeBase="C:/Projects/Groove/Groove.Domain.Tests/bin/Debug/Groove.Domain.Tests.DLL" adapterTypeName="Microsoft.VisualStudio.TestTools.TestTypes.Unit.UnitTestAdapter, Microsoft.VisualStudio.QualityTools.Tips.UnitTest.Adapter, Version=10.0.0.0, Culture=neutral, PublicKeyToken=b03f5f7f11d50a3a" className="Groove.Domain.Tests.Entities.DomainEntityIdentityComparerTests, Groove.Domain.Tests, Version=1.0.0.0, Culture=neutral, PublicKeyToken=c3b9e58c04c63546" name="DomainEntityIdentityComparer_IsNullOrDefault_Returns_False_When_Integer_Value_Is_Not_Default" />
    </UnitTest>
    <UnitTest name="DomainEntityIdentityComparer_IsNullOrDefault_Returns_True_When_Integer_Value_Is_Default" storage="c:\projects\groove\groove.domain.tests\bin\debug\groove.domain.tests.dll" id="4f210b58-f277-63b4-91ab-9f7e17101b29">
      <Execution timeOut="1800000" id="f2392962-b136-4da3-9994-12071066d2c4" />
      <TestMethod codeBase="C:/Projects/Groove/Groove.Domain.Tests/bin/Debug/Groove.Domain.Tests.DLL" adapterTypeName="Microsoft.VisualStudio.TestTools.TestTypes.Unit.UnitTestAdapter, Microsoft.VisualStudio.QualityTools.Tips.UnitTest.Adapter, Version=10.0.0.0, Culture=neutral, PublicKeyToken=b03f5f7f11d50a3a" className="Groove.Domain.Tests.Entities.DomainEntityIdentityComparerTests, Groove.Domain.Tests, Version=1.0.0.0, Culture=neutral, PublicKeyToken=c3b9e58c04c63546" name="DomainEntityIdentityComparer_IsNullOrDefault_Returns_True_When_Integer_Value_Is_Default" />
    </UnitTest>
  </TestDefinitions>
  <TestLists>
    <TestList name="Results Not in a List" id="8c84fa94-04c1-424b-9868-57a2d4851a1d" />
    <TestList name="All Loaded Results" id="19431567-8539-422a-85d7-44ee4e166bda" />
  </TestLists>
  <TestEntries>
    <TestEntry testId="42f1cf68-1334-5f49-a114-75e4a309ef68" executionId="412d0b6a-e350-4029-8f45-7520fe7bcd25" testListId="8c84fa94-04c1-424b-9868-57a2d4851a1d" />
    <TestEntry testId="4f210b58-f277-63b4-91ab-9f7e17101b29" executionId="f2392962-b136-4da3-9994-12071066d2c4" testListId="8c84fa94-04c1-424b-9868-57a2d4851a1d" />
    <TestEntry testId="3b2e9292-cd97-5895-4bb8-096cd331606a" executionId="76056b94-bac0-4289-bdb0-2f58b9ba973d" testListId="8c84fa94-04c1-424b-9868-57a2d4851a1d" />
    <TestEntry testId="b4d8b18d-659f-3912-1da0-622344d2c253" executionId="94e83677-42e6-47d7-bdb4-2aa3f0a86255" testListId="8c84fa94-04c1-424b-9868-57a2d4851a1d" />
  </TestEntries>
  <Results>
    <UnitTestResult executionId="412d0b6a-e350-4029-8f45-7520fe7bcd25" testId="42f1cf68-1334-5f49-a114-75e4a309ef68" testName="DomainEntityIdentityComparer_IsNullOrDefault_Returns_False_When_Integer_Value_Is_Not_Default" computerName="OPP-0351" duration="00:00:00.0177790" startTime="2010-06-30T14:37:43.7700087+01:00" endTime="2010-06-30T14:37:43.8637605+01:00" testType="13cdc9d9-ddb5-4fa4-a97d-d965ccfc6d4b" outcome="Passed" testListId="8c84fa94-04c1-424b-9868-57a2d4851a1d" relativeResultsDirectory="412d0b6a-e350-4029-8f45-7520fe7bcd25">
    </UnitTestResult>
    <UnitTestResult executionId="f2392962-b136-4da3-9994-12071066d2c4" testId="4f210b58-f277-63b4-91ab-9f7e17101b29" testName="DomainEntityIdentityComparer_IsNullOrDefault_Returns_True_When_Integer_Value_Is_Default" computerName="OPP-0351" duration="00:00:00.0009923" startTime="2010-06-30T14:37:43.8637605+01:00" endTime="2010-06-30T14:37:43.8793858+01:00" testType="13cdc9d9-ddb5-4fa4-a97d-d965ccfc6d4b" outcome="Passed" testListId="8c84fa94-04c1-424b-9868-57a2d4851a1d" relativeResultsDirectory="f2392962-b136-4da3-9994-12071066d2c4">
    </UnitTestResult>
    <UnitTestResult executionId="76056b94-bac0-4289-bdb0-2f58b9ba973d" testId="3b2e9292-cd97-5895-4bb8-096cd331606a" testName="DomainEntityIdentityComparer_IsNullOrDefault_Returns_True_When_String_Value_Is_Empty_String" computerName="OPP-0351" duration="00:00:00.0030104" startTime="2010-06-30T14:37:43.8793858+01:00" endTime="2010-06-30T14:37:43.8793858+01:00" testType="13cdc9d9-ddb5-4fa4-a97d-d965ccfc6d4b" outcome="Passed" testListId="8c84fa94-04c1-424b-9868-57a2d4851a1d" relativeResultsDirectory="76056b94-bac0-4289-bdb0-2f58b9ba973d">
    </UnitTestResult>
    <UnitTestResult executionId="94e83677-42e6-47d7-bdb4-2aa3f0a86255" testId="b4d8b18d-659f-3912-1da0-622344d2c253" testName="DomainEntityIdentityComparer_IsNullOrDefault_Returns_True_When_String_Value_Is_Null" computerName="OPP-0351" duration="00:00:00.0007562" startTime="2010-06-30T14:37:43.8793858+01:00" endTime="2010-06-30T14:37:43.8793858+01:00" testType="13cdc9d9-ddb5-4fa4-a97d-d965ccfc6d4b" outcome="Passed" testListId="8c84fa94-04c1-424b-9868-57a2d4851a1d" relativeResultsDirectory="94e83677-42e6-47d7-bdb4-2aa3f0a86255">
    </UnitTestResult>
  </Results>
</TestRun>