<?xml version="1.0" encoding="UTF-8"?>
<TestRun id="d9dadfab-b217-433f-81f8-8b5acfb5fd91" name="mark.yates@OPP-0351 2010-06-30 14:32:24" runUser="OPP-LINKS\mark.yates" xmlns="http://microsoft.com/schemas/VisualStudio/TeamTest/2010">
  <TestSettings name="Local" id="2b388358-6315-4145-a2b9-4d891e7ea305">
    <Description>These are default test settings for a local test run.</Description>
    <Deployment enabled="false" runDeploymentRoot="mark.yates_OPP-0351 2010-06-30 14_32_24" />
    <Execution>
      <TestTypeSpecific />
      <AgentRule name="Execution Agents">
      </AgentRule>
    </Execution>
  </TestSettings>
  <Times creation="2010-06-30T14:32:24.4670032+01:00" queuing="2010-06-30T14:32:24.7482586+01:00" start="2010-06-30T14:32:24.9670128+01:00" finish="2010-06-30T14:32:25.2013923+01:00" />
  <ResultSummary outcome="Completed">
    <Counters total="2" executed="2" passed="2" error="0" failed="0" timeout="0" aborted="0" inconclusive="0" passedButRunAborted="0" notRunnable="0" notExecuted="0" disconnected="0" warning="0" completed="0" inProgress="0" pending="0" />
  </ResultSummary>
  <TestDefinitions>
    <UnitTest name="DomainEntityIdentityComparer_Returns_False_When_Integer_Value_Is_Not_Default" storage="c:\projects\groove\groove.domain.tests\bin\debug\groove.domain.tests.dll" id="13c01b49-4d2f-d774-1aab-f096183ec784">
      <Execution timeOut="1800000" id="a9049ff5-6cb4-4af1-a2b1-a912e0c7ef81" />
      <TestMethod codeBase="C:/Projects/Groove/Groove.Domain.Tests/bin/Debug/Groove.Domain.Tests.DLL" adapterTypeName="Microsoft.VisualStudio.TestTools.TestTypes.Unit.UnitTestAdapter, Microsoft.VisualStudio.QualityTools.Tips.UnitTest.Adapter, Version=10.0.0.0, Culture=neutral, PublicKeyToken=b03f5f7f11d50a3a" className="Groove.Domain.Tests.Entities.DomainEntityIdentityComparerTests, Groove.Domain.Tests, Version=1.0.0.0, Culture=neutral, PublicKeyToken=c3b9e58c04c63546" name="DomainEntityIdentityComparer_Returns_False_When_Integer_Value_Is_Not_Default" />
    </UnitTest>
    <UnitTest name="DomainEntityIdentityComparer_Returns_True_When_Integer_Value_Is_Default" storage="c:\projects\groove\groove.domain.tests\bin\debug\groove.domain.tests.dll" id="743fa130-0fde-a889-5b46-dfc8cb2b64ee">
      <Execution timeOut="1800000" id="c7ccd4eb-dd82-4e0f-91dc-4a90d869e5d1" />
      <TestMethod codeBase="C:/Projects/Groove/Groove.Domain.Tests/bin/Debug/Groove.Domain.Tests.DLL" adapterTypeName="Microsoft.VisualStudio.TestTools.TestTypes.Unit.UnitTestAdapter, Microsoft.VisualStudio.QualityTools.Tips.UnitTest.Adapter, Version=10.0.0.0, Culture=neutral, PublicKeyToken=b03f5f7f11d50a3a" className="Groove.Domain.Tests.Entities.DomainEntityIdentityComparerTests, Groove.Domain.Tests, Version=1.0.0.0, Culture=neutral, PublicKeyToken=c3b9e58c04c63546" name="DomainEntityIdentityComparer_Returns_True_When_Integer_Value_Is_Default" />
    </UnitTest>
  </TestDefinitions>
  <TestLists>
    <TestList name="Results Not in a List" id="8c84fa94-04c1-424b-9868-57a2d4851a1d" />
    <TestList name="All Loaded Results" id="19431567-8539-422a-85d7-44ee4e166bda" />
  </TestLists>
  <TestEntries>
    <TestEntry testId="13c01b49-4d2f-d774-1aab-f096183ec784" executionId="a9049ff5-6cb4-4af1-a2b1-a912e0c7ef81" testListId="8c84fa94-04c1-424b-9868-57a2d4851a1d" />
    <TestEntry testId="743fa130-0fde-a889-5b46-dfc8cb2b64ee" executionId="c7ccd4eb-dd82-4e0f-91dc-4a90d869e5d1" testListId="8c84fa94-04c1-424b-9868-57a2d4851a1d" />
  </TestEntries>
  <Results>
    <UnitTestResult executionId="a9049ff5-6cb4-4af1-a2b1-a912e0c7ef81" testId="13c01b49-4d2f-d774-1aab-f096183ec784" testName="DomainEntityIdentityComparer_Returns_False_When_Integer_Value_Is_Not_Default" computerName="OPP-0351" duration="00:00:00.0168786" startTime="2010-06-30T14:32:25.0138887+01:00" endTime="2010-06-30T14:32:25.1076405+01:00" testType="13cdc9d9-ddb5-4fa4-a97d-d965ccfc6d4b" outcome="Passed" testListId="8c84fa94-04c1-424b-9868-57a2d4851a1d" relativeResultsDirectory="a9049ff5-6cb4-4af1-a2b1-a912e0c7ef81">
    </UnitTestResult>
    <UnitTestResult executionId="c7ccd4eb-dd82-4e0f-91dc-4a90d869e5d1" testId="743fa130-0fde-a889-5b46-dfc8cb2b64ee" testName="DomainEntityIdentityComparer_Returns_True_When_Integer_Value_Is_Default" computerName="OPP-0351" duration="00:00:00.0018630" startTime="2010-06-30T14:32:25.1076405+01:00" endTime="2010-06-30T14:32:25.1076405+01:00" testType="13cdc9d9-ddb5-4fa4-a97d-d965ccfc6d4b" outcome="Passed" testListId="8c84fa94-04c1-424b-9868-57a2d4851a1d" relativeResultsDirectory="c7ccd4eb-dd82-4e0f-91dc-4a90d869e5d1">
    </UnitTestResult>
  </Results>
</TestRun>