<?xml version="1.0" encoding="UTF-8"?>
<TestRun id="d4a541c3-befd-4c24-b254-6642a7cb47bc" name="mark.yates@OPP-0351 2010-06-30 12:59:46" runUser="OPP-LINKS\mark.yates" xmlns="http://microsoft.com/schemas/VisualStudio/TeamTest/2010">
  <TestSettings name="Local" id="2b388358-6315-4145-a2b9-4d891e7ea305">
    <Description>These are default test settings for a local test run.</Description>
    <Deployment enabled="false" runDeploymentRoot="mark.yates_OPP-0351 2010-06-30 12_59_46" />
    <Execution>
      <TestTypeSpecific />
      <AgentRule name="Execution Agents">
      </AgentRule>
    </Execution>
  </TestSettings>
  <Times creation="2010-06-30T12:59:46.5165426+01:00" queuing="2010-06-30T12:59:46.8290486+01:00" start="2010-06-30T12:59:47.0790534+01:00" finish="2010-06-30T12:59:47.3290582+01:00" />
  <ResultSummary outcome="Failed">
    <Counters total="2" executed="2" passed="1" error="0" failed="1" timeout="0" aborted="0" inconclusive="0" passedButRunAborted="0" notRunnable="0" notExecuted="0" disconnected="0" warning="0" completed="0" inProgress="0" pending="0" />
  </ResultSummary>
  <TestDefinitions>
    <UnitTest name="DomainEntity_Has_Expected_Business_Signature_Properties" storage="c:\projects\groove\groove.domain.tests\bin\debug\groove.domain.tests.dll" id="0a9e09dd-eac6-0095-add5-f1bbcdef9a2a">
      <Execution timeOut="1800000" id="bcb9c190-300f-4dcd-9206-8cc7bb69a4e4" />
      <TestMethod codeBase="C:/Projects/Groove/Groove.Domain.Tests/bin/Debug/Groove.Domain.Tests.DLL" adapterTypeName="Microsoft.VisualStudio.TestTools.TestTypes.Unit.UnitTestAdapter, Microsoft.VisualStudio.QualityTools.Tips.UnitTest.Adapter, Version=10.0.0.0, Culture=neutral, PublicKeyToken=b03f5f7f11d50a3a" className="Groove.Domain.Tests.Entities.DomainEntityTests, Groove.Domain.Tests, Version=1.0.0.0, Culture=neutral, PublicKeyToken=c3b9e58c04c63546" name="DomainEntity_Has_Expected_Business_Signature_Properties" />
    </UnitTest>
    <UnitTest name="DomainEntity_Has_Expected_Business_Signature" storage="c:\projects\groove\groove.domain.tests\bin\debug\groove.domain.tests.dll" id="25b2840f-bb52-8179-e1cb-40b7d374cf61">
      <Execution timeOut="1800000" id="7ae4bf53-0783-42ab-b20e-88351c85ab64" />
      <TestMethod codeBase="C:/Projects/Groove/Groove.Domain.Tests/bin/Debug/Groove.Domain.Tests.DLL" adapterTypeName="Microsoft.VisualStudio.TestTools.TestTypes.Unit.UnitTestAdapter, Microsoft.VisualStudio.QualityTools.Tips.UnitTest.Adapter, Version=10.0.0.0, Culture=neutral, PublicKeyToken=b03f5f7f11d50a3a" className="Groove.Domain.Tests.Entities.DomainEntityTests, Groove.Domain.Tests, Version=1.0.0.0, Culture=neutral, PublicKeyToken=c3b9e58c04c63546" name="DomainEntity_Has_Expected_Business_Signature" />
    </UnitTest>
  </TestDefinitions>
  <TestLists>
    <TestList name="Results Not in a List" id="8c84fa94-04c1-424b-9868-57a2d4851a1d" />
    <TestList name="All Loaded Results" id="19431567-8539-422a-85d7-44ee4e166bda" />
  </TestLists>
  <TestEntries>
    <TestEntry testId="25b2840f-bb52-8179-e1cb-40b7d374cf61" executionId="7ae4bf53-0783-42ab-b20e-88351c85ab64" testListId="8c84fa94-04c1-424b-9868-57a2d4851a1d" />
    <TestEntry testId="0a9e09dd-eac6-0095-add5-f1bbcdef9a2a" executionId="bcb9c190-300f-4dcd-9206-8cc7bb69a4e4" testListId="8c84fa94-04c1-424b-9868-57a2d4851a1d" />
  </TestEntries>
  <Results>
    <UnitTestResult executionId="7ae4bf53-0783-42ab-b20e-88351c85ab64" testId="25b2840f-bb52-8179-e1cb-40b7d374cf61" testName="DomainEntity_Has_Expected_Business_Signature" computerName="OPP-0351" duration="00:00:00.0590577" startTime="2010-06-30T12:59:47.1259293+01:00" endTime="2010-06-30T12:59:47.2509317+01:00" testType="13cdc9d9-ddb5-4fa4-a97d-d965ccfc6d4b" outcome="Failed" testListId="8c84fa94-04c1-424b-9868-57a2d4851a1d" relativeResultsDirectory="7ae4bf53-0783-42ab-b20e-88351c85ab64">
      <Output>
        <ErrorInfo>
          <Message>Assert.AreEqual failed. Expected:&lt;DomainEntityStub`1: [Id:0] (Property1: , IsTransient:True)&gt;. Actual:&lt;DomainEntityStub`1: [Id:0] (Property1:, IsTransient:True)&gt;. </Message>
          <StackTrace>   at Groove.Domain.Tests.Entities.DomainEntityTests.DomainEntity_Has_Expected_Business_Signature() in C:\Projects\Groove\Groove.Domain.Tests\Entities\DomainEntityTests.cs:line 211
</StackTrace>
        </ErrorInfo>
      </Output>
    </UnitTestResult>
    <UnitTestResult executionId="bcb9c190-300f-4dcd-9206-8cc7bb69a4e4" testId="0a9e09dd-eac6-0095-add5-f1bbcdef9a2a" testName="DomainEntity_Has_Expected_Business_Signature_Properties" computerName="OPP-0351" duration="00:00:00.0031132" startTime="2010-06-30T12:59:47.2509317+01:00" endTime="2010-06-30T12:59:47.2509317+01:00" testType="13cdc9d9-ddb5-4fa4-a97d-d965ccfc6d4b" outcome="Passed" testListId="8c84fa94-04c1-424b-9868-57a2d4851a1d" relativeResultsDirectory="bcb9c190-300f-4dcd-9206-8cc7bb69a4e4">
    </UnitTestResult>
  </Results>
</TestRun>