<?xml version="1.0" encoding="UTF-8"?>
<TestRun id="77c0b574-d034-4f06-a3dd-4d2de9cd7927" name="mark.yates@OPP-0351 2010-06-30 13:05:08" runUser="OPP-LINKS\mark.yates" xmlns="http://microsoft.com/schemas/VisualStudio/TeamTest/2010">
  <TestSettings name="Local" id="2b388358-6315-4145-a2b9-4d891e7ea305">
    <Description>These are default test settings for a local test run.</Description>
    <Deployment enabled="false" runDeploymentRoot="mark.yates_OPP-0351 2010-06-30 13_05_08" />
    <Execution>
      <TestTypeSpecific />
      <AgentRule name="Execution Agents">
      </AgentRule>
    </Execution>
  </TestSettings>
  <Times creation="2010-06-30T13:05:08.3039708+01:00" queuing="2010-06-30T13:05:08.6164768+01:00" start="2010-06-30T13:05:08.9446081+01:00" finish="2010-06-30T13:05:09.3508659+01:00" />
  <ResultSummary outcome="Failed">
    <Counters total="17" executed="17" passed="16" error="0" failed="1" timeout="0" aborted="0" inconclusive="0" passedButRunAborted="0" notRunnable="0" notExecuted="0" disconnected="0" warning="0" completed="0" inProgress="0" pending="0" />
  </ResultSummary>
  <TestDefinitions>
    <UnitTest name="DomainEntity_Has_Expected_Business_Signature_Properties" storage="c:\projects\groove\groove.domain.tests\bin\debug\groove.domain.tests.dll" id="0a9e09dd-eac6-0095-add5-f1bbcdef9a2a">
      <Execution timeOut="1800000" id="02c968c3-6e05-4a0b-969b-d5ca3f7a877e" />
      <TestMethod codeBase="C:/Projects/Groove/Groove.Domain.Tests/bin/Debug/Groove.Domain.Tests.DLL" adapterTypeName="Microsoft.VisualStudio.TestTools.TestTypes.Unit.UnitTestAdapter, Microsoft.VisualStudio.QualityTools.Tips.UnitTest.Adapter, Version=10.0.0.0, Culture=neutral, PublicKeyToken=b03f5f7f11d50a3a" className="Groove.Domain.Tests.Entities.DomainEntityTests, Groove.Domain.Tests, Version=1.0.0.0, Culture=neutral, PublicKeyToken=c3b9e58c04c63546" name="DomainEntity_Has_Expected_Business_Signature_Properties" />
    </UnitTest>
    <UnitTest name="DomainEntities_Are_Equal_If_They_Are_Not_Transient_And_Have_The_Same_Identifier" storage="c:\projects\groove\groove.domain.tests\bin\debug\groove.domain.tests.dll" id="bcec9410-4c5e-1846-6f3c-c94a1006e7d5">
      <Execution timeOut="1800000" id="ded86b3e-fb9b-4ab5-9521-62f58b2236b7" />
      <TestMethod codeBase="C:/Projects/Groove/Groove.Domain.Tests/bin/Debug/Groove.Domain.Tests.DLL" adapterTypeName="Microsoft.VisualStudio.TestTools.TestTypes.Unit.UnitTestAdapter, Microsoft.VisualStudio.QualityTools.Tips.UnitTest.Adapter, Version=10.0.0.0, Culture=neutral, PublicKeyToken=b03f5f7f11d50a3a" className="Groove.Domain.Tests.Entities.DomainEntityTests, Groove.Domain.Tests, Version=1.0.0.0, Culture=neutral, PublicKeyToken=c3b9e58c04c63546" name="DomainEntities_Are_Equal_If_They_Are_Not_Transient_And_Have_The_Same_Identifier" />
    </UnitTest>
    <UnitTest name="DomainEntities_Do_Not_Have_The_Same_Hashcode_If_They_Are_Transient_And_Have_Different_Business_Signatures" storage="c:\projects\groove\groove.domain.tests\bin\debug\groove.domain.tests.dll" id="a805cd9f-82c4-624e-baa8-7c5d0e09d109">
      <Execution timeOut="1800000" id="421164ea-26f7-4720-8b5c-57739beb1df8" />
      <TestMethod codeBase="C:/Projects/Groove/Groove.Domain.Tests/bin/Debug/Groove.Domain.Tests.DLL" adapterTypeName="Microsoft.VisualStudio.TestTools.TestTypes.Unit.UnitTestAdapter, Microsoft.VisualStudio.QualityTools.Tips.UnitTest.Adapter, Version=10.0.0.0, Culture=neutral, PublicKeyToken=b03f5f7f11d50a3a" className="Groove.Domain.Tests.Entities.DomainEntityTests, Groove.Domain.Tests, Version=1.0.0.0, Culture=neutral, PublicKeyToken=c3b9e58c04c63546" name="DomainEntities_Do_Not_Have_The_Same_Hashcode_If_They_Are_Transient_And_Have_Different_Business_Signatures" />
    </UnitTest>
    <UnitTest name="DomainEntity_With_Default_Value_Identifier_Is_Transient" storage="c:\projects\groove\groove.domain.tests\bin\debug\groove.domain.tests.dll" id="d809f0ea-5025-ef8f-d0d6-d1e4843c4e76">
      <Execution timeOut="1800000" id="3e211b01-e778-44d2-a068-612f00fc1194" />
      <TestMethod codeBase="C:/Projects/Groove/Groove.Domain.Tests/bin/Debug/Groove.Domain.Tests.DLL" adapterTypeName="Microsoft.VisualStudio.TestTools.TestTypes.Unit.UnitTestAdapter, Microsoft.VisualStudio.QualityTools.Tips.UnitTest.Adapter, Version=10.0.0.0, Culture=neutral, PublicKeyToken=b03f5f7f11d50a3a" className="Groove.Domain.Tests.Entities.DomainEntityTests, Groove.Domain.Tests, Version=1.0.0.0, Culture=neutral, PublicKeyToken=c3b9e58c04c63546" name="DomainEntity_With_Default_Value_Identifier_Is_Transient" />
    </UnitTest>
    <UnitTest name="DomainEntity_Business_Signature_Does_Not_Change_When_Non_Signature_Property_Values_Change" storage="c:\projects\groove\groove.domain.tests\bin\debug\groove.domain.tests.dll" id="1920a1d9-6477-aad3-7eab-201430ae59ce">
      <Execution timeOut="1800000" id="8454adbe-14a1-4ca5-8379-644eeffec1e7" />
      <TestMethod codeBase="C:/Projects/Groove/Groove.Domain.Tests/bin/Debug/Groove.Domain.Tests.DLL" adapterTypeName="Microsoft.VisualStudio.TestTools.TestTypes.Unit.UnitTestAdapter, Microsoft.VisualStudio.QualityTools.Tips.UnitTest.Adapter, Version=10.0.0.0, Culture=neutral, PublicKeyToken=b03f5f7f11d50a3a" className="Groove.Domain.Tests.Entities.DomainEntityTests, Groove.Domain.Tests, Version=1.0.0.0, Culture=neutral, PublicKeyToken=c3b9e58c04c63546" name="DomainEntity_Business_Signature_Does_Not_Change_When_Non_Signature_Property_Values_Change" />
    </UnitTest>
    <UnitTest name="DomainEntities_Do_Not_Have_The_Same_Hashcode_If_They_Are_Not_Transient_And_Have_Different_Identifiers" storage="c:\projects\groove\groove.domain.tests\bin\debug\groove.domain.tests.dll" id="1a82b24e-27a4-4c87-67bc-d8e85d3c511d">
      <Execution timeOut="1800000" id="e6b16830-2668-41ae-aaee-8a075a25914c" />
      <TestMethod codeBase="C:/Projects/Groove/Groove.Domain.Tests/bin/Debug/Groove.Domain.Tests.DLL" adapterTypeName="Microsoft.VisualStudio.TestTools.TestTypes.Unit.UnitTestAdapter, Microsoft.VisualStudio.QualityTools.Tips.UnitTest.Adapter, Version=10.0.0.0, Culture=neutral, PublicKeyToken=b03f5f7f11d50a3a" className="Groove.Domain.Tests.Entities.DomainEntityTests, Groove.Domain.Tests, Version=1.0.0.0, Culture=neutral, PublicKeyToken=c3b9e58c04c63546" name="DomainEntities_Do_Not_Have_The_Same_Hashcode_If_They_Are_Not_Transient_And_Have_Different_Identifiers" />
    </UnitTest>
    <UnitTest name="DomainEntities_Do_Not_Have_The_Same_Hascode_If_They_Are_Not_Of_The_Same_Type_And_Transient" storage="c:\projects\groove\groove.domain.tests\bin\debug\groove.domain.tests.dll" id="d99bb741-bc79-c885-6784-0d8b8ce84b84">
      <Execution timeOut="1800000" id="b7f9122d-9c50-49b3-861f-597f29ee1226" />
      <TestMethod codeBase="C:/Projects/Groove/Groove.Domain.Tests/bin/Debug/Groove.Domain.Tests.DLL" adapterTypeName="Microsoft.VisualStudio.TestTools.TestTypes.Unit.UnitTestAdapter, Microsoft.VisualStudio.QualityTools.Tips.UnitTest.Adapter, Version=10.0.0.0, Culture=neutral, PublicKeyToken=b03f5f7f11d50a3a" className="Groove.Domain.Tests.Entities.DomainEntityTests, Groove.Domain.Tests, Version=1.0.0.0, Culture=neutral, PublicKeyToken=c3b9e58c04c63546" name="DomainEntities_Do_Not_Have_The_Same_Hascode_If_They_Are_Not_Of_The_Same_Type_And_Transient" />
    </UnitTest>
    <UnitTest name="DomainEntities_Have_The_Same_Hashcode_If_They_Are_Transient_And_Have_The_Same_Business_Signature" storage="c:\projects\groove\groove.domain.tests\bin\debug\groove.domain.tests.dll" id="0694b641-f0ee-240f-009b-db7e4c15e7cf">
      <Execution timeOut="1800000" id="fcc6ea5b-3bcc-4d77-a964-091f93fc3b1b" />
      <TestMethod codeBase="C:/Projects/Groove/Groove.Domain.Tests/bin/Debug/Groove.Domain.Tests.DLL" adapterTypeName="Microsoft.VisualStudio.TestTools.TestTypes.Unit.UnitTestAdapter, Microsoft.VisualStudio.QualityTools.Tips.UnitTest.Adapter, Version=10.0.0.0, Culture=neutral, PublicKeyToken=b03f5f7f11d50a3a" className="Groove.Domain.Tests.Entities.DomainEntityTests, Groove.Domain.Tests, Version=1.0.0.0, Culture=neutral, PublicKeyToken=c3b9e58c04c63546" name="DomainEntities_Have_The_Same_Hashcode_If_They_Are_Transient_And_Have_The_Same_Business_Signature" />
    </UnitTest>
    <UnitTest name="DomainEntity_Is_Initialised_With_Expected_Values" storage="c:\projects\groove\groove.domain.tests\bin\debug\groove.domain.tests.dll" id="bb1dc70f-d7e6-a67c-20d4-985035c8616c">
      <Execution timeOut="1800000" id="31037194-6cef-4c09-9260-20ad9994cfb4" />
      <TestMethod codeBase="C:/Projects/Groove/Groove.Domain.Tests/bin/Debug/Groove.Domain.Tests.DLL" adapterTypeName="Microsoft.VisualStudio.TestTools.TestTypes.Unit.UnitTestAdapter, Microsoft.VisualStudio.QualityTools.Tips.UnitTest.Adapter, Version=10.0.0.0, Culture=neutral, PublicKeyToken=b03f5f7f11d50a3a" className="Groove.Domain.Tests.Entities.DomainEntityTests, Groove.Domain.Tests, Version=1.0.0.0, Culture=neutral, PublicKeyToken=c3b9e58c04c63546" name="DomainEntity_Is_Initialised_With_Expected_Values" />
    </UnitTest>
    <UnitTest name="DomainEntities_Do_Not_Have_The_Same_Hascode_If_They_Are_Not_Of_The_Same_Type_Even_With_The_Same_Identifier" storage="c:\projects\groove\groove.domain.tests\bin\debug\groove.domain.tests.dll" id="18e72f22-afeb-7b66-938c-ae805a2e69c5">
      <Execution timeOut="1800000" id="4a0455b4-3641-4cb6-82e0-79b459409df8" />
      <TestMethod codeBase="C:/Projects/Groove/Groove.Domain.Tests/bin/Debug/Groove.Domain.Tests.DLL" adapterTypeName="Microsoft.VisualStudio.TestTools.TestTypes.Unit.UnitTestAdapter, Microsoft.VisualStudio.QualityTools.Tips.UnitTest.Adapter, Version=10.0.0.0, Culture=neutral, PublicKeyToken=b03f5f7f11d50a3a" className="Groove.Domain.Tests.Entities.DomainEntityTests, Groove.Domain.Tests, Version=1.0.0.0, Culture=neutral, PublicKeyToken=c3b9e58c04c63546" name="DomainEntities_Do_Not_Have_The_Same_Hascode_If_They_Are_Not_Of_The_Same_Type_Even_With_The_Same_Identifier" />
    </UnitTest>
    <UnitTest name="DomainEntity_With_Non_Default_Identifier_Is_Not_Transient" storage="c:\projects\groove\groove.domain.tests\bin\debug\groove.domain.tests.dll" id="c0d094d6-c4be-3efa-5c36-6df1d3e85b64">
      <Execution timeOut="1800000" id="fcdcb4d3-cb0a-4241-b490-44fcfb741343" />
      <TestMethod codeBase="C:/Projects/Groove/Groove.Domain.Tests/bin/Debug/Groove.Domain.Tests.DLL" adapterTypeName="Microsoft.VisualStudio.TestTools.TestTypes.Unit.UnitTestAdapter, Microsoft.VisualStudio.QualityTools.Tips.UnitTest.Adapter, Version=10.0.0.0, Culture=neutral, PublicKeyToken=b03f5f7f11d50a3a" className="Groove.Domain.Tests.Entities.DomainEntityTests, Groove.Domain.Tests, Version=1.0.0.0, Culture=neutral, PublicKeyToken=c3b9e58c04c63546" name="DomainEntity_With_Non_Default_Identifier_Is_Not_Transient" />
    </UnitTest>
    <UnitTest name="DomainEntity_Business_Signature_Changes_When_Signature_Property_Values_Change" storage="c:\projects\groove\groove.domain.tests\bin\debug\groove.domain.tests.dll" id="af2683a9-3214-b8ba-a000-9e5ed7aeaa58">
      <Execution timeOut="1800000" id="2ee00db7-a6d4-4b0f-b042-a200476c1c88" />
      <TestMethod codeBase="C:/Projects/Groove/Groove.Domain.Tests/bin/Debug/Groove.Domain.Tests.DLL" adapterTypeName="Microsoft.VisualStudio.TestTools.TestTypes.Unit.UnitTestAdapter, Microsoft.VisualStudio.QualityTools.Tips.UnitTest.Adapter, Version=10.0.0.0, Culture=neutral, PublicKeyToken=b03f5f7f11d50a3a" className="Groove.Domain.Tests.Entities.DomainEntityTests, Groove.Domain.Tests, Version=1.0.0.0, Culture=neutral, PublicKeyToken=c3b9e58c04c63546" name="DomainEntity_Business_Signature_Changes_When_Signature_Property_Values_Change" />
    </UnitTest>
    <UnitTest name="DomainEntities_Have_The_Same_Hashcode_If_They_Are_Not_Transient_And_Have_The_Same_Identifier" storage="c:\projects\groove\groove.domain.tests\bin\debug\groove.domain.tests.dll" id="067ca797-5077-a8bc-338c-8aeb6d44a0a4">
      <Execution timeOut="1800000" id="16880afa-8e3a-416c-b39c-f540a369af9b" />
      <TestMethod codeBase="C:/Projects/Groove/Groove.Domain.Tests/bin/Debug/Groove.Domain.Tests.DLL" adapterTypeName="Microsoft.VisualStudio.TestTools.TestTypes.Unit.UnitTestAdapter, Microsoft.VisualStudio.QualityTools.Tips.UnitTest.Adapter, Version=10.0.0.0, Culture=neutral, PublicKeyToken=b03f5f7f11d50a3a" className="Groove.Domain.Tests.Entities.DomainEntityTests, Groove.Domain.Tests, Version=1.0.0.0, Culture=neutral, PublicKeyToken=c3b9e58c04c63546" name="DomainEntities_Have_The_Same_Hashcode_If_They_Are_Not_Transient_And_Have_The_Same_Identifier" />
    </UnitTest>
    <UnitTest name="DomainEntity_Has_Expected_Business_Signature" storage="c:\projects\groove\groove.domain.tests\bin\debug\groove.domain.tests.dll" id="25b2840f-bb52-8179-e1cb-40b7d374cf61">
      <Execution timeOut="1800000" id="50f888c5-d5f6-4c7c-838c-a9b381979076" />
      <TestMethod codeBase="C:/Projects/Groove/Groove.Domain.Tests/bin/Debug/Groove.Domain.Tests.DLL" adapterTypeName="Microsoft.VisualStudio.TestTools.TestTypes.Unit.UnitTestAdapter, Microsoft.VisualStudio.QualityTools.Tips.UnitTest.Adapter, Version=10.0.0.0, Culture=neutral, PublicKeyToken=b03f5f7f11d50a3a" className="Groove.Domain.Tests.Entities.DomainEntityTests, Groove.Domain.Tests, Version=1.0.0.0, Culture=neutral, PublicKeyToken=c3b9e58c04c63546" name="DomainEntity_Has_Expected_Business_Signature" />
    </UnitTest>
    <UnitTest name="DomainEntities_Are_Equal_If_They_Are_Transient_And_Have_The_Same_Business_Signature" storage="c:\projects\groove\groove.domain.tests\bin\debug\groove.domain.tests.dll" id="77d05d12-7b29-f90d-62ca-e1cc1a7e8213">
      <Execution timeOut="1800000" id="88830244-0abc-48c2-a964-b42bf8234a28" />
      <TestMethod codeBase="C:/Projects/Groove/Groove.Domain.Tests/bin/Debug/Groove.Domain.Tests.DLL" adapterTypeName="Microsoft.VisualStudio.TestTools.TestTypes.Unit.UnitTestAdapter, Microsoft.VisualStudio.QualityTools.Tips.UnitTest.Adapter, Version=10.0.0.0, Culture=neutral, PublicKeyToken=b03f5f7f11d50a3a" className="Groove.Domain.Tests.Entities.DomainEntityTests, Groove.Domain.Tests, Version=1.0.0.0, Culture=neutral, PublicKeyToken=c3b9e58c04c63546" name="DomainEntities_Are_Equal_If_They_Are_Transient_And_Have_The_Same_Business_Signature" />
    </UnitTest>
    <UnitTest name="DomainEntities_Are_Not_Equal_If_They_Are_Not_Transient_And_Have_Different_Identifiers" storage="c:\projects\groove\groove.domain.tests\bin\debug\groove.domain.tests.dll" id="42b0c996-e6f9-d24f-102e-95ed93c426f4">
      <Execution timeOut="1800000" id="8d22373a-faec-460b-b940-fca9fba4fce4" />
      <TestMethod codeBase="C:/Projects/Groove/Groove.Domain.Tests/bin/Debug/Groove.Domain.Tests.DLL" adapterTypeName="Microsoft.VisualStudio.TestTools.TestTypes.Unit.UnitTestAdapter, Microsoft.VisualStudio.QualityTools.Tips.UnitTest.Adapter, Version=10.0.0.0, Culture=neutral, PublicKeyToken=b03f5f7f11d50a3a" className="Groove.Domain.Tests.Entities.DomainEntityTests, Groove.Domain.Tests, Version=1.0.0.0, Culture=neutral, PublicKeyToken=c3b9e58c04c63546" name="DomainEntities_Are_Not_Equal_If_They_Are_Not_Transient_And_Have_Different_Identifiers" />
    </UnitTest>
    <UnitTest name="DomainEntities_Are_Not_Equal_If_They_Are_Transient_And_Have_Different_Business_Signatures" storage="c:\projects\groove\groove.domain.tests\bin\debug\groove.domain.tests.dll" id="c2b1b347-cbd5-0f43-63fc-8f21d9818e51">
      <Execution timeOut="1800000" id="85de865d-80c5-4fb9-907e-f7ec3f25fe6f" />
      <TestMethod codeBase="C:/Projects/Groove/Groove.Domain.Tests/bin/Debug/Groove.Domain.Tests.DLL" adapterTypeName="Microsoft.VisualStudio.TestTools.TestTypes.Unit.UnitTestAdapter, Microsoft.VisualStudio.QualityTools.Tips.UnitTest.Adapter, Version=10.0.0.0, Culture=neutral, PublicKeyToken=b03f5f7f11d50a3a" className="Groove.Domain.Tests.Entities.DomainEntityTests, Groove.Domain.Tests, Version=1.0.0.0, Culture=neutral, PublicKeyToken=c3b9e58c04c63546" name="DomainEntities_Are_Not_Equal_If_They_Are_Transient_And_Have_Different_Business_Signatures" />
    </UnitTest>
  </TestDefinitions>
  <TestLists>
    <TestList name="Results Not in a List" id="8c84fa94-04c1-424b-9868-57a2d4851a1d" />
    <TestList name="All Loaded Results" id="19431567-8539-422a-85d7-44ee4e166bda" />
  </TestLists>
  <TestEntries>
    <TestEntry testId="bcec9410-4c5e-1846-6f3c-c94a1006e7d5" executionId="ded86b3e-fb9b-4ab5-9521-62f58b2236b7" testListId="8c84fa94-04c1-424b-9868-57a2d4851a1d" />
    <TestEntry testId="77d05d12-7b29-f90d-62ca-e1cc1a7e8213" executionId="88830244-0abc-48c2-a964-b42bf8234a28" testListId="8c84fa94-04c1-424b-9868-57a2d4851a1d" />
    <TestEntry testId="42b0c996-e6f9-d24f-102e-95ed93c426f4" executionId="8d22373a-faec-460b-b940-fca9fba4fce4" testListId="8c84fa94-04c1-424b-9868-57a2d4851a1d" />
    <TestEntry testId="c2b1b347-cbd5-0f43-63fc-8f21d9818e51" executionId="85de865d-80c5-4fb9-907e-f7ec3f25fe6f" testListId="8c84fa94-04c1-424b-9868-57a2d4851a1d" />
    <TestEntry testId="d99bb741-bc79-c885-6784-0d8b8ce84b84" executionId="b7f9122d-9c50-49b3-861f-597f29ee1226" testListId="8c84fa94-04c1-424b-9868-57a2d4851a1d" />
    <TestEntry testId="18e72f22-afeb-7b66-938c-ae805a2e69c5" executionId="4a0455b4-3641-4cb6-82e0-79b459409df8" testListId="8c84fa94-04c1-424b-9868-57a2d4851a1d" />
    <TestEntry testId="1a82b24e-27a4-4c87-67bc-d8e85d3c511d" executionId="e6b16830-2668-41ae-aaee-8a075a25914c" testListId="8c84fa94-04c1-424b-9868-57a2d4851a1d" />
    <TestEntry testId="a805cd9f-82c4-624e-baa8-7c5d0e09d109" executionId="421164ea-26f7-4720-8b5c-57739beb1df8" testListId="8c84fa94-04c1-424b-9868-57a2d4851a1d" />
    <TestEntry testId="067ca797-5077-a8bc-338c-8aeb6d44a0a4" executionId="16880afa-8e3a-416c-b39c-f540a369af9b" testListId="8c84fa94-04c1-424b-9868-57a2d4851a1d" />
    <TestEntry testId="0694b641-f0ee-240f-009b-db7e4c15e7cf" executionId="fcc6ea5b-3bcc-4d77-a964-091f93fc3b1b" testListId="8c84fa94-04c1-424b-9868-57a2d4851a1d" />
    <TestEntry testId="af2683a9-3214-b8ba-a000-9e5ed7aeaa58" executionId="2ee00db7-a6d4-4b0f-b042-a200476c1c88" testListId="8c84fa94-04c1-424b-9868-57a2d4851a1d" />
    <TestEntry testId="1920a1d9-6477-aad3-7eab-201430ae59ce" executionId="8454adbe-14a1-4ca5-8379-644eeffec1e7" testListId="8c84fa94-04c1-424b-9868-57a2d4851a1d" />
    <TestEntry testId="25b2840f-bb52-8179-e1cb-40b7d374cf61" executionId="50f888c5-d5f6-4c7c-838c-a9b381979076" testListId="8c84fa94-04c1-424b-9868-57a2d4851a1d" />
    <TestEntry testId="0a9e09dd-eac6-0095-add5-f1bbcdef9a2a" executionId="02c968c3-6e05-4a0b-969b-d5ca3f7a877e" testListId="8c84fa94-04c1-424b-9868-57a2d4851a1d" />
    <TestEntry testId="bb1dc70f-d7e6-a67c-20d4-985035c8616c" executionId="31037194-6cef-4c09-9260-20ad9994cfb4" testListId="8c84fa94-04c1-424b-9868-57a2d4851a1d" />
    <TestEntry testId="d809f0ea-5025-ef8f-d0d6-d1e4843c4e76" executionId="3e211b01-e778-44d2-a068-612f00fc1194" testListId="8c84fa94-04c1-424b-9868-57a2d4851a1d" />
    <TestEntry testId="c0d094d6-c4be-3efa-5c36-6df1d3e85b64" executionId="fcdcb4d3-cb0a-4241-b490-44fcfb741343" testListId="8c84fa94-04c1-424b-9868-57a2d4851a1d" />
  </TestEntries>
  <Results>
    <UnitTestResult executionId="ded86b3e-fb9b-4ab5-9521-62f58b2236b7" testId="bcec9410-4c5e-1846-6f3c-c94a1006e7d5" testName="DomainEntities_Are_Equal_If_They_Are_Not_Transient_And_Have_The_Same_Identifier" computerName="OPP-0351" duration="00:00:00.0183207" startTime="2010-06-30T13:05:08.9914840+01:00" endTime="2010-06-30T13:05:09.1008611+01:00" testType="13cdc9d9-ddb5-4fa4-a97d-d965ccfc6d4b" outcome="Passed" testListId="8c84fa94-04c1-424b-9868-57a2d4851a1d" relativeResultsDirectory="ded86b3e-fb9b-4ab5-9521-62f58b2236b7">
    </UnitTestResult>
    <UnitTestResult executionId="88830244-0abc-48c2-a964-b42bf8234a28" testId="77d05d12-7b29-f90d-62ca-e1cc1a7e8213" testName="DomainEntities_Are_Equal_If_They_Are_Transient_And_Have_The_Same_Business_Signature" computerName="OPP-0351" duration="00:00:00.0413080" startTime="2010-06-30T13:05:09.1321117+01:00" endTime="2010-06-30T13:05:09.1633623+01:00" testType="13cdc9d9-ddb5-4fa4-a97d-d965ccfc6d4b" outcome="Failed" testListId="8c84fa94-04c1-424b-9868-57a2d4851a1d" relativeResultsDirectory="88830244-0abc-48c2-a964-b42bf8234a28">
      <Output>
        <ErrorInfo>
          <Message>Assert.IsTrue failed. </Message>
          <StackTrace>   at Groove.Domain.Tests.Entities.DomainEntityTests.DomainEntities_Are_Equal_If_They_Are_Transient_And_Have_The_Same_Business_Signature() in C:\Projects\Groove\Groove.Domain.Tests\Entities\DomainEntityTests.cs:line 399
</StackTrace>
        </ErrorInfo>
      </Output>
    </UnitTestResult>
    <UnitTestResult executionId="8d22373a-faec-460b-b940-fca9fba4fce4" testId="42b0c996-e6f9-d24f-102e-95ed93c426f4" testName="DomainEntities_Are_Not_Equal_If_They_Are_Not_Transient_And_Have_Different_Identifiers" computerName="OPP-0351" duration="00:00:00.0008375" startTime="2010-06-30T13:05:09.1633623+01:00" endTime="2010-06-30T13:05:09.1633623+01:00" testType="13cdc9d9-ddb5-4fa4-a97d-d965ccfc6d4b" outcome="Passed" testListId="8c84fa94-04c1-424b-9868-57a2d4851a1d" relativeResultsDirectory="8d22373a-faec-460b-b940-fca9fba4fce4">
    </UnitTestResult>
    <UnitTestResult executionId="85de865d-80c5-4fb9-907e-f7ec3f25fe6f" testId="c2b1b347-cbd5-0f43-63fc-8f21d9818e51" testName="DomainEntities_Are_Not_Equal_If_They_Are_Transient_And_Have_Different_Business_Signatures" computerName="OPP-0351" duration="00:00:00.0011694" startTime="2010-06-30T13:05:09.1789876+01:00" endTime="2010-06-30T13:05:09.1789876+01:00" testType="13cdc9d9-ddb5-4fa4-a97d-d965ccfc6d4b" outcome="Passed" testListId="8c84fa94-04c1-424b-9868-57a2d4851a1d" relativeResultsDirectory="85de865d-80c5-4fb9-907e-f7ec3f25fe6f">
    </UnitTestResult>
    <UnitTestResult executionId="b7f9122d-9c50-49b3-861f-597f29ee1226" testId="d99bb741-bc79-c885-6784-0d8b8ce84b84" testName="DomainEntities_Do_Not_Have_The_Same_Hascode_If_They_Are_Not_Of_The_Same_Type_And_Transient" computerName="OPP-0351" duration="00:00:00.0135156" startTime="2010-06-30T13:05:09.1789876+01:00" endTime="2010-06-30T13:05:09.1946129+01:00" testType="13cdc9d9-ddb5-4fa4-a97d-d965ccfc6d4b" outcome="Passed" testListId="8c84fa94-04c1-424b-9868-57a2d4851a1d" relativeResultsDirectory="b7f9122d-9c50-49b3-861f-597f29ee1226">
    </UnitTestResult>
    <UnitTestResult executionId="4a0455b4-3641-4cb6-82e0-79b459409df8" testId="18e72f22-afeb-7b66-938c-ae805a2e69c5" testName="DomainEntities_Do_Not_Have_The_Same_Hascode_If_They_Are_Not_Of_The_Same_Type_Even_With_The_Same_Identifier" computerName="OPP-0351" duration="00:00:00.0009179" startTime="2010-06-30T13:05:09.1946129+01:00" endTime="2010-06-30T13:05:09.1946129+01:00" testType="13cdc9d9-ddb5-4fa4-a97d-d965ccfc6d4b" outcome="Passed" testListId="8c84fa94-04c1-424b-9868-57a2d4851a1d" relativeResultsDirectory="4a0455b4-3641-4cb6-82e0-79b459409df8">
    </UnitTestResult>
    <UnitTestResult executionId="e6b16830-2668-41ae-aaee-8a075a25914c" testId="1a82b24e-27a4-4c87-67bc-d8e85d3c511d" testName="DomainEntities_Do_Not_Have_The_Same_Hashcode_If_They_Are_Not_Transient_And_Have_Different_Identifiers" computerName="OPP-0351" duration="00:00:00.0004048" startTime="2010-06-30T13:05:09.1946129+01:00" endTime="2010-06-30T13:05:09.1946129+01:00" testType="13cdc9d9-ddb5-4fa4-a97d-d965ccfc6d4b" outcome="Passed" testListId="8c84fa94-04c1-424b-9868-57a2d4851a1d" relativeResultsDirectory="e6b16830-2668-41ae-aaee-8a075a25914c">
    </UnitTestResult>
    <UnitTestResult executionId="421164ea-26f7-4720-8b5c-57739beb1df8" testId="a805cd9f-82c4-624e-baa8-7c5d0e09d109" testName="DomainEntities_Do_Not_Have_The_Same_Hashcode_If_They_Are_Transient_And_Have_Different_Business_Signatures" computerName="OPP-0351" duration="00:00:00.0011367" startTime="2010-06-30T13:05:09.1946129+01:00" endTime="2010-06-30T13:05:09.1946129+01:00" testType="13cdc9d9-ddb5-4fa4-a97d-d965ccfc6d4b" outcome="Passed" testListId="8c84fa94-04c1-424b-9868-57a2d4851a1d" relativeResultsDirectory="421164ea-26f7-4720-8b5c-57739beb1df8">
    </UnitTestResult>
    <UnitTestResult executionId="16880afa-8e3a-416c-b39c-f540a369af9b" testId="067ca797-5077-a8bc-338c-8aeb6d44a0a4" testName="DomainEntities_Have_The_Same_Hashcode_If_They_Are_Not_Transient_And_Have_The_Same_Identifier" computerName="OPP-0351" duration="00:00:00.0003662" startTime="2010-06-30T13:05:09.1946129+01:00" endTime="2010-06-30T13:05:09.1946129+01:00" testType="13cdc9d9-ddb5-4fa4-a97d-d965ccfc6d4b" outcome="Passed" testListId="8c84fa94-04c1-424b-9868-57a2d4851a1d" relativeResultsDirectory="16880afa-8e3a-416c-b39c-f540a369af9b">
    </UnitTestResult>
    <UnitTestResult executionId="fcc6ea5b-3bcc-4d77-a964-091f93fc3b1b" testId="0694b641-f0ee-240f-009b-db7e4c15e7cf" testName="DomainEntities_Have_The_Same_Hashcode_If_They_Are_Transient_And_Have_The_Same_Business_Signature" computerName="OPP-0351" duration="00:00:00.0005386" startTime="2010-06-30T13:05:09.1946129+01:00" endTime="2010-06-30T13:05:09.1946129+01:00" testType="13cdc9d9-ddb5-4fa4-a97d-d965ccfc6d4b" outcome="Passed" testListId="8c84fa94-04c1-424b-9868-57a2d4851a1d" relativeResultsDirectory="fcc6ea5b-3bcc-4d77-a964-091f93fc3b1b">
    </UnitTestResult>
    <UnitTestResult executionId="2ee00db7-a6d4-4b0f-b042-a200476c1c88" testId="af2683a9-3214-b8ba-a000-9e5ed7aeaa58" testName="DomainEntity_Business_Signature_Changes_When_Signature_Property_Values_Change" computerName="OPP-0351" duration="00:00:00.0015471" startTime="2010-06-30T13:05:09.1946129+01:00" endTime="2010-06-30T13:05:09.1946129+01:00" testType="13cdc9d9-ddb5-4fa4-a97d-d965ccfc6d4b" outcome="Passed" testListId="8c84fa94-04c1-424b-9868-57a2d4851a1d" relativeResultsDirectory="2ee00db7-a6d4-4b0f-b042-a200476c1c88">
    </UnitTestResult>
    <UnitTestResult executionId="8454adbe-14a1-4ca5-8379-644eeffec1e7" testId="1920a1d9-6477-aad3-7eab-201430ae59ce" testName="DomainEntity_Business_Signature_Does_Not_Change_When_Non_Signature_Property_Values_Change" computerName="OPP-0351" duration="00:00:00.0206615" startTime="2010-06-30T13:05:09.2102382+01:00" endTime="2010-06-30T13:05:09.2258635+01:00" testType="13cdc9d9-ddb5-4fa4-a97d-d965ccfc6d4b" outcome="Passed" testListId="8c84fa94-04c1-424b-9868-57a2d4851a1d" relativeResultsDirectory="8454adbe-14a1-4ca5-8379-644eeffec1e7">
    </UnitTestResult>
    <UnitTestResult executionId="50f888c5-d5f6-4c7c-838c-a9b381979076" testId="25b2840f-bb52-8179-e1cb-40b7d374cf61" testName="DomainEntity_Has_Expected_Business_Signature" computerName="OPP-0351" duration="00:00:00.0003927" startTime="2010-06-30T13:05:09.2258635+01:00" endTime="2010-06-30T13:05:09.2258635+01:00" testType="13cdc9d9-ddb5-4fa4-a97d-d965ccfc6d4b" outcome="Passed" testListId="8c84fa94-04c1-424b-9868-57a2d4851a1d" relativeResultsDirectory="50f888c5-d5f6-4c7c-838c-a9b381979076">
    </UnitTestResult>
    <UnitTestResult executionId="02c968c3-6e05-4a0b-969b-d5ca3f7a877e" testId="0a9e09dd-eac6-0095-add5-f1bbcdef9a2a" testName="DomainEntity_Has_Expected_Business_Signature_Properties" computerName="OPP-0351" duration="00:00:00.0025966" startTime="2010-06-30T13:05:09.2258635+01:00" endTime="2010-06-30T13:05:09.2414888+01:00" testType="13cdc9d9-ddb5-4fa4-a97d-d965ccfc6d4b" outcome="Passed" testListId="8c84fa94-04c1-424b-9868-57a2d4851a1d" relativeResultsDirectory="02c968c3-6e05-4a0b-969b-d5ca3f7a877e">
    </UnitTestResult>
    <UnitTestResult executionId="31037194-6cef-4c09-9260-20ad9994cfb4" testId="bb1dc70f-d7e6-a67c-20d4-985035c8616c" testName="DomainEntity_Is_Initialised_With_Expected_Values" computerName="OPP-0351" duration="00:00:00.0006478" startTime="2010-06-30T13:05:09.2414888+01:00" endTime="2010-06-30T13:05:09.2414888+01:00" testType="13cdc9d9-ddb5-4fa4-a97d-d965ccfc6d4b" outcome="Passed" testListId="8c84fa94-04c1-424b-9868-57a2d4851a1d" relativeResultsDirectory="31037194-6cef-4c09-9260-20ad9994cfb4">
    </UnitTestResult>
    <UnitTestResult executionId="3e211b01-e778-44d2-a068-612f00fc1194" testId="d809f0ea-5025-ef8f-d0d6-d1e4843c4e76" testName="DomainEntity_With_Default_Value_Identifier_Is_Transient" computerName="OPP-0351" duration="00:00:00.0003880" startTime="2010-06-30T13:05:09.2414888+01:00" endTime="2010-06-30T13:05:09.2414888+01:00" testType="13cdc9d9-ddb5-4fa4-a97d-d965ccfc6d4b" outcome="Passed" testListId="8c84fa94-04c1-424b-9868-57a2d4851a1d" relativeResultsDirectory="3e211b01-e778-44d2-a068-612f00fc1194">
    </UnitTestResult>
    <UnitTestResult executionId="fcdcb4d3-cb0a-4241-b490-44fcfb741343" testId="c0d094d6-c4be-3efa-5c36-6df1d3e85b64" testName="DomainEntity_With_Non_Default_Identifier_Is_Not_Transient" computerName="OPP-0351" duration="00:00:00.0007933" startTime="2010-06-30T13:05:09.2414888+01:00" endTime="2010-06-30T13:05:09.2414888+01:00" testType="13cdc9d9-ddb5-4fa4-a97d-d965ccfc6d4b" outcome="Passed" testListId="8c84fa94-04c1-424b-9868-57a2d4851a1d" relativeResultsDirectory="fcdcb4d3-cb0a-4241-b490-44fcfb741343">
    </UnitTestResult>
  </Results>
</TestRun>