<?xml version="1.0" encoding="UTF-8"?>
<TestRun id="1a12d77c-cff5-4714-b0fa-c802a5055cd2" name="mark.yates@OPP-0351 2010-06-30 12:51:25" runUser="OPP-LINKS\mark.yates" xmlns="http://microsoft.com/schemas/VisualStudio/TeamTest/2010">
  <TestSettings name="Local" id="2b388358-6315-4145-a2b9-4d891e7ea305">
    <Description>These are default test settings for a local test run.</Description>
    <Deployment enabled="false" runDeploymentRoot="mark.yates_OPP-0351 2010-06-30 12_51_25" />
    <Execution>
      <TestTypeSpecific />
      <AgentRule name="Execution Agents">
      </AgentRule>
    </Execution>
  </TestSettings>
  <Times creation="2010-06-30T12:51:25.7413029+01:00" queuing="2010-06-30T12:51:26.0069330+01:00" start="2010-06-30T12:51:26.2256872+01:00" finish="2010-06-30T12:51:26.4444414+01:00" />
  <ResultSummary outcome="Completed">
    <Counters total="1" executed="1" passed="1" error="0" failed="0" timeout="0" aborted="0" inconclusive="0" passedButRunAborted="0" notRunnable="0" notExecuted="0" disconnected="0" warning="0" completed="0" inProgress="0" pending="0" />
  </ResultSummary>
  <TestDefinitions>
    <UnitTest name="DomainEntities_Do_Not_Have_The_Same_Hascode_If_They_Are_Not_Of_The_Same_Type_And_Transient" storage="c:\projects\groove\groove.domain.tests\bin\debug\groove.domain.tests.dll" id="d99bb741-bc79-c885-6784-0d8b8ce84b84">
      <Execution timeOut="1800000" id="50fe5897-c713-4c8c-930c-d4d1e27ed259" />
      <TestMethod codeBase="C:/Projects/Groove/Groove.Domain.Tests/bin/Debug/Groove.Domain.Tests.DLL" adapterTypeName="Microsoft.VisualStudio.TestTools.TestTypes.Unit.UnitTestAdapter, Microsoft.VisualStudio.QualityTools.Tips.UnitTest.Adapter, Version=10.0.0.0, Culture=neutral, PublicKeyToken=b03f5f7f11d50a3a" className="Groove.Domain.Tests.Entities.DomainEntityTests, Groove.Domain.Tests, Version=1.0.0.0, Culture=neutral, PublicKeyToken=c3b9e58c04c63546" name="DomainEntities_Do_Not_Have_The_Same_Hascode_If_They_Are_Not_Of_The_Same_Type_And_Transient" />
    </UnitTest>
  </TestDefinitions>
  <TestLists>
    <TestList name="Results Not in a List" id="8c84fa94-04c1-424b-9868-57a2d4851a1d" />
    <TestList name="All Loaded Results" id="19431567-8539-422a-85d7-44ee4e166bda" />
  </TestLists>
  <TestEntries>
    <TestEntry testId="d99bb741-bc79-c885-6784-0d8b8ce84b84" executionId="50fe5897-c713-4c8c-930c-d4d1e27ed259" testListId="8c84fa94-04c1-424b-9868-57a2d4851a1d" />
  </TestEntries>
  <Results>
    <UnitTestResult executionId="50fe5897-c713-4c8c-930c-d4d1e27ed259" testId="d99bb741-bc79-c885-6784-0d8b8ce84b84" testName="DomainEntities_Do_Not_Have_The_Same_Hascode_If_They_Are_Not_Of_The_Same_Type_And_Transient" computerName="OPP-0351" duration="00:00:00.0403176" startTime="2010-06-30T12:51:26.2569378+01:00" endTime="2010-06-30T12:51:26.3663149+01:00" testType="13cdc9d9-ddb5-4fa4-a97d-d965ccfc6d4b" outcome="Passed" testListId="8c84fa94-04c1-424b-9868-57a2d4851a1d" relativeResultsDirectory="50fe5897-c713-4c8c-930c-d4d1e27ed259">
    </UnitTestResult>
  </Results>
</TestRun>