<?xml version="1.0" encoding="UTF-8"?>
<TestRun id="fcbc9f3f-52f0-4e77-80a9-6702a0cbde81" name="mark.yates@OPP-0351 2010-06-30 13:40:46" runUser="OPP-LINKS\mark.yates" xmlns="http://microsoft.com/schemas/VisualStudio/TeamTest/2010">
  <TestSettings name="Local" id="2b388358-6315-4145-a2b9-4d891e7ea305">
    <Description>These are default test settings for a local test run.</Description>
    <Deployment enabled="false" runDeploymentRoot="mark.yates_OPP-0351 2010-06-30 13_40_46" />
    <Execution>
      <TestTypeSpecific />
      <AgentRule name="Execution Agents">
      </AgentRule>
    </Execution>
  </TestSettings>
  <Times creation="2010-06-30T13:40:46.9856577+01:00" queuing="2010-06-30T13:40:47.2825384+01:00" start="2010-06-30T13:40:47.5325432+01:00" finish="2010-06-30T13:40:47.8450492+01:00" />
  <ResultSummary outcome="Failed">
    <Counters total="1" executed="1" error="0" failed="1" timeout="0" aborted="0" inconclusive="0" passedButRunAborted="0" notRunnable="0" notExecuted="0" disconnected="0" warning="0" passed="0" completed="0" inProgress="0" pending="0" />
  </ResultSummary>
  <TestDefinitions>
    <UnitTest name="DomainEntities_Are_Not_Equal_If_They_Are_Not_Of_The_Same_Type_And_Transient" storage="c:\projects\groove\groove.domain.tests\bin\debug\groove.domain.tests.dll" id="5fc1b7c1-0c23-4851-a1af-618081364146">
      <Execution timeOut="1800000" id="5661bcc8-7f8b-405b-8eb9-c559d293cb37" />
      <TestMethod codeBase="C:/Projects/Groove/Groove.Domain.Tests/bin/Debug/Groove.Domain.Tests.DLL" adapterTypeName="Microsoft.VisualStudio.TestTools.TestTypes.Unit.UnitTestAdapter, Microsoft.VisualStudio.QualityTools.Tips.UnitTest.Adapter, Version=10.0.0.0, Culture=neutral, PublicKeyToken=b03f5f7f11d50a3a" className="Groove.Domain.Tests.Entities.DomainEntityTests, Groove.Domain.Tests, Version=1.0.0.0, Culture=neutral, PublicKeyToken=c3b9e58c04c63546" name="DomainEntities_Are_Not_Equal_If_They_Are_Not_Of_The_Same_Type_And_Transient" />
    </UnitTest>
  </TestDefinitions>
  <TestLists>
    <TestList name="Results Not in a List" id="8c84fa94-04c1-424b-9868-57a2d4851a1d" />
    <TestList name="All Loaded Results" id="19431567-8539-422a-85d7-44ee4e166bda" />
  </TestLists>
  <TestEntries>
    <TestEntry testId="5fc1b7c1-0c23-4851-a1af-618081364146" executionId="5661bcc8-7f8b-405b-8eb9-c559d293cb37" testListId="8c84fa94-04c1-424b-9868-57a2d4851a1d" />
  </TestEntries>
  <Results>
    <UnitTestResult executionId="5661bcc8-7f8b-405b-8eb9-c559d293cb37" testId="5fc1b7c1-0c23-4851-a1af-618081364146" testName="DomainEntities_Are_Not_Equal_If_They_Are_Not_Of_The_Same_Type_And_Transient" computerName="OPP-0351" duration="00:00:00.1429776" startTime="2010-06-30T13:40:47.5325432+01:00" endTime="2010-06-30T13:40:47.7512974+01:00" testType="13cdc9d9-ddb5-4fa4-a97d-d965ccfc6d4b" outcome="Failed" testListId="8c84fa94-04c1-424b-9868-57a2d4851a1d" relativeResultsDirectory="5661bcc8-7f8b-405b-8eb9-c559d293cb37">
      <Output>
        <ErrorInfo>
          <Message>Test method Groove.Domain.Tests.Entities.DomainEntityTests.DomainEntities_Are_Not_Equal_If_They_Are_Not_Of_The_Same_Type_And_Transient threw exception: 
System.Reflection.TargetException: Object does not match target type.</Message>
          <StackTrace>    at System.Reflection.RuntimeMethodInfo.CheckConsistency(Object target)
   at System.Reflection.RuntimeMethodInfo.Invoke(Object obj, BindingFlags invokeAttr, Binder binder, Object[] parameters, CultureInfo culture, Boolean skipVisibilityChecks)
   at System.Reflection.RuntimeMethodInfo.Invoke(Object obj, BindingFlags invokeAttr, Binder binder, Object[] parameters, CultureInfo culture)
   at System.Reflection.RuntimePropertyInfo.GetValue(Object obj, BindingFlags invokeAttr, Binder binder, Object[] index, CultureInfo culture)
   at System.Reflection.RuntimePropertyInfo.GetValue(Object obj, Object[] index)
   at Groove.Domain.Entities.DomainEntity`1.&lt;&gt;c__DisplayClassa.&lt;HasSameBusinessSignatureAs&gt;b__3(&lt;&gt;f__AnonymousType0`2 &lt;&gt;h__TransparentIdentifier0) in C:\Projects\Groove\Groove.Domain\Entities\DomainEntity.cs:line 125
   at System.Linq.Enumerable.&lt;&gt;c__DisplayClass12`3.&lt;CombineSelectors&gt;b__11(TSource x)
   at System.Linq.Enumerable.WhereSelectArrayIterator`2.MoveNext()
   at System.Linq.Enumerable.WhereSelectEnumerableIterator`2.MoveNext()
   at System.Linq.Enumerable.Any[TSource](IEnumerable`1 source)
   at Groove.Domain.Entities.DomainEntity`1.HasSameBusinessSignatureAs(DomainEntity`1 compareTo) in C:\Projects\Groove\Groove.Domain\Entities\DomainEntity.cs:line 123
   at Groove.Domain.Entities.DomainEntity`1.Equals(Object obj) in C:\Projects\Groove\Groove.Domain\Entities\DomainEntity.cs:line 277
   at Groove.Domain.Tests.Entities.DomainEntityTests.DomainEntities_Are_Not_Equal_If_They_Are_Not_Of_The_Same_Type_And_Transient() in C:\Projects\Groove\Groove.Domain.Tests\Entities\DomainEntityTests.cs:line 489
</StackTrace>
        </ErrorInfo>
      </Output>
    </UnitTestResult>
  </Results>
</TestRun>