<?xml version="1.0" encoding="UTF-8"?>
<TestRun id="011c8d19-8734-4d1f-b63e-f0b940746fc0" name="mark.yates@OPP-0351 2010-06-30 12:27:50" runUser="OPP-LINKS\mark.yates" xmlns="http://microsoft.com/schemas/VisualStudio/TeamTest/2010">
  <TestSettings name="Local" id="2b388358-6315-4145-a2b9-4d891e7ea305">
    <Description>These are default test settings for a local test run.</Description>
    <Deployment enabled="false" runDeploymentRoot="mark.yates_OPP-0351 2010-06-30 12_27_50" />
    <Execution>
      <TestTypeSpecific />
      <AgentRule name="Execution Agents">
      </AgentRule>
    </Execution>
  </TestSettings>
  <Times creation="2010-06-30T12:27:50.8492596+01:00" queuing="2010-06-30T12:27:51.1305582+01:00" start="2010-06-30T12:27:51.3649737+01:00" finish="2010-06-30T12:27:51.5681338+01:00" />
  <ResultSummary outcome="Completed">
    <Counters total="1" executed="1" passed="1" error="0" failed="0" timeout="0" aborted="0" inconclusive="0" passedButRunAborted="0" notRunnable="0" notExecuted="0" disconnected="0" warning="0" completed="0" inProgress="0" pending="0" />
  </ResultSummary>
  <TestDefinitions>
    <UnitTest name="DomainEntity_Business_Signature_Does_Not_Change_When_Non_Signature_Property_Values_Change" storage="c:\projects\groove\groove.domain.tests\bin\debug\groove.domain.tests.dll" id="1920a1d9-6477-aad3-7eab-201430ae59ce">
      <Execution timeOut="1800000" id="d26c12a7-f2c2-4fdc-a5e4-88e5754babc6" />
      <TestMethod codeBase="C:/Projects/Groove/Groove.Domain.Tests/bin/Debug/Groove.Domain.Tests.DLL" adapterTypeName="Microsoft.VisualStudio.TestTools.TestTypes.Unit.UnitTestAdapter, Microsoft.VisualStudio.QualityTools.Tips.UnitTest.Adapter, Version=10.0.0.0, Culture=neutral, PublicKeyToken=b03f5f7f11d50a3a" className="Groove.Domain.Tests.Entities.DomainEntityTests, Groove.Domain.Tests, Version=1.0.0.0, Culture=neutral, PublicKeyToken=c3b9e58c04c63546" name="DomainEntity_Business_Signature_Does_Not_Change_When_Non_Signature_Property_Values_Change" />
    </UnitTest>
  </TestDefinitions>
  <TestLists>
    <TestList name="Results Not in a List" id="8c84fa94-04c1-424b-9868-57a2d4851a1d" />
    <TestList name="All Loaded Results" id="19431567-8539-422a-85d7-44ee4e166bda" />
  </TestLists>
  <TestEntries>
    <TestEntry testId="1920a1d9-6477-aad3-7eab-201430ae59ce" executionId="d26c12a7-f2c2-4fdc-a5e4-88e5754babc6" testListId="8c84fa94-04c1-424b-9868-57a2d4851a1d" />
  </TestEntries>
  <Results>
    <UnitTestResult executionId="d26c12a7-f2c2-4fdc-a5e4-88e5754babc6" testId="1920a1d9-6477-aad3-7eab-201430ae59ce" testName="DomainEntity_Business_Signature_Does_Not_Change_When_Non_Signature_Property_Values_Change" computerName="OPP-0351" duration="00:00:00.0302222" startTime="2010-06-30T12:27:51.3962291+01:00" endTime="2010-06-30T12:27:51.5056230+01:00" testType="13cdc9d9-ddb5-4fa4-a97d-d965ccfc6d4b" outcome="Passed" testListId="8c84fa94-04c1-424b-9868-57a2d4851a1d" relativeResultsDirectory="d26c12a7-f2c2-4fdc-a5e4-88e5754babc6">
    </UnitTestResult>
  </Results>
</TestRun>