<?xml version="1.0" encoding="UTF-8"?>
<TestRun id="b510b002-1b8e-435e-97b3-78e3202979f0" name="mark.yates@OPP-0351 2010-06-30 13:01:34" runUser="OPP-LINKS\mark.yates" xmlns="http://microsoft.com/schemas/VisualStudio/TeamTest/2010">
  <TestSettings name="Local" id="2b388358-6315-4145-a2b9-4d891e7ea305">
    <Description>These are default test settings for a local test run.</Description>
    <Deployment enabled="false" runDeploymentRoot="mark.yates_OPP-0351 2010-06-30 13_01_34" />
    <Execution>
      <TestTypeSpecific />
      <AgentRule name="Execution Agents">
      </AgentRule>
    </Execution>
  </TestSettings>
  <Times creation="2010-06-30T13:01:34.7686210+01:00" queuing="2010-06-30T13:01:35.0498764+01:00" start="2010-06-30T13:01:35.3155065+01:00" finish="2010-06-30T13:01:35.5186354+01:00" />
  <ResultSummary outcome="Completed">
    <Counters total="1" executed="1" passed="1" error="0" failed="0" timeout="0" aborted="0" inconclusive="0" passedButRunAborted="0" notRunnable="0" notExecuted="0" disconnected="0" warning="0" completed="0" inProgress="0" pending="0" />
  </ResultSummary>
  <TestDefinitions>
    <UnitTest name="DomainEntities_Are_Not_Equal_If_They_Are_Not_Transient_And_Have_Different_Identifiers" storage="c:\projects\groove\groove.domain.tests\bin\debug\groove.domain.tests.dll" id="42b0c996-e6f9-d24f-102e-95ed93c426f4">
      <Execution timeOut="1800000" id="5464325b-6ab8-48f9-b37d-54769d479403" />
      <TestMethod codeBase="C:/Projects/Groove/Groove.Domain.Tests/bin/Debug/Groove.Domain.Tests.DLL" adapterTypeName="Microsoft.VisualStudio.TestTools.TestTypes.Unit.UnitTestAdapter, Microsoft.VisualStudio.QualityTools.Tips.UnitTest.Adapter, Version=10.0.0.0, Culture=neutral, PublicKeyToken=b03f5f7f11d50a3a" className="Groove.Domain.Tests.Entities.DomainEntityTests, Groove.Domain.Tests, Version=1.0.0.0, Culture=neutral, PublicKeyToken=c3b9e58c04c63546" name="DomainEntities_Are_Not_Equal_If_They_Are_Not_Transient_And_Have_Different_Identifiers" />
    </UnitTest>
  </TestDefinitions>
  <TestLists>
    <TestList name="Results Not in a List" id="8c84fa94-04c1-424b-9868-57a2d4851a1d" />
    <TestList name="All Loaded Results" id="19431567-8539-422a-85d7-44ee4e166bda" />
  </TestLists>
  <TestEntries>
    <TestEntry testId="42b0c996-e6f9-d24f-102e-95ed93c426f4" executionId="5464325b-6ab8-48f9-b37d-54769d479403" testListId="8c84fa94-04c1-424b-9868-57a2d4851a1d" />
  </TestEntries>
  <Results>
    <UnitTestResult executionId="5464325b-6ab8-48f9-b37d-54769d479403" testId="42b0c996-e6f9-d24f-102e-95ed93c426f4" testName="DomainEntities_Are_Not_Equal_If_They_Are_Not_Transient_And_Have_Different_Identifiers" computerName="OPP-0351" duration="00:00:00.0185090" startTime="2010-06-30T13:01:35.3467571+01:00" endTime="2010-06-30T13:01:35.4248836+01:00" testType="13cdc9d9-ddb5-4fa4-a97d-d965ccfc6d4b" outcome="Passed" testListId="8c84fa94-04c1-424b-9868-57a2d4851a1d" relativeResultsDirectory="5464325b-6ab8-48f9-b37d-54769d479403">
    </UnitTestResult>
  </Results>
</TestRun>